profile100sync site1-region1-stratum-adm-0 w.site1region1.1003.0 5/1/4 L:[E60                     ] F:[AC8,398,000,730         ]
profile100sync site1-region1-stratum-adm-0 w.site1region1.1003.1 5/2/3 L:[39C,004                 ] F:[ACC,F18,734             ]
profile100sync site1-region1-stratum-adm-0 w.site1region1.1003.2 5/1/4 L:[008                     ] F:[738,FD0,3A0,AD0         ]
profile100sync site1-region1-stratum-adm-0 w.site1region1.1003.3 4/4/0 L:[73C,3A4,00C,AD4         ] F:[                        ]
profile100sync site1-region1-stratum-adm-0 w.site1region1.1003.4 4/2/2 L:[AD8,3A8                 ] F:[010,740                 ]
profile100sync site1-region1-stratum-adm-1 w.site1region1.1009.0 5/3/2 L:[ADC,014,744             ] F:[3AC,E64                 ]
profile100sync site1-region1-stratum-adm-1 w.site1region1.1009.1 5/2/3 L:[018,3B0                 ] F:[748,F1C,AE0             ]
profile100sync site1-region1-stratum-adm-1 w.site1region1.1009.2 5/2/3 L:[74C,AE4                 ] F:[01C,FD4,3B4             ]
profile100sync site1-region1-stratum-adm-1 w.site1region1.1009.3 4/2/2 L:[AE8,020                 ] F:[3B8,750                 ]
profile100sync site1-region1-stratum-adm-1 w.site1region1.1009.4 4/2/2 L:[024,3BC                 ] F:[AEC,754                 ]
profile100sync site1-region2-stratum-adm-1 w.site1region2.1010.0 5/4/1 L:[AC8,398,000,730         ] F:[E60                     ]
profile100sync site1-region2-stratum-adm-1 w.site1region2.1010.1 5/3/2 L:[ACC,F18,734             ] F:[39C,004                 ]
profile100sync site1-region2-stratum-adm-1 w.site1region2.1010.2 5/4/1 L:[738,FD0,3A0,AD0         ] F:[008                     ]
profile100sync site1-region2-stratum-adm-1 w.site1region2.1010.3 4/0/4 L:[                        ] F:[73C,3A4,00C,AD4         ]
profile100sync site1-region2-stratum-adm-1 w.site1region2.1010.4 4/2/2 L:[010,740                 ] F:[AD8,3A8                 ]
profile100sync site1-region2-stratum-adm-0 w.site1region2.1012.0 5/2/3 L:[3AC,E64                 ] F:[ADC,014,744             ]
profile100sync site1-region2-stratum-adm-0 w.site1region2.1012.1 5/3/2 L:[748,F1C,AE0             ] F:[018,3B0                 ]
profile100sync site1-region2-stratum-adm-0 w.site1region2.1012.2 5/3/2 L:[01C,FD4,3B4             ] F:[74C,AE4                 ]
profile100sync site1-region2-stratum-adm-0 w.site1region2.1012.3 4/2/2 L:[3B8,750                 ] F:[AE8,020                 ]
profile100sync site1-region2-stratum-adm-0 w.site1region2.1012.4 4/2/2 L:[AEC,754                 ] F:[024,3BC                 ]
profile100sync site1-region1-stratum-adm-2 w.site1region1.1015.0 5/2/3 L:[E68,3C0                 ] F:[758,028,AF0             ]
profile100sync site1-region1-stratum-adm-2 w.site1region1.1015.1 5/2/3 L:[AF4,3C4                 ] F:[02C,F20,75C             ]
profile100sync site1-region1-stratum-adm-2 w.site1region1.1015.2 5/0/5 L:[                        ] F:[FD8,3C8,030,AF8,760     ]
profile100sync site1-region1-stratum-adm-2 w.site1region1.1015.3 4/1/3 L:[AFC                     ] F:[3CC,034,764             ]
profile100sync site1-region1-stratum-adm-2 w.site1region1.1015.4 4/2/2 L:[768,3D0                 ] F:[038,B00                 ]
profile100sync site1-region1-stratum-adm-3 w.site1region1.1017.0 5/2/3 L:[76C,B04                 ] F:[E6C,03C,3D4             ]
profile100sync site1-region1-stratum-adm-3 w.site1region1.1017.1 5/2/3 L:[B08,040                 ] F:[F24,3D8,770             ]
profile100sync site1-region1-stratum-adm-3 w.site1region1.1017.2 5/3/2 L:[FDC,044,B0C             ] F:[3DC,774                 ]
profile100sync site1-region1-stratum-adm-3 w.site1region1.1017.3 4/4/0 L:[778,048,3E0,B10         ] F:[                        ]
profile100sync site1-region1-stratum-adm-3 w.site1region1.1017.4 4/3/1 L:[04C,3E4,B14             ] F:[77C                     ]
profile100sync site1-region2-stratum-adm-3 w.site1region2.1023.0 5/3/2 L:[758,028,AF0             ] F:[E68,3C0                 ]
profile100sync site1-region2-stratum-adm-3 w.site1region2.1023.1 5/3/2 L:[02C,F20,75C             ] F:[AF4,3C4                 ]
profile100sync site1-region2-stratum-adm-3 w.site1region2.1023.2 5/5/0 L:[FD8,3C8,030,AF8,760     ] F:[                        ]
profile100sync site1-region2-stratum-adm-3 w.site1region2.1023.3 4/3/1 L:[3CC,034,764             ] F:[AFC                     ]
profile100sync site1-region2-stratum-adm-3 w.site1region2.1023.4 4/2/2 L:[038,B00                 ] F:[768,3D0                 ]
profile100sync site1-region2-stratum-adm-2 w.site1region2.1027.0 5/3/2 L:[E6C,03C,3D4             ] F:[76C,B04                 ]
profile100sync site1-region2-stratum-adm-2 w.site1region2.1027.1 5/3/2 L:[F24,3D8,770             ] F:[B08,040                 ]
profile100sync site1-region2-stratum-adm-2 w.site1region2.1027.2 5/2/3 L:[3DC,774                 ] F:[FDC,044,B0C             ]
profile100sync site1-region2-stratum-adm-2 w.site1region2.1027.3 4/0/4 L:[                        ] F:[778,048,3E0,B10         ]
profile100sync site1-region2-stratum-adm-2 w.site1region2.1027.4 4/1/3 L:[77C                     ] F:[04C,3E4,B14             ]
profile100sync site1-region2-stratum-adm-4 w.site1region2.1028.0 5/5/0 L:[B18,3E8,E70,050,780     ] F:[                        ]
profile100sync site1-region2-stratum-adm-4 w.site1region2.1028.1 5/0/5 L:[                        ] F:[3EC,F28,054,B1C,784     ]
profile100sync site1-region2-stratum-adm-4 w.site1region2.1028.2 5/3/2 L:[788,FE0,3F0             ] F:[058,B20                 ]
profile100sync site1-region2-stratum-adm-4 w.site1region2.1028.3 4/1/3 L:[05C                     ] F:[78C,3F4,B24             ]
profile100sync site1-region2-stratum-adm-4 w.site1region2.1028.4 4/1/3 L:[060                     ] F:[B28,3F8,790             ]
profile100sync site1-region1-stratum-adm-4 w.site1region1.1030.0 5/0/5 L:[                        ] F:[B18,3E8,E70,050,780     ]
profile100sync site1-region1-stratum-adm-4 w.site1region1.1030.1 5/5/0 L:[3EC,F28,054,B1C,784     ] F:[                        ]
profile100sync site1-region1-stratum-adm-4 w.site1region1.1030.2 5/2/3 L:[058,B20                 ] F:[788,FE0,3F0             ]
profile100sync site1-region1-stratum-adm-4 w.site1region1.1030.3 4/3/1 L:[78C,3F4,B24             ] F:[05C                     ]
profile100sync site1-region1-stratum-adm-4 w.site1region1.1030.4 4/3/1 L:[B28,3F8,790             ] F:[060                     ]
profile100sync site1-region1-stratum-adm-5 w.site1region1.1032.0 5/2/3 L:[E74,064                 ] F:[B2C,3FC,794             ]
profile100sync site1-region1-stratum-adm-5 w.site1region1.1032.1 5/3/2 L:[F2C,798,400             ] F:[068,B30                 ]
profile100sync site1-region1-stratum-adm-5 w.site1region1.1032.2 5/2/3 L:[FE4,404                 ] F:[79C,06C,B34             ]
profile100sync site1-region1-stratum-adm-5 w.site1region1.1032.3 4/4/0 L:[B38,070,408,7A0         ] F:[                        ]
profile100sync site1-region1-stratum-adm-5 w.site1region1.1032.4 4/4/0 L:[B3C,40C,074,7A4         ] F:[                        ]
profile100sync site1-region2-stratum-adm-5 w.site1region2.1036.0 5/3/2 L:[B2C,3FC,794             ] F:[E74,064                 ]
profile100sync site1-region2-stratum-adm-5 w.site1region2.1036.1 5/2/3 L:[068,B30                 ] F:[F2C,798,400             ]
profile100sync site1-region2-stratum-adm-5 w.site1region2.1036.2 5/3/2 L:[79C,06C,B34             ] F:[FE4,404                 ]
profile100sync site1-region2-stratum-adm-5 w.site1region2.1036.3 4/0/4 L:[                        ] F:[B38,070,408,7A0         ]
profile100sync site1-region2-stratum-adm-5 w.site1region2.1036.4 4/0/4 L:[                        ] F:[B3C,40C,074,7A4         ]
profile100sync site1-region1-stratum-adm-6 w.site1region1.1040.0 5/1/4 L:[E78                     ] F:[7A8,078,410,B40         ]
profile100sync site1-region1-stratum-adm-6 w.site1region1.1040.1 5/1/4 L:[414                     ] F:[07C,7AC,F30,B44         ]
profile100sync site1-region1-stratum-adm-6 w.site1region1.1040.2 5/3/2 L:[418,B48,7B0             ] F:[080,FE8                 ]
profile100sync site1-region1-stratum-adm-6 w.site1region1.1040.3 4/2/2 L:[B4C,7B4                 ] F:[41C,084                 ]
profile100sync site1-region1-stratum-adm-6 w.site1region1.1040.4 4/3/1 L:[088,420,B50             ] F:[7B8                     ]
profile100sync site1-region2-stratum-adm-6 w.site1region2.1042.0 5/4/1 L:[7A8,078,410,B40         ] F:[E78                     ]
profile100sync site1-region2-stratum-adm-6 w.site1region2.1042.1 5/4/1 L:[07C,7AC,F30,B44         ] F:[414                     ]
profile100sync site1-region2-stratum-adm-6 w.site1region2.1042.2 5/2/3 L:[080,FE8                 ] F:[418,B48,7B0             ]
profile100sync site1-region2-stratum-adm-6 w.site1region2.1042.3 4/2/2 L:[41C,084                 ] F:[B4C,7B4                 ]
profile100sync site1-region2-stratum-adm-6 w.site1region2.1042.4 4/1/3 L:[7B8                     ] F:[088,420,B50             ]
profile100sync site1-region1-stratum-adm-7 w.site1region1.1044.0 5/2/3 L:[E7C,08C                 ] F:[7BC,424,B54             ]
profile100sync site1-region1-stratum-adm-7 w.site1region1.1044.1 5/4/1 L:[B58,428,F34,090         ] F:[7C0                     ]
profile100sync site1-region1-stratum-adm-7 w.site1region1.1044.2 5/2/3 L:[42C,094                 ] F:[FEC,B5C,7C4             ]
profile100sync site1-region1-stratum-adm-7 w.site1region1.1044.3 4/2/2 L:[7C8,430                 ] F:[098,B60                 ]
profile100sync site1-region1-stratum-adm-7 w.site1region1.1044.4 4/3/1 L:[7CC,09C,B64             ] F:[434                     ]
profile100sync site1-region2-stratum-adm-7 w.site1region2.1050.0 5/3/2 L:[7BC,424,B54             ] F:[E7C,08C                 ]
profile100sync site1-region2-stratum-adm-7 w.site1region2.1050.1 5/1/4 L:[7C0                     ] F:[B58,428,F34,090         ]
profile100sync site1-region2-stratum-adm-7 w.site1region2.1050.2 5/3/2 L:[FEC,B5C,7C4             ] F:[42C,094                 ]
profile100sync site1-region2-stratum-adm-7 w.site1region2.1050.3 4/2/2 L:[098,B60                 ] F:[7C8,430                 ]
profile100sync site1-region2-stratum-adm-7 w.site1region2.1050.4 4/1/3 L:[434                     ] F:[7CC,09C,B64             ]
profile100sync site1-region1-stratum-adm-8 w.site1region1.1052.0 5/2/3 L:[E80,0A0                 ] F:[438,B68,7D0             ]
profile100sync site1-region1-stratum-adm-8 w.site1region1.1052.1 5/3/2 L:[B6C,F38,0A4             ] F:[43C,7D4                 ]
profile100sync site1-region1-stratum-adm-8 w.site1region1.1052.2 5/3/2 L:[0A8,FF0,B70             ] F:[440,7D8                 ]
profile100sync site1-region1-stratum-adm-8 w.site1region1.1052.3 4/4/0 L:[7DC,0AC,444,B74         ] F:[                        ]
profile100sync site1-region1-stratum-adm-8 w.site1region1.1052.4 4/1/3 L:[448                     ] F:[0B0,B78,7E0             ]
profile100sync site1-region2-stratum-adm-10 w.site1region2.1057.0 5/3/2 L:[438,B68,7D0             ] F:[E80,0A0                 ]
profile100sync site1-region2-stratum-adm-10 w.site1region2.1057.1 5/2/3 L:[43C,7D4                 ] F:[B6C,F38,0A4             ]
profile100sync site1-region2-stratum-adm-10 w.site1region2.1057.2 5/2/3 L:[440,7D8                 ] F:[0A8,FF0,B70             ]
profile100sync site1-region2-stratum-adm-10 w.site1region2.1057.3 4/0/4 L:[                        ] F:[7DC,0AC,444,B74         ]
profile100sync site1-region2-stratum-adm-10 w.site1region2.1057.4 4/3/1 L:[0B0,B78,7E0             ] F:[448                     ]
profile100sync site1-region2-stratum-adm-8 w.site1region2.1059.0 5/3/2 L:[B7C,0B4,7E4             ] F:[44C,E84                 ]
profile100sync site1-region2-stratum-adm-8 w.site1region2.1059.1 5/1/4 L:[B80                     ] F:[F3C,7E8,0B8,450         ]
profile100sync site1-region2-stratum-adm-8 w.site1region2.1059.2 5/3/2 L:[7EC,0BC,454             ] F:[FF4,B84                 ]
profile100sync site1-region2-stratum-adm-8 w.site1region2.1059.3 4/2/2 L:[458,0C0                 ] F:[B88,7F0                 ]
profile100sync site1-region2-stratum-adm-8 w.site1region2.1059.4 4/3/1 L:[B8C,0C4,7F4             ] F:[45C                     ]
profile100sync site1-region1-stratum-adm-14 w.site1region1.1060.0 5/2/3 L:[44C,E84                 ] F:[B7C,0B4,7E4             ]
profile100sync site1-region1-stratum-adm-14 w.site1region1.1060.1 5/4/1 L:[F3C,7E8,0B8,450         ] F:[B80                     ]
profile100sync site1-region1-stratum-adm-14 w.site1region1.1060.2 5/2/3 L:[FF4,B84                 ] F:[7EC,0BC,454             ]
profile100sync site1-region1-stratum-adm-14 w.site1region1.1060.3 4/2/2 L:[B88,7F0                 ] F:[458,0C0                 ]
profile100sync site1-region1-stratum-adm-14 w.site1region1.1060.4 4/1/3 L:[45C                     ] F:[B8C,0C4,7F4             ]
profile100sync site1-region1-stratum-adm-21 w.site1region1.1066.0 5/3/2 L:[E88,460,B90             ] F:[7F8,0C8                 ]
profile100sync site1-region1-stratum-adm-21 w.site1region1.1066.1 5/3/2 L:[0CC,B94,F40             ] F:[7FC,464                 ]
profile100sync site1-region1-stratum-adm-21 w.site1region1.1066.2 5/1/4 L:[0D0                     ] F:[FF8,B98,468,800         ]
profile100sync site1-region1-stratum-adm-21 w.site1region1.1066.3 4/2/2 L:[B9C,804                 ] F:[46C,0D4                 ]
profile100sync site1-region1-stratum-adm-21 w.site1region1.1066.4 4/3/1 L:[808,0D8,BA0             ] F:[470                     ]
profile100sync site1-region1-stratum-adm-25 w.site1region1.1069.0 5/3/2 L:[E8C,80C,474             ] F:[0DC,BA4                 ]
profile100sync site1-region1-stratum-adm-25 w.site1region1.1069.1 5/3/2 L:[F44,478,810             ] F:[BA8,0E0                 ]
profile100sync site1-region1-stratum-adm-25 w.site1region1.1069.2 5/2/3 L:[BAC,47C                 ] F:[FFC,0E4,814             ]
profile100sync site1-region1-stratum-adm-25 w.site1region1.1069.3 4/2/2 L:[0E8,BB0                 ] F:[818,480                 ]
profile100sync site1-region1-stratum-adm-25 w.site1region1.1069.4 4/0/4 L:[                        ] F:[81C,0EC,484,BB4         ]
profile100sync site1-region1-stratum-adm-27 w.site1region1.1073.0 5/2/3 L:[BB8,488                 ] F:[E90,0F0,820             ]
profile100sync site1-region1-stratum-adm-27 w.site1region1.1073.1 5/2/3 L:[48C,0F4                 ] F:[F48,BBC,824             ]
profile100sync site1-region1-stratum-adm-27 w.site1region1.1073.2 4/4/0 L:[828,0F8,490,BC0         ] F:[                        ]
profile100sync site1-region1-stratum-adm-27 w.site1region1.1073.3 4/1/3 L:[0FC                     ] F:[82C,494,BC4             ]
profile100sync site1-region1-stratum-adm-27 w.site1region1.1073.4 4/2/2 L:[100,830                 ] F:[BC8,498                 ]
profile100sync site1-region1-stratum-adm-26 w.site1region1.1075.0 5/1/4 L:[834                     ] F:[BCC,E94,49C,104         ]
profile100sync site1-region1-stratum-adm-26 w.site1region1.1075.1 5/2/3 L:[838,4A0                 ] F:[F4C,108,BD0             ]
profile100sync site1-region1-stratum-adm-26 w.site1region1.1075.2 4/1/3 L:[BD4                     ] F:[83C,10C,4A4             ]
profile100sync site1-region1-stratum-adm-26 w.site1region1.1075.3 4/2/2 L:[110,840                 ] F:[BD8,4A8                 ]
profile100sync site1-region1-stratum-adm-26 w.site1region1.1075.4 4/2/2 L:[114,844                 ] F:[BDC,4AC                 ]
profile100sync site1-region1-stratum-adm-23 w.site1region1.1079.0 5/2/3 L:[118,BE0                 ] F:[E98,848,4B0             ]
profile100sync site1-region1-stratum-adm-23 w.site1region1.1079.1 5/2/3 L:[F50,84C                 ] F:[BE4,11C,4B4             ]
profile100sync site1-region1-stratum-adm-23 w.site1region1.1079.2 4/3/1 L:[BE8,120,850             ] F:[4B8                     ]
profile100sync site1-region1-stratum-adm-23 w.site1region1.1079.3 4/0/4 L:[                        ] F:[BEC,4BC,124,854         ]
profile100sync site1-region1-stratum-adm-23 w.site1region1.1079.4 4/1/3 L:[BF0                     ] F:[128,4C0,858             ]
profile100sync site1-region1-stratum-adm-29 w.site1region1.1081.0 5/3/2 L:[12C,4C4,BF4             ] F:[E9C,85C                 ]
profile100sync site1-region1-stratum-adm-29 w.site1region1.1081.1 5/3/2 L:[F54,BF8,130             ] F:[4C8,860                 ]
profile100sync site1-region1-stratum-adm-29 w.site1region1.1081.2 4/2/2 L:[BFC,4CC                 ] F:[134,864                 ]
profile100sync site1-region1-stratum-adm-29 w.site1region1.1081.3 4/3/1 L:[868,4D0,C00             ] F:[138                     ]
profile100sync site1-region1-stratum-adm-29 w.site1region1.1081.4 4/3/1 L:[13C,4D4,C04             ] F:[86C                     ]
profile100sync site1-region1-stratum-adm-33 w.site1region1.1084.0 5/4/1 L:[4D8,C08,EA0,140         ] F:[870                     ]
profile100sync site1-region1-stratum-adm-33 w.site1region1.1084.1 5/3/2 L:[4DC,F58,874             ] F:[C0C,144                 ]
profile100sync site1-region1-stratum-adm-33 w.site1region1.1084.2 4/3/1 L:[148,878,C10             ] F:[4E0                     ]
profile100sync site1-region1-stratum-adm-33 w.site1region1.1084.3 4/2/2 L:[87C,C14                 ] F:[14C,4E4                 ]
profile100sync site1-region1-stratum-adm-33 w.site1region1.1084.4 4/2/2 L:[4E8,880                 ] F:[C18,150                 ]
profile100sync site1-region1-stratum-adm-28 w.site1region1.1087.0 5/1/4 L:[C1C                     ] F:[EA4,4EC,154,884         ]
profile100sync site1-region1-stratum-adm-28 w.site1region1.1087.1 5/3/2 L:[158,4F0,C20             ] F:[888,F5C                 ]
profile100sync site1-region1-stratum-adm-28 w.site1region1.1087.2 4/1/3 L:[15C                     ] F:[88C,4F4,C24             ]
profile100sync site1-region1-stratum-adm-28 w.site1region1.1087.3 4/3/1 L:[C28,4F8,160             ] F:[890                     ]
profile100sync site1-region1-stratum-adm-28 w.site1region1.1087.4 4/1/3 L:[894                     ] F:[C2C,164,4FC             ]
profile100sync site1-region1-stratum-adm-30 w.site1region1.1090.0 5/3/2 L:[898,500,C30             ] F:[EA8,168                 ]
profile100sync site1-region1-stratum-adm-30 w.site1region1.1090.1 5/4/1 L:[89C,16C,C34,504         ] F:[F60                     ]
profile100sync site1-region1-stratum-adm-30 w.site1region1.1090.2 4/1/3 L:[508                     ] F:[C38,170,8A0             ]
profile100sync site1-region1-stratum-adm-30 w.site1region1.1090.3 4/2/2 L:[C3C,8A4                 ] F:[50C,174                 ]
profile100sync site1-region1-stratum-adm-30 w.site1region1.1090.4 4/3/1 L:[178,510,8A8             ] F:[C40                     ]
profile100sync site1-region1-stratum-adm-32 w.site1region1.1091.0 5/2/3 L:[17C,C44                 ] F:[EAC,8AC,514             ]
profile100sync site1-region1-stratum-adm-32 w.site1region1.1091.1 5/3/2 L:[518,C48,180             ] F:[F64,8B0                 ]
profile100sync site1-region1-stratum-adm-32 w.site1region1.1091.2 4/2/2 L:[51C,8B4                 ] F:[C4C,184                 ]
profile100sync site1-region1-stratum-adm-32 w.site1region1.1091.3 4/2/2 L:[520,C50                 ] F:[8B8,188                 ]
profile100sync site1-region1-stratum-adm-32 w.site1region1.1091.4 4/1/3 L:[524                     ] F:[8BC,18C,C54             ]
profile100sync site1-region1-stratum-adm-15 w.site1region1.1094.0 5/2/3 L:[EB0,C58                 ] F:[190,528,8C0             ]
profile100sync site1-region1-stratum-adm-15 w.site1region1.1094.1 5/2/3 L:[F68,194                 ] F:[52C,C5C,8C4             ]
profile100sync site1-region1-stratum-adm-15 w.site1region1.1094.2 4/2/2 L:[530,C60                 ] F:[8C8,198                 ]
profile100sync site1-region1-stratum-adm-15 w.site1region1.1094.3 4/1/3 L:[C64                     ] F:[8CC,19C,534             ]
profile100sync site1-region1-stratum-adm-15 w.site1region1.1094.4 4/2/2 L:[538,8D0                 ] F:[C68,1A0                 ]
profile100sync site1-region1-stratum-adm-16 w.site1region1.1095.0 5/3/2 L:[C6C,53C,8D4             ] F:[EB4,1A4                 ]
profile100sync site1-region1-stratum-adm-16 w.site1region1.1095.1 5/2/3 L:[F6C,C70                 ] F:[1A8,8D8,540             ]
profile100sync site1-region1-stratum-adm-16 w.site1region1.1095.2 4/3/1 L:[8DC,544,C74             ] F:[1AC                     ]
profile100sync site1-region1-stratum-adm-16 w.site1region1.1095.3 4/0/4 L:[                        ] F:[C78,1B0,548,8E0         ]
profile100sync site1-region1-stratum-adm-16 w.site1region1.1095.4 4/1/3 L:[54C                     ] F:[C7C,1B4,8E4             ]
profile100sync site1-region1-stratum-adm-37 w.site1region1.1097.0 5/2/3 L:[8E8,EB8                 ] F:[1B8,550,C80             ]
profile100sync site1-region1-stratum-adm-37 w.site1region1.1097.1 5/3/2 L:[1BC,C84,F70             ] F:[8EC,554                 ]
profile100sync site1-region1-stratum-adm-37 w.site1region1.1097.2 4/3/1 L:[558,1C0,8F0             ] F:[C88                     ]
profile100sync site1-region1-stratum-adm-37 w.site1region1.1097.3 4/3/1 L:[C8C,1C4,55C             ] F:[8F4                     ]
profile100sync site1-region1-stratum-adm-37 w.site1region1.1097.4 4/2/2 L:[8F8,560                 ] F:[1C8,C90                 ]
profile100sync site1-region1-stratum-adm-9 w.site1region1.1100.0 5/1/4 L:[1CC                     ] F:[EBC,8FC,564,C94         ]
profile100sync site1-region1-stratum-adm-9 w.site1region1.1100.1 5/1/4 L:[1D0                     ] F:[C98,568,F74,900         ]
profile100sync site1-region1-stratum-adm-9 w.site1region1.1100.2 4/2/2 L:[56C,1D4                 ] F:[C9C,904                 ]
profile100sync site1-region1-stratum-adm-9 w.site1region1.1100.3 4/2/2 L:[1D8,908                 ] F:[570,CA0                 ]
profile100sync site1-region1-stratum-adm-9 w.site1region1.1100.4 4/3/1 L:[574,90C,CA4             ] F:[1DC                     ]
profile100sync site1-region1-stratum-adm-41 w.site1region1.1106.0 5/3/2 L:[578,CA8,1E0             ] F:[EC0,910                 ]
profile100sync site1-region1-stratum-adm-41 w.site1region1.1106.1 5/3/2 L:[CAC,57C,F78             ] F:[1E4,914                 ]
profile100sync site1-region1-stratum-adm-41 w.site1region1.1106.2 4/2/2 L:[580,CB0                 ] F:[1E8,918                 ]
profile100sync site1-region1-stratum-adm-41 w.site1region1.1106.3 4/1/3 L:[CB4                     ] F:[91C,1EC,584             ]
profile100sync site1-region1-stratum-adm-41 w.site1region1.1106.4 4/1/3 L:[1F0                     ] F:[588,CB8,920             ]
profile100sync site1-region1-stratum-adm-42 w.site1region1.1109.0 5/4/1 L:[CBC,58C,1F4,924         ] F:[EC4                     ]
profile100sync site1-region1-stratum-adm-42 w.site1region1.1109.1 5/2/3 L:[F7C,928                 ] F:[1F8,590,CC0             ]
profile100sync site1-region1-stratum-adm-42 w.site1region1.1109.2 4/1/3 L:[594                     ] F:[92C,1FC,CC4             ]
profile100sync site1-region1-stratum-adm-42 w.site1region1.1109.3 4/1/3 L:[598                     ] F:[CC8,200,930             ]
profile100sync site1-region1-stratum-adm-42 w.site1region1.1109.4 4/1/3 L:[934                     ] F:[59C,204,CCC             ]
profile100sync site1-region1-stratum-adm-34 w.site1region1.1111.0 5/3/2 L:[938,5A0,CD0             ] F:[EC8,208                 ]
profile100sync site1-region1-stratum-adm-34 w.site1region1.1111.1 5/3/2 L:[93C,20C,5A4             ] F:[F80,CD4                 ]
profile100sync site1-region1-stratum-adm-34 w.site1region1.1111.2 4/2/2 L:[CD8,210                 ] F:[5A8,940                 ]
profile100sync site1-region1-stratum-adm-34 w.site1region1.1111.3 4/2/2 L:[214,CDC                 ] F:[5AC,944                 ]
profile100sync site1-region1-stratum-adm-34 w.site1region1.1111.4 4/3/1 L:[948,218,CE0             ] F:[5B0                     ]
profile100sync site1-region1-stratum-adm-35 w.site1region1.1112.0 5/1/4 L:[ECC                     ] F:[94C,21C,5B4,CE4         ]
profile100sync site1-region1-stratum-adm-35 w.site1region1.1112.1 5/1/4 L:[220                     ] F:[CE8,5B8,F84,950         ]
profile100sync site1-region1-stratum-adm-35 w.site1region1.1112.2 4/3/1 L:[CEC,224,954             ] F:[5BC                     ]
profile100sync site1-region1-stratum-adm-35 w.site1region1.1112.3 4/2/2 L:[5C0,CF0                 ] F:[958,228                 ]
profile100sync site1-region1-stratum-adm-35 w.site1region1.1112.4 4/2/2 L:[95C,CF4                 ] F:[5C4,22C                 ]
profile100sync site1-region1-stratum-adm-36 w.site1region1.1115.0 5/1/4 L:[CF8                     ] F:[5C8,ED0,230,960         ]
profile100sync site1-region1-stratum-adm-36 w.site1region1.1115.1 5/4/1 L:[F88,234,5CC,964         ] F:[CFC                     ]
profile100sync site1-region1-stratum-adm-36 w.site1region1.1115.2 4/1/3 L:[238                     ] F:[968,5D0,D00             ]
profile100sync site1-region1-stratum-adm-36 w.site1region1.1115.3 4/2/2 L:[23C,96C                 ] F:[5D4,D04                 ]
profile100sync site1-region1-stratum-adm-36 w.site1region1.1115.4 4/3/1 L:[D08,5D8,970             ] F:[240                     ]
profile100sync site1-region1-stratum-adm-10 w.site1region1.1120.0 5/4/1 L:[D0C,5DC,ED4,244         ] F:[974                     ]
profile100sync site1-region1-stratum-adm-10 w.site1region1.1120.1 5/4/1 L:[F8C,978,248,5E0         ] F:[D10                     ]
profile100sync site1-region1-stratum-adm-10 w.site1region1.1120.2 4/2/2 L:[97C,5E4                 ] F:[24C,D14                 ]
profile100sync site1-region1-stratum-adm-10 w.site1region1.1120.3 4/4/0 L:[D18,5E8,250,980         ] F:[                        ]
profile100sync site1-region1-stratum-adm-10 w.site1region1.1120.4 4/1/3 L:[5EC                     ] F:[D1C,254,984             ]
profile100sync site1-region1-stratum-adm-11 w.site1region1.1122.0 5/2/3 L:[258,D20                 ] F:[ED8,988,5F0             ]
profile100sync site1-region1-stratum-adm-11 w.site1region1.1122.1 5/4/1 L:[25C,D24,F90,5F4         ] F:[98C                     ]
profile100sync site1-region1-stratum-adm-11 w.site1region1.1122.2 4/2/2 L:[D28,5F8                 ] F:[260,990                 ]
profile100sync site1-region1-stratum-adm-11 w.site1region1.1122.3 4/3/1 L:[D2C,264,994             ] F:[5FC                     ]
profile100sync site1-region1-stratum-adm-11 w.site1region1.1122.4 4/0/4 L:[                        ] F:[998,268,600,D30         ]
profile100sync site1-region1-stratum-adm-20 w.site1region1.1125.0 5/2/3 L:[26C,604                 ] F:[EDC,99C,D34             ]
profile100sync site1-region1-stratum-adm-20 w.site1region1.1125.1 5/2/3 L:[F94,9A0                 ] F:[D38,608,270             ]
profile100sync site1-region1-stratum-adm-20 w.site1region1.1125.2 4/2/2 L:[D3C,274                 ] F:[60C,9A4                 ]
profile100sync site1-region1-stratum-adm-20 w.site1region1.1125.3 4/1/3 L:[278                     ] F:[9A8,610,D40             ]
profile100sync site1-region1-stratum-adm-20 w.site1region1.1125.4 4/2/2 L:[27C,614                 ] F:[9AC,D44                 ]
profile100sync site1-region1-stratum-adm-38 w.site1region1.1126.0 5/4/1 L:[D48,EE0,280,9B0         ] F:[618                     ]
profile100sync site1-region1-stratum-adm-38 w.site1region1.1126.1 5/3/2 L:[284,F98,9B4             ] F:[D4C,61C                 ]
profile100sync site1-region1-stratum-adm-38 w.site1region1.1126.2 4/1/3 L:[9B8                     ] F:[620,288,D50             ]
profile100sync site1-region1-stratum-adm-38 w.site1region1.1126.3 4/2/2 L:[624,9BC                 ] F:[28C,D54                 ]
profile100sync site1-region1-stratum-adm-38 w.site1region1.1126.4 4/2/2 L:[D58,290                 ] F:[628,9C0                 ]
profile100sync site1-region1-stratum-adm-40 w.site1region1.1129.0 5/1/4 L:[294                     ] F:[D5C,62C,EE4,9C4         ]
profile100sync site1-region1-stratum-adm-40 w.site1region1.1129.1 5/3/2 L:[9C8,630,D60             ] F:[F9C,298                 ]
profile100sync site1-region1-stratum-adm-40 w.site1region1.1129.2 4/4/0 L:[9CC,634,29C,D64         ] F:[                        ]
profile100sync site1-region1-stratum-adm-40 w.site1region1.1129.3 4/0/4 L:[                        ] F:[D68,638,2A0,9D0         ]
profile100sync site1-region1-stratum-adm-40 w.site1region1.1129.4 4/3/1 L:[D6C,63C,2A4             ] F:[9D4                     ]
profile100sync site1-region1-stratum-adm-39 w.site1region1.1131.0 5/4/1 L:[9D8,EE8,640,D70         ] F:[2A8                     ]
profile100sync site1-region1-stratum-adm-39 w.site1region1.1131.1 5/1/4 L:[644                     ] F:[9DC,2AC,D74,FA0         ]
profile100sync site1-region1-stratum-adm-39 w.site1region1.1131.2 4/2/2 L:[D78,2B0                 ] F:[648,9E0                 ]
profile100sync site1-region1-stratum-adm-39 w.site1region1.1131.3 4/2/2 L:[D7C,64C                 ] F:[2B4,9E4                 ]
profile100sync site1-region1-stratum-adm-39 w.site1region1.1131.4 4/3/1 L:[9E8,650,D80             ] F:[2B8                     ]
profile100sync site1-region2-stratum-adm-13 w.site1region2.1136.0 5/2/3 L:[7F8,0C8                 ] F:[E88,460,B90             ]
profile100sync site1-region2-stratum-adm-13 w.site1region2.1136.1 5/2/3 L:[7FC,464                 ] F:[0CC,B94,F40             ]
profile100sync site1-region2-stratum-adm-13 w.site1region2.1136.2 5/4/1 L:[FF8,B98,468,800         ] F:[0D0                     ]
profile100sync site1-region2-stratum-adm-13 w.site1region2.1136.3 4/2/2 L:[46C,0D4                 ] F:[B9C,804                 ]
profile100sync site1-region2-stratum-adm-13 w.site1region2.1136.4 4/1/3 L:[470                     ] F:[808,0D8,BA0             ]
profile100sync site1-region1-stratum-adm-12 w.site1region1.1140.0 5/1/4 L:[EEC                     ] F:[9EC,2BC,654,D84         ]
profile100sync site1-region1-stratum-adm-12 w.site1region1.1140.1 5/3/2 L:[FA4,2C0,D88             ] F:[658,9F0                 ]
profile100sync site1-region1-stratum-adm-12 w.site1region1.1140.2 4/1/3 L:[D8C                     ] F:[65C,2C4,9F4             ]
profile100sync site1-region1-stratum-adm-12 w.site1region1.1140.3 4/3/1 L:[2C8,660,D90             ] F:[9F8                     ]
profile100sync site1-region1-stratum-adm-12 w.site1region1.1140.4 4/2/2 L:[9FC,664                 ] F:[2CC,D94                 ]
profile100sync site1-region1-stratum-adm-13 w.site1region1.1144.0 5/3/2 L:[668,2D0,A00             ] F:[D98,EF0                 ]
profile100sync site1-region1-stratum-adm-13 w.site1region1.1144.1 5/2/3 L:[D9C,A04                 ] F:[FA8,66C,2D4             ]
profile100sync site1-region1-stratum-adm-13 w.site1region1.1144.2 4/2/2 L:[2D8,670                 ] F:[A08,DA0                 ]
profile100sync site1-region1-stratum-adm-13 w.site1region1.1144.3 4/2/2 L:[2DC,DA4                 ] F:[A0C,674                 ]
profile100sync site1-region1-stratum-adm-13 w.site1region1.1144.4 4/1/3 L:[678                     ] F:[DA8,2E0,A10             ]
profile100sync site1-region2-stratum-adm-14 w.site1region2.1148.0 5/2/3 L:[0DC,BA4                 ] F:[E8C,80C,474             ]
profile100sync site1-region2-stratum-adm-14 w.site1region2.1148.1 5/2/3 L:[BA8,0E0                 ] F:[F44,478,810             ]
profile100sync site1-region2-stratum-adm-14 w.site1region2.1148.2 5/3/2 L:[FFC,0E4,814             ] F:[BAC,47C                 ]
profile100sync site1-region2-stratum-adm-14 w.site1region2.1148.3 4/2/2 L:[818,480                 ] F:[0E8,BB0                 ]
profile100sync site1-region2-stratum-adm-14 w.site1region2.1148.4 4/4/0 L:[81C,0EC,484,BB4         ] F:[                        ]
profile100sync site1-region1-stratum-adm-24 w.site1region1.1171.0 5/4/1 L:[67C,EF4,2E4,A14         ] F:[DAC                     ]
profile100sync site1-region1-stratum-adm-24 w.site1region1.1171.1 5/3/2 L:[FAC,680,2E8             ] F:[A18,DB0                 ]
profile100sync site1-region1-stratum-adm-24 w.site1region1.1171.2 4/2/2 L:[A1C,2EC                 ] F:[684,DB4                 ]
profile100sync site1-region1-stratum-adm-24 w.site1region1.1171.3 4/2/2 L:[DB8,A20                 ] F:[688,2F0                 ]
profile100sync site1-region1-stratum-adm-24 w.site1region1.1171.4 4/2/2 L:[DBC,2F4                 ] F:[68C,A24                 ]
profile100sync site1-region1-stratum-adm-31 w.site1region1.1181.0 5/4/1 L:[A28,2F8,EF8,690         ] F:[DC0                     ]
profile100sync site1-region1-stratum-adm-31 w.site1region1.1181.1 5/1/4 L:[694                     ] F:[A2C,2FC,DC4,FB0         ]
profile100sync site1-region1-stratum-adm-31 w.site1region1.1181.2 4/1/3 L:[DC8                     ] F:[698,300,A30             ]
profile100sync site1-region1-stratum-adm-31 w.site1region1.1181.3 4/2/2 L:[DCC,69C                 ] F:[304,A34                 ]
profile100sync site1-region1-stratum-adm-31 w.site1region1.1181.4 4/3/1 L:[A38,308,6A0             ] F:[DD0                     ]
profile100sync site1-region1-stratum-adm-19 w.site1region1.1182.0 5/3/2 L:[A3C,6A4,DD4             ] F:[EFC,30C                 ]
profile100sync site1-region1-stratum-adm-19 w.site1region1.1182.1 5/5/0 L:[DD8,6A8,FB4,310,A40     ] F:[                        ]
profile100sync site1-region1-stratum-adm-19 w.site1region1.1182.2 4/3/1 L:[DDC,6AC,A44             ] F:[314                     ]
profile100sync site1-region1-stratum-adm-19 w.site1region1.1182.3 4/2/2 L:[318,DE0                 ] F:[A48,6B0                 ]
profile100sync site1-region1-stratum-adm-19 w.site1region1.1182.4 4/3/1 L:[A4C,6B4,DE4             ] F:[31C                     ]
profile100sync site1-region2-stratum-adm-18 w.site1region2.1184.0 5/3/2 L:[E90,0F0,820             ] F:[BB8,488                 ]
profile100sync site1-region2-stratum-adm-18 w.site1region2.1184.1 5/3/2 L:[F48,BBC,824             ] F:[48C,0F4                 ]
profile100sync site1-region2-stratum-adm-18 w.site1region2.1184.2 4/0/4 L:[                        ] F:[828,0F8,490,BC0         ]
profile100sync site1-region2-stratum-adm-18 w.site1region2.1184.3 4/3/1 L:[82C,494,BC4             ] F:[0FC                     ]
profile100sync site1-region2-stratum-adm-18 w.site1region2.1184.4 4/2/2 L:[BC8,498                 ] F:[100,830                 ]
profile100sync site1-region2-stratum-adm-23 w.site1region2.1185.0 5/4/1 L:[BCC,E94,49C,104         ] F:[834                     ]
profile100sync site1-region2-stratum-adm-23 w.site1region2.1185.1 5/3/2 L:[F4C,108,BD0             ] F:[838,4A0                 ]
profile100sync site1-region2-stratum-adm-23 w.site1region2.1185.2 4/3/1 L:[83C,10C,4A4             ] F:[BD4                     ]
profile100sync site1-region2-stratum-adm-23 w.site1region2.1185.3 4/2/2 L:[BD8,4A8                 ] F:[110,840                 ]
profile100sync site1-region2-stratum-adm-23 w.site1region2.1185.4 4/2/2 L:[BDC,4AC                 ] F:[114,844                 ]
profile100sync site1-region2-stratum-adm-33 w.site1region2.1193.0 5/3/2 L:[E98,848,4B0             ] F:[118,BE0                 ]
profile100sync site1-region2-stratum-adm-33 w.site1region2.1193.1 5/3/2 L:[BE4,11C,4B4             ] F:[F50,84C                 ]
profile100sync site1-region2-stratum-adm-33 w.site1region2.1193.2 4/1/3 L:[4B8                     ] F:[BE8,120,850             ]
profile100sync site1-region2-stratum-adm-33 w.site1region2.1193.3 4/4/0 L:[BEC,4BC,124,854         ] F:[                        ]
profile100sync site1-region2-stratum-adm-33 w.site1region2.1193.4 4/3/1 L:[128,4C0,858             ] F:[BF0                     ]
profile100sync site1-region2-stratum-adm-27 w.site1region2.1195.0 5/2/3 L:[E9C,85C                 ] F:[12C,4C4,BF4             ]
profile100sync site1-region2-stratum-adm-27 w.site1region2.1195.1 5/2/3 L:[4C8,860                 ] F:[F54,BF8,130             ]
profile100sync site1-region2-stratum-adm-27 w.site1region2.1195.2 4/2/2 L:[134,864                 ] F:[BFC,4CC                 ]
profile100sync site1-region2-stratum-adm-27 w.site1region2.1195.3 4/1/3 L:[138                     ] F:[868,4D0,C00             ]
profile100sync site1-region2-stratum-adm-27 w.site1region2.1195.4 4/1/3 L:[86C                     ] F:[13C,4D4,C04             ]
profile100sync site1-region1-stratum-adm-22 w.site1region1.1197.0 5/3/2 L:[DE8,320,A50             ] F:[6B8,F00                 ]
profile100sync site1-region1-stratum-adm-22 w.site1region1.1197.1 5/2/3 L:[DEC,6BC                 ] F:[FB8,324,A54             ]
profile100sync site1-region1-stratum-adm-22 w.site1region1.1197.2 4/2/2 L:[A58,6C0                 ] F:[328,DF0                 ]
profile100sync site1-region1-stratum-adm-22 w.site1region1.1197.3 4/2/2 L:[A5C,6C4                 ] F:[32C,DF4                 ]
profile100sync site1-region1-stratum-adm-22 w.site1region1.1197.4 4/2/2 L:[6C8,DF8                 ] F:[330,A60                 ]
profile100sync site1-region2-stratum-adm-22 w.site1region2.1198.0 5/1/4 L:[870                     ] F:[4D8,C08,EA0,140         ]
profile100sync site1-region2-stratum-adm-22 w.site1region2.1198.1 5/2/3 L:[C0C,144                 ] F:[4DC,F58,874             ]
profile100sync site1-region2-stratum-adm-22 w.site1region2.1198.2 4/1/3 L:[4E0                     ] F:[148,878,C10             ]
profile100sync site1-region2-stratum-adm-22 w.site1region2.1198.3 4/2/2 L:[14C,4E4                 ] F:[87C,C14                 ]
profile100sync site1-region2-stratum-adm-22 w.site1region2.1198.4 4/2/2 L:[C18,150                 ] F:[4E8,880                 ]
profile100sync site1-region2-stratum-adm-20 w.site1region2.1200.0 5/4/1 L:[EA4,4EC,154,884         ] F:[C1C                     ]
profile100sync site1-region2-stratum-adm-20 w.site1region2.1200.1 5/2/3 L:[888,F5C                 ] F:[158,4F0,C20             ]
profile100sync site1-region2-stratum-adm-20 w.site1region2.1200.2 4/3/1 L:[88C,4F4,C24             ] F:[15C                     ]
profile100sync site1-region2-stratum-adm-20 w.site1region2.1200.3 4/1/3 L:[890                     ] F:[C28,4F8,160             ]
profile100sync site1-region2-stratum-adm-20 w.site1region2.1200.4 4/3/1 L:[C2C,164,4FC             ] F:[894                     ]
profile100sync site1-region2-stratum-adm-19 w.site1region2.1202.0 5/2/3 L:[EA8,168                 ] F:[898,500,C30             ]
profile100sync site1-region2-stratum-adm-19 w.site1region2.1202.1 5/1/4 L:[F60                     ] F:[89C,16C,C34,504         ]
profile100sync site1-region2-stratum-adm-19 w.site1region2.1202.2 4/3/1 L:[C38,170,8A0             ] F:[508                     ]
profile100sync site1-region2-stratum-adm-19 w.site1region2.1202.3 4/2/2 L:[50C,174                 ] F:[C3C,8A4                 ]
profile100sync site1-region2-stratum-adm-19 w.site1region2.1202.4 4/1/3 L:[C40                     ] F:[178,510,8A8             ]
profile100sync site1-region2-stratum-adm-38 w.site1region2.1203.0 5/3/2 L:[EAC,8AC,514             ] F:[17C,C44                 ]
profile100sync site1-region2-stratum-adm-38 w.site1region2.1203.1 5/2/3 L:[F64,8B0                 ] F:[518,C48,180             ]
profile100sync site1-region2-stratum-adm-38 w.site1region2.1203.2 4/2/2 L:[C4C,184                 ] F:[51C,8B4                 ]
profile100sync site1-region2-stratum-adm-38 w.site1region2.1203.3 4/2/2 L:[8B8,188                 ] F:[520,C50                 ]
profile100sync site1-region2-stratum-adm-38 w.site1region2.1203.4 4/3/1 L:[8BC,18C,C54             ] F:[524                     ]
profile100sync site1-region2-stratum-adm-30 w.site1region2.1204.0 5/3/2 L:[190,528,8C0             ] F:[EB0,C58                 ]
profile100sync site1-region2-stratum-adm-30 w.site1region2.1204.1 5/3/2 L:[52C,C5C,8C4             ] F:[F68,194                 ]
profile100sync site1-region2-stratum-adm-30 w.site1region2.1204.2 4/2/2 L:[8C8,198                 ] F:[530,C60                 ]
profile100sync site1-region2-stratum-adm-30 w.site1region2.1204.3 4/3/1 L:[8CC,19C,534             ] F:[C64                     ]
profile100sync site1-region2-stratum-adm-30 w.site1region2.1204.4 4/2/2 L:[C68,1A0                 ] F:[538,8D0                 ]
profile100sync site1-region1-stratum-adm-18 w.site1region1.1206.0 5/1/4 L:[F04                     ] F:[6CC,334,DFC,A64         ]
profile100sync site1-region1-stratum-adm-18 w.site1region1.1206.1 5/3/2 L:[FBC,6D0,338             ] F:[A68,E00                 ]
profile100sync site1-region1-stratum-adm-18 w.site1region1.1206.2 4/1/3 L:[6D4                     ] F:[A6C,33C,E04             ]
profile100sync site1-region1-stratum-adm-18 w.site1region1.1206.3 4/4/0 L:[E08,6D8,340,A70         ] F:[                        ]
profile100sync site1-region1-stratum-adm-18 w.site1region1.1206.4 4/2/2 L:[6DC,344                 ] F:[E0C,A74                 ]
profile100sync site1-region2-stratum-adm-25 w.site1region2.1207.0 5/2/3 L:[EB4,1A4                 ] F:[C6C,53C,8D4             ]
profile100sync site1-region2-stratum-adm-25 w.site1region2.1207.1 5/3/2 L:[1A8,8D8,540             ] F:[F6C,C70                 ]
profile100sync site1-region2-stratum-adm-25 w.site1region2.1207.2 4/1/3 L:[1AC                     ] F:[8DC,544,C74             ]
profile100sync site1-region2-stratum-adm-25 w.site1region2.1207.3 4/4/0 L:[C78,1B0,548,8E0         ] F:[                        ]
profile100sync site1-region2-stratum-adm-25 w.site1region2.1207.4 4/3/1 L:[C7C,1B4,8E4             ] F:[54C                     ]
profile100sync site1-region2-stratum-adm-45 w.site1region2.1211.0 5/3/2 L:[1B8,550,C80             ] F:[8E8,EB8                 ]
profile100sync site1-region2-stratum-adm-45 w.site1region2.1211.1 5/2/3 L:[8EC,554                 ] F:[1BC,C84,F70             ]
profile100sync site1-region2-stratum-adm-45 w.site1region2.1211.2 4/1/3 L:[C88                     ] F:[558,1C0,8F0             ]
profile100sync site1-region2-stratum-adm-45 w.site1region2.1211.3 4/1/3 L:[8F4                     ] F:[C8C,1C4,55C             ]
profile100sync site1-region2-stratum-adm-45 w.site1region2.1211.4 4/2/2 L:[1C8,C90                 ] F:[8F8,560                 ]
profile100sync site1-region2-stratum-adm-34 w.site1region2.1212.0 5/4/1 L:[EBC,8FC,564,C94         ] F:[1CC                     ]
profile100sync site1-region2-stratum-adm-34 w.site1region2.1212.1 5/4/1 L:[C98,568,F74,900         ] F:[1D0                     ]
profile100sync site1-region2-stratum-adm-34 w.site1region2.1212.2 4/2/2 L:[C9C,904                 ] F:[56C,1D4                 ]
profile100sync site1-region2-stratum-adm-34 w.site1region2.1212.3 4/2/2 L:[570,CA0                 ] F:[1D8,908                 ]
profile100sync site1-region2-stratum-adm-34 w.site1region2.1212.4 4/1/3 L:[1DC                     ] F:[574,90C,CA4             ]
profile100sync site1-region2-stratum-adm-36 w.site1region2.1213.0 5/2/3 L:[EC0,910                 ] F:[578,CA8,1E0             ]
profile100sync site1-region2-stratum-adm-36 w.site1region2.1213.1 5/2/3 L:[1E4,914                 ] F:[CAC,57C,F78             ]
profile100sync site1-region2-stratum-adm-36 w.site1region2.1213.2 4/2/2 L:[1E8,918                 ] F:[580,CB0                 ]
profile100sync site1-region2-stratum-adm-36 w.site1region2.1213.3 4/3/1 L:[91C,1EC,584             ] F:[CB4                     ]
profile100sync site1-region2-stratum-adm-36 w.site1region2.1213.4 4/3/1 L:[588,CB8,920             ] F:[1F0                     ]
profile100sync site1-region2-stratum-adm-26 w.site1region2.1214.0 5/1/4 L:[EC4                     ] F:[CBC,58C,1F4,924         ]
profile100sync site1-region2-stratum-adm-26 w.site1region2.1214.1 5/3/2 L:[1F8,590,CC0             ] F:[F7C,928                 ]
profile100sync site1-region2-stratum-adm-26 w.site1region2.1214.2 4/3/1 L:[92C,1FC,CC4             ] F:[594                     ]
profile100sync site1-region2-stratum-adm-26 w.site1region2.1214.3 4/3/1 L:[CC8,200,930             ] F:[598                     ]
profile100sync site1-region2-stratum-adm-26 w.site1region2.1214.4 4/3/1 L:[59C,204,CCC             ] F:[934                     ]
profile100sync site1-region2-stratum-adm-24 w.site1region2.1216.0 5/2/3 L:[EC8,208                 ] F:[938,5A0,CD0             ]
profile100sync site1-region2-stratum-adm-24 w.site1region2.1216.1 5/2/3 L:[F80,CD4                 ] F:[93C,20C,5A4             ]
profile100sync site1-region2-stratum-adm-24 w.site1region2.1216.2 4/2/2 L:[5A8,940                 ] F:[CD8,210                 ]
profile100sync site1-region2-stratum-adm-24 w.site1region2.1216.3 4/2/2 L:[5AC,944                 ] F:[214,CDC                 ]
profile100sync site1-region2-stratum-adm-24 w.site1region2.1216.4 4/1/3 L:[5B0                     ] F:[948,218,CE0             ]
profile100sync site1-region2-stratum-adm-43 w.site1region2.1217.0 5/4/1 L:[94C,21C,5B4,CE4         ] F:[ECC                     ]
profile100sync site1-region2-stratum-adm-43 w.site1region2.1217.1 5/4/1 L:[CE8,5B8,F84,950         ] F:[220                     ]
profile100sync site1-region2-stratum-adm-43 w.site1region2.1217.2 4/1/3 L:[5BC                     ] F:[CEC,224,954             ]
profile100sync site1-region2-stratum-adm-43 w.site1region2.1217.3 4/2/2 L:[958,228                 ] F:[5C0,CF0                 ]
profile100sync site1-region2-stratum-adm-43 w.site1region2.1217.4 4/2/2 L:[5C4,22C                 ] F:[95C,CF4                 ]
profile100sync site1-region2-stratum-adm-42 w.site1region2.1218.0 5/4/1 L:[5C8,ED0,230,960         ] F:[CF8                     ]
profile100sync site1-region2-stratum-adm-42 w.site1region2.1218.1 5/1/4 L:[CFC                     ] F:[F88,234,5CC,964         ]
profile100sync site1-region2-stratum-adm-42 w.site1region2.1218.2 4/3/1 L:[968,5D0,D00             ] F:[238                     ]
profile100sync site1-region2-stratum-adm-42 w.site1region2.1218.3 4/2/2 L:[5D4,D04                 ] F:[23C,96C                 ]
profile100sync site1-region2-stratum-adm-42 w.site1region2.1218.4 4/1/3 L:[240                     ] F:[D08,5D8,970             ]
profile100sync site1-region2-stratum-adm-29 w.site1region2.1223.0 5/1/4 L:[974                     ] F:[D0C,5DC,ED4,244         ]
profile100sync site1-region2-stratum-adm-29 w.site1region2.1223.1 5/1/4 L:[D10                     ] F:[F8C,978,248,5E0         ]
profile100sync site1-region2-stratum-adm-29 w.site1region2.1223.2 4/2/2 L:[24C,D14                 ] F:[97C,5E4                 ]
profile100sync site1-region2-stratum-adm-29 w.site1region2.1223.3 4/0/4 L:[                        ] F:[D18,5E8,250,980         ]
profile100sync site1-region2-stratum-adm-29 w.site1region2.1223.4 4/3/1 L:[D1C,254,984             ] F:[5EC                     ]
profile100sync site1-region2-stratum-adm-41 w.site1region2.1224.0 5/3/2 L:[ED8,988,5F0             ] F:[258,D20                 ]
profile100sync site1-region2-stratum-adm-41 w.site1region2.1224.1 5/1/4 L:[98C                     ] F:[25C,D24,F90,5F4         ]
profile100sync site1-region2-stratum-adm-41 w.site1region2.1224.2 4/2/2 L:[260,990                 ] F:[D28,5F8                 ]
profile100sync site1-region2-stratum-adm-41 w.site1region2.1224.3 4/1/3 L:[5FC                     ] F:[D2C,264,994             ]
profile100sync site1-region2-stratum-adm-41 w.site1region2.1224.4 4/4/0 L:[998,268,600,D30         ] F:[                        ]
profile100sync site1-region2-stratum-adm-28 w.site1region2.1244.0 5/3/2 L:[EDC,99C,D34             ] F:[26C,604                 ]
profile100sync site1-region2-stratum-adm-28 w.site1region2.1244.1 5/3/2 L:[D38,608,270             ] F:[F94,9A0                 ]
profile100sync site1-region2-stratum-adm-28 w.site1region2.1244.2 4/2/2 L:[60C,9A4                 ] F:[D3C,274                 ]
profile100sync site1-region2-stratum-adm-28 w.site1region2.1244.3 4/3/1 L:[9A8,610,D40             ] F:[278                     ]
profile100sync site1-region2-stratum-adm-28 w.site1region2.1244.4 4/2/2 L:[9AC,D44                 ] F:[27C,614                 ]
profile100sync site1-region2-stratum-adm-31 w.site1region2.1245.0 5/1/4 L:[618                     ] F:[D48,EE0,280,9B0         ]
profile100sync site1-region2-stratum-adm-31 w.site1region2.1245.1 5/2/3 L:[D4C,61C                 ] F:[284,F98,9B4             ]
profile100sync site1-region2-stratum-adm-31 w.site1region2.1245.2 4/3/1 L:[620,288,D50             ] F:[9B8                     ]
profile100sync site1-region2-stratum-adm-31 w.site1region2.1245.3 4/2/2 L:[28C,D54                 ] F:[624,9BC                 ]
profile100sync site1-region2-stratum-adm-31 w.site1region2.1245.4 4/2/2 L:[628,9C0                 ] F:[D58,290                 ]
profile100sync site1-region2-stratum-adm-39 w.site1region2.1251.0 5/4/1 L:[D5C,62C,EE4,9C4         ] F:[294                     ]
profile100sync site1-region2-stratum-adm-39 w.site1region2.1251.1 5/2/3 L:[F9C,298                 ] F:[9C8,630,D60             ]
profile100sync site1-region2-stratum-adm-39 w.site1region2.1251.2 4/0/4 L:[                        ] F:[9CC,634,29C,D64         ]
profile100sync site1-region2-stratum-adm-39 w.site1region2.1251.3 4/4/0 L:[D68,638,2A0,9D0         ] F:[                        ]
profile100sync site1-region2-stratum-adm-39 w.site1region2.1251.4 4/1/3 L:[9D4                     ] F:[D6C,63C,2A4             ]
profile100sync site1-region2-stratum-adm-40 w.site1region2.1252.0 5/1/4 L:[2A8                     ] F:[9D8,EE8,640,D70         ]
profile100sync site1-region2-stratum-adm-40 w.site1region2.1252.1 5/4/1 L:[9DC,2AC,D74,FA0         ] F:[644                     ]
profile100sync site1-region2-stratum-adm-40 w.site1region2.1252.2 4/2/2 L:[648,9E0                 ] F:[D78,2B0                 ]
profile100sync site1-region2-stratum-adm-40 w.site1region2.1252.3 4/2/2 L:[2B4,9E4                 ] F:[D7C,64C                 ]
profile100sync site1-region2-stratum-adm-40 w.site1region2.1252.4 4/1/3 L:[2B8                     ] F:[9E8,650,D80             ]
profile100sync site1-region2-stratum-adm-44 w.site1region2.1254.0 5/4/1 L:[9EC,2BC,654,D84         ] F:[EEC                     ]
profile100sync site1-region2-stratum-adm-44 w.site1region2.1254.1 5/2/3 L:[658,9F0                 ] F:[FA4,2C0,D88             ]
profile100sync site1-region2-stratum-adm-44 w.site1region2.1254.2 4/3/1 L:[65C,2C4,9F4             ] F:[D8C                     ]
profile100sync site1-region2-stratum-adm-44 w.site1region2.1254.3 4/1/3 L:[9F8                     ] F:[2C8,660,D90             ]
profile100sync site1-region2-stratum-adm-44 w.site1region2.1254.4 4/2/2 L:[2CC,D94                 ] F:[9FC,664                 ]
profile100sync site1-region2-stratum-adm-32 w.site1region2.1255.0 5/2/3 L:[D98,EF0                 ] F:[668,2D0,A00             ]
profile100sync site1-region2-stratum-adm-32 w.site1region2.1255.1 5/3/2 L:[FA8,66C,2D4             ] F:[D9C,A04                 ]
profile100sync site1-region2-stratum-adm-32 w.site1region2.1255.2 4/2/2 L:[A08,DA0                 ] F:[2D8,670                 ]
profile100sync site1-region2-stratum-adm-32 w.site1region2.1255.3 4/2/2 L:[A0C,674                 ] F:[2DC,DA4                 ]
profile100sync site1-region2-stratum-adm-32 w.site1region2.1255.4 4/3/1 L:[DA8,2E0,A10             ] F:[678                     ]
profile100sync site1-region2-stratum-adm-35 w.site1region2.1257.0 5/1/4 L:[DAC                     ] F:[67C,EF4,2E4,A14         ]
profile100sync site1-region2-stratum-adm-35 w.site1region2.1257.1 5/2/3 L:[A18,DB0                 ] F:[FAC,680,2E8             ]
profile100sync site1-region2-stratum-adm-35 w.site1region2.1257.2 4/2/2 L:[684,DB4                 ] F:[A1C,2EC                 ]
profile100sync site1-region2-stratum-adm-35 w.site1region2.1257.3 4/2/2 L:[688,2F0                 ] F:[DB8,A20                 ]
profile100sync site1-region2-stratum-adm-35 w.site1region2.1257.4 4/2/2 L:[68C,A24                 ] F:[DBC,2F4                 ]
profile100sync site1-region2-stratum-adm-37 w.site1region2.1259.0 5/1/4 L:[DC0                     ] F:[A28,2F8,EF8,690         ]
profile100sync site1-region2-stratum-adm-37 w.site1region2.1259.1 5/4/1 L:[A2C,2FC,DC4,FB0         ] F:[694                     ]
profile100sync site1-region2-stratum-adm-37 w.site1region2.1259.2 4/3/1 L:[698,300,A30             ] F:[DC8                     ]
profile100sync site1-region2-stratum-adm-37 w.site1region2.1259.3 4/2/2 L:[304,A34                 ] F:[DCC,69C                 ]
profile100sync site1-region2-stratum-adm-37 w.site1region2.1259.4 4/1/3 L:[DD0                     ] F:[A38,308,6A0             ]
profile100sync site1-region1-stratum-adm-17 w.site1region1.1263.0 5/0/5 L:[                        ] F:[A78,F08,348,6E0,E10     ]
profile100sync site1-region1-stratum-adm-17 w.site1region1.1263.1 5/4/1 L:[34C,E14,FC0,6E4         ] F:[A7C                     ]
profile100sync site1-region1-stratum-adm-17 w.site1region1.1263.2 4/3/1 L:[6E8,E18,350             ] F:[A80                     ]
profile100sync site1-region1-stratum-adm-17 w.site1region1.1263.3 4/2/2 L:[E1C,A84                 ] F:[6EC,354                 ]
profile100sync site1-region1-stratum-adm-17 w.site1region1.1263.4 4/3/1 L:[A88,6F0,E20             ] F:[358                     ]
profile100sync site1-region2-stratum-adm-21 w.site1region2.1264.0 5/2/3 L:[EFC,30C                 ] F:[A3C,6A4,DD4             ]
profile100sync site1-region2-stratum-adm-21 w.site1region2.1264.1 5/0/5 L:[                        ] F:[DD8,6A8,FB4,310,A40     ]
profile100sync site1-region2-stratum-adm-21 w.site1region2.1264.2 4/1/3 L:[314                     ] F:[DDC,6AC,A44             ]
profile100sync site1-region2-stratum-adm-21 w.site1region2.1264.3 4/2/2 L:[A48,6B0                 ] F:[318,DE0                 ]
profile100sync site1-region2-stratum-adm-21 w.site1region2.1264.4 4/1/3 L:[31C                     ] F:[A4C,6B4,DE4             ]
profile100sync site1-region2-stratum-adm-17 w.site1region2.1265.0 5/2/3 L:[6B8,F00                 ] F:[DE8,320,A50             ]
profile100sync site1-region2-stratum-adm-17 w.site1region2.1265.1 5/3/2 L:[FB8,324,A54             ] F:[DEC,6BC                 ]
profile100sync site1-region2-stratum-adm-17 w.site1region2.1265.2 4/2/2 L:[328,DF0                 ] F:[A58,6C0                 ]
profile100sync site1-region2-stratum-adm-17 w.site1region2.1265.3 4/2/2 L:[32C,DF4                 ] F:[A5C,6C4                 ]
profile100sync site1-region2-stratum-adm-17 w.site1region2.1265.4 4/2/2 L:[330,A60                 ] F:[6C8,DF8                 ]
profile100sync site1-region2-stratum-adm-11 w.site1region2.1269.0 5/4/1 L:[6CC,334,DFC,A64         ] F:[F04                     ]
profile100sync site1-region2-stratum-adm-11 w.site1region2.1269.1 5/2/3 L:[A68,E00                 ] F:[FBC,6D0,338             ]
profile100sync site1-region2-stratum-adm-11 w.site1region2.1269.2 4/3/1 L:[A6C,33C,E04             ] F:[6D4                     ]
profile100sync site1-region2-stratum-adm-11 w.site1region2.1269.3 4/0/4 L:[                        ] F:[E08,6D8,340,A70         ]
profile100sync site1-region2-stratum-adm-11 w.site1region2.1269.4 4/2/2 L:[E0C,A74                 ] F:[6DC,344                 ]
profile100sync site1-region2-stratum-adm-12 w.site1region2.1271.0 5/5/0 L:[A78,F08,348,6E0,E10     ] F:[                        ]
profile100sync site1-region2-stratum-adm-12 w.site1region2.1271.1 5/1/4 L:[A7C                     ] F:[34C,E14,FC0,6E4         ]
profile100sync site1-region2-stratum-adm-12 w.site1region2.1271.2 4/1/3 L:[A80                     ] F:[6E8,E18,350             ]
profile100sync site1-region2-stratum-adm-12 w.site1region2.1271.3 4/2/2 L:[6EC,354                 ] F:[E1C,A84                 ]
profile100sync site1-region2-stratum-adm-12 w.site1region2.1271.4 4/1/3 L:[358                     ] F:[A88,6F0,E20             ]
profile100sync site1-region2-stratum-adm-15 w.site1region2.1276.0 5/2/3 L:[F0C,6F4                 ] F:[A8C,35C,E24             ]
profile100sync site1-region2-stratum-adm-15 w.site1region2.1276.1 5/2/3 L:[6F8,A90                 ] F:[FC4,360,E28             ]
profile100sync site1-region2-stratum-adm-15 w.site1region2.1276.2 4/1/3 L:[6FC                     ] F:[E2C,364,A94             ]
profile100sync site1-region2-stratum-adm-15 w.site1region2.1276.3 4/2/2 L:[368,E30                 ] F:[A98,700                 ]
profile100sync site1-region2-stratum-adm-15 w.site1region2.1276.4 4/1/3 L:[A9C                     ] F:[36C,704,E34             ]
profile100sync site1-region1-stratum-adm-45 w.site1region1.1279.0 5/3/2 L:[A8C,35C,E24             ] F:[F0C,6F4                 ]
profile100sync site1-region1-stratum-adm-45 w.site1region1.1279.1 5/3/2 L:[FC4,360,E28             ] F:[6F8,A90                 ]
profile100sync site1-region1-stratum-adm-45 w.site1region1.1279.2 4/3/1 L:[E2C,364,A94             ] F:[6FC                     ]
profile100sync site1-region1-stratum-adm-45 w.site1region1.1279.3 4/2/2 L:[A98,700                 ] F:[368,E30                 ]
profile100sync site1-region1-stratum-adm-45 w.site1region1.1279.4 4/3/1 L:[36C,704,E34             ] F:[A9C                     ]
profile100sync site1-region2-stratum-adm-16 w.site1region2.1280.0 5/2/3 L:[E38,AA0                 ] F:[708,F10,370             ]
profile100sync site1-region2-stratum-adm-16 w.site1region2.1280.1 5/1/4 L:[E3C                     ] F:[FC8,70C,374,AA4         ]
profile100sync site1-region2-stratum-adm-16 w.site1region2.1280.2 4/1/3 L:[378                     ] F:[710,AA8,E40             ]
profile100sync site1-region2-stratum-adm-16 w.site1region2.1280.3 4/1/3 L:[37C                     ] F:[714,AAC,E44             ]
profile100sync site1-region2-stratum-adm-16 w.site1region2.1280.4 4/2/2 L:[718,380                 ] F:[E48,AB0                 ]
profile100sync site1-region2-stratum-adm-9 w.site1region2.1281.0 5/2/3 L:[E4C,71C                 ] F:[F14,384,AB4             ]
profile100sync site1-region2-stratum-adm-9 w.site1region2.1281.1 5/3/2 L:[FCC,AB8,E50             ] F:[388,720                 ]
profile100sync site1-region2-stratum-adm-9 w.site1region2.1281.2 4/3/1 L:[ABC,38C,724             ] F:[E54                     ]
profile100sync site1-region2-stratum-adm-9 w.site1region2.1281.3 4/3/1 L:[E58,728,390             ] F:[AC0                     ]
profile100sync site1-region2-stratum-adm-9 w.site1region2.1281.4 4/2/2 L:[E5C,394                 ] F:[72C,AC4                 ]
profile100sync site1-region1-stratum-adm-44 w.site1region1.1282.0 5/3/2 L:[708,F10,370             ] F:[E38,AA0                 ]
profile100sync site1-region1-stratum-adm-44 w.site1region1.1282.1 5/4/1 L:[FC8,70C,374,AA4         ] F:[E3C                     ]
profile100sync site1-region1-stratum-adm-44 w.site1region1.1282.2 4/3/1 L:[710,AA8,E40             ] F:[378                     ]
profile100sync site1-region1-stratum-adm-44 w.site1region1.1282.3 4/3/1 L:[714,AAC,E44             ] F:[37C                     ]
profile100sync site1-region1-stratum-adm-44 w.site1region1.1282.4 4/2/2 L:[E48,AB0                 ] F:[718,380                 ]
profile100sync site1-region1-stratum-adm-43 w.site1region1.1283.0 5/3/2 L:[F14,384,AB4             ] F:[E4C,71C                 ]
profile100sync site1-region1-stratum-adm-43 w.site1region1.1283.1 5/2/3 L:[388,720                 ] F:[FCC,AB8,E50             ]
profile100sync site1-region1-stratum-adm-43 w.site1region1.1283.2 4/1/3 L:[E54                     ] F:[ABC,38C,724             ]
profile100sync site1-region1-stratum-adm-43 w.site1region1.1283.3 4/1/3 L:[AC0                     ] F:[E58,728,390             ]
profile100sync site1-region1-stratum-adm-43 w.site1region1.1283.4 4/2/2 L:[72C,AC4                 ] F:[E5C,394                 ]
