profile100sync site1-region2-stratum-adm-0 w.site1region2.1005.0 8/5/3 L:[F18,000,228,CF0,678     ] F:[AC8,450,8A0             ]
profile100sync site1-region2-stratum-adm-0 w.site1region2.1005.1 8/5/3 L:[ACA,8A2,CF2,F74,22A     ] F:[67A,452,002             ]
profile100sync site1-region2-stratum-adm-0 w.site1region2.1005.2 8/5/3 L:[004,454,ACC,FD0,22C     ] F:[67C,8A4,CF4             ]
profile100sync site1-region2-stratum-adm-0 w.site1region2.1005.3 7/5/2 L:[ACE,8A6,22E,006,67E     ] F:[456,CF6                 ]
profile100sync site1-region2-stratum-adm-0 w.site1region2.1005.4 7/5/2 L:[230,CF8,680,8A8,458     ] F:[AD0,008                 ]
profile100sync site1-region2-stratum-adm-0 w.site1region2.1005.5 7/2/5 L:[45A,8AA                 ] F:[CFA,232,682,AD2,00A     ]
profile100sync site1-region1-stratum-adm-0 w.site1region1.1009.0 8/3/5 L:[AC8,450,8A0             ] F:[F18,000,228,CF0,678     ]
profile100sync site1-region1-stratum-adm-0 w.site1region1.1009.1 8/3/5 L:[67A,452,002             ] F:[ACA,8A2,CF2,F74,22A     ]
profile100sync site1-region1-stratum-adm-0 w.site1region1.1009.2 8/3/5 L:[67C,8A4,CF4             ] F:[004,454,ACC,FD0,22C     ]
profile100sync site1-region1-stratum-adm-0 w.site1region1.1009.3 7/2/5 L:[456,CF6                 ] F:[ACE,8A6,22E,006,67E     ]
profile100sync site1-region1-stratum-adm-0 w.site1region1.1009.4 7/2/5 L:[AD0,008                 ] F:[230,CF8,680,8A8,458     ]
profile100sync site1-region1-stratum-adm-0 w.site1region1.1009.5 7/5/2 L:[CFA,232,682,AD2,00A     ] F:[45A,8AA                 ]
profile100sync site1-region2-stratum-adm-1 w.site1region2.1012.0 8/6/2 L:[684,234,45C,AD4,F1A,00C ] F:[CFC,8AC                 ]
profile100sync site1-region2-stratum-adm-1 w.site1region2.1012.1 8/5/3 L:[236,F76,AD6,8AE,45E     ] F:[CFE,686,00E             ]
profile100sync site1-region2-stratum-adm-1 w.site1region2.1012.2 8/6/2 L:[688,AD8,460,010,FD2,238 ] F:[8B0,D00                 ]
profile100sync site1-region2-stratum-adm-1 w.site1region2.1012.3 7/4/3 L:[ADA,462,68A,012         ] F:[8B2,D02,23A             ]
profile100sync site1-region2-stratum-adm-1 w.site1region2.1012.4 7/4/3 L:[ADC,014,D04,23C         ] F:[464,8B4,68C             ]
profile100sync site1-region2-stratum-adm-1 w.site1region2.1012.5 7/2/5 L:[466,23E                 ] F:[ADE,016,8B6,D06,68E     ]
profile100sync site1-region1-stratum-adm-2 w.site1region1.1014.0 8/2/6 L:[CFC,8AC                 ] F:[684,234,45C,AD4,F1A,00C ]
profile100sync site1-region1-stratum-adm-2 w.site1region1.1014.1 8/3/5 L:[CFE,686,00E             ] F:[236,F76,AD6,8AE,45E     ]
profile100sync site1-region1-stratum-adm-2 w.site1region1.1014.2 8/2/6 L:[8B0,D00                 ] F:[688,AD8,460,010,FD2,238 ]
profile100sync site1-region1-stratum-adm-2 w.site1region1.1014.3 7/3/4 L:[8B2,D02,23A             ] F:[ADA,462,68A,012         ]
profile100sync site1-region1-stratum-adm-2 w.site1region1.1014.4 7/3/4 L:[464,8B4,68C             ] F:[ADC,014,D04,23C         ]
profile100sync site1-region1-stratum-adm-2 w.site1region1.1014.5 7/5/2 L:[ADE,016,8B6,D06,68E     ] F:[466,23E                 ]
profile100sync site1-region1-stratum-adm-1 w.site1region1.1015.0 8/7/1 L:[F1C,D08,240,468,AE0,018,8B8] F:[690                     ]
profile100sync site1-region1-stratum-adm-1 w.site1region1.1015.1 8/5/3 L:[8BA,01A,242,46A,AE2     ] F:[D0A,F78,692             ]
profile100sync site1-region1-stratum-adm-1 w.site1region1.1015.2 8/5/3 L:[D0C,244,AE4,FD4,46C     ] F:[694,8BC,01C             ]
profile100sync site1-region1-stratum-adm-1 w.site1region1.1015.3 7/2/5 L:[696,01E                 ] F:[246,8BE,D0E,AE6,46E     ]
profile100sync site1-region1-stratum-adm-1 w.site1region1.1015.4 7/3/4 L:[020,248,8C0             ] F:[470,D10,AE8,698         ]
profile100sync site1-region1-stratum-adm-1 w.site1region1.1015.5 7/1/6 L:[69A                     ] F:[AEA,022,D12,8C2,472,24A ]
profile100sync site1-region2-stratum-adm-2 w.site1region2.1026.0 8/1/7 L:[690                     ] F:[F1C,D08,240,468,AE0,018,8B8]
profile100sync site1-region2-stratum-adm-2 w.site1region2.1026.1 8/3/5 L:[D0A,F78,692             ] F:[8BA,01A,242,46A,AE2     ]
profile100sync site1-region2-stratum-adm-2 w.site1region2.1026.2 8/3/5 L:[694,8BC,01C             ] F:[D0C,244,AE4,FD4,46C     ]
profile100sync site1-region2-stratum-adm-2 w.site1region2.1026.3 7/5/2 L:[246,8BE,D0E,AE6,46E     ] F:[696,01E                 ]
profile100sync site1-region2-stratum-adm-2 w.site1region2.1026.4 7/4/3 L:[470,D10,AE8,698         ] F:[020,248,8C0             ]
profile100sync site1-region2-stratum-adm-2 w.site1region2.1026.5 7/6/1 L:[AEA,022,D12,8C2,472,24A ] F:[69A                     ]
profile100sync site1-region2-stratum-adm-3 w.site1region2.1029.0 8/6/2 L:[474,D14,024,24C,F1E,69C ] F:[AEC,8C4                 ]
profile100sync site1-region2-stratum-adm-3 w.site1region2.1029.1 8/6/2 L:[69E,AEE,24E,026,8C6,D16 ] F:[476,F7A                 ]
profile100sync site1-region2-stratum-adm-3 w.site1region2.1029.2 8/4/4 L:[8C8,250,FD6,028         ] F:[6A0,D18,AF0,478         ]
profile100sync site1-region2-stratum-adm-3 w.site1region2.1029.3 7/2/5 L:[6A2,8CA                 ] F:[D1A,47A,252,AF2,02A     ]
profile100sync site1-region2-stratum-adm-3 w.site1region2.1029.4 7/3/4 L:[D1C,02C,8CC             ] F:[6A4,254,47C,AF4         ]
profile100sync site1-region2-stratum-adm-3 w.site1region2.1029.5 7/2/5 L:[D1E,AF6                 ] F:[6A6,47E,02E,256,8CE     ]
profile100sync site1-region1-stratum-adm-4 w.site1region1.1030.0 8/2/6 L:[AEC,8C4                 ] F:[474,D14,024,24C,F1E,69C ]
profile100sync site1-region1-stratum-adm-4 w.site1region1.1030.1 8/2/6 L:[476,F7A                 ] F:[69E,AEE,24E,026,8C6,D16 ]
profile100sync site1-region1-stratum-adm-4 w.site1region1.1030.2 8/4/4 L:[6A0,D18,AF0,478         ] F:[8C8,250,FD6,028         ]
profile100sync site1-region1-stratum-adm-4 w.site1region1.1030.3 7/5/2 L:[D1A,47A,252,AF2,02A     ] F:[6A2,8CA                 ]
profile100sync site1-region1-stratum-adm-4 w.site1region1.1030.4 7/4/3 L:[6A4,254,47C,AF4         ] F:[D1C,02C,8CC             ]
profile100sync site1-region1-stratum-adm-4 w.site1region1.1030.5 7/5/2 L:[6A6,47E,02E,256,8CE     ] F:[D1E,AF6                 ]
profile100sync site1-region1-stratum-adm-3 w.site1region1.1031.0 8/5/3 L:[6A8,030,AF8,F20,258     ] F:[480,8D0,D20             ]
profile100sync site1-region1-stratum-adm-3 w.site1region1.1031.1 8/4/4 L:[032,25A,482,6AA         ] F:[F7C,AFA,D22,8D2         ]
profile100sync site1-region1-stratum-adm-3 w.site1region1.1031.2 8/4/4 L:[484,AFC,034,8D4         ] F:[6AC,D24,25C,FD8         ]
profile100sync site1-region1-stratum-adm-3 w.site1region1.1031.3 7/5/2 L:[486,D26,6AE,AFE,25E     ] F:[036,8D6                 ]
profile100sync site1-region1-stratum-adm-3 w.site1region1.1031.4 7/5/2 L:[038,260,488,B00,8D8     ] F:[D28,6B0                 ]
profile100sync site1-region1-stratum-adm-3 w.site1region1.1031.5 7/4/3 L:[D2A,B02,48A,8DA         ] F:[6B2,262,03A             ]
profile100sync site1-region2-stratum-adm-4 w.site1region2.1032.0 8/3/5 L:[480,8D0,D20             ] F:[6A8,030,AF8,F20,258     ]
profile100sync site1-region2-stratum-adm-4 w.site1region2.1032.1 8/4/4 L:[F7C,AFA,D22,8D2         ] F:[032,25A,482,6AA         ]
profile100sync site1-region2-stratum-adm-4 w.site1region2.1032.2 8/4/4 L:[6AC,D24,25C,FD8         ] F:[484,AFC,034,8D4         ]
profile100sync site1-region2-stratum-adm-4 w.site1region2.1032.3 7/2/5 L:[036,8D6                 ] F:[486,D26,6AE,AFE,25E     ]
profile100sync site1-region2-stratum-adm-4 w.site1region2.1032.4 7/2/5 L:[D28,6B0                 ] F:[038,260,488,B00,8D8     ]
profile100sync site1-region2-stratum-adm-4 w.site1region2.1032.5 7/3/4 L:[6B2,262,03A             ] F:[D2A,B02,48A,8DA         ]
profile100sync site1-region1-stratum-adm-5 w.site1region1.1035.0 8/4/4 L:[D2C,B04,6B4,264         ] F:[8DC,F22,48C,03C         ]
profile100sync site1-region1-stratum-adm-5 w.site1region1.1035.1 8/4/4 L:[F7E,D2E,6B6,03E         ] F:[266,B06,48E,8DE         ]
profile100sync site1-region1-stratum-adm-5 w.site1region1.1035.2 8/1/7 L:[268                     ] F:[FDA,040,8E0,490,6B8,B08,D30]
profile100sync site1-region1-stratum-adm-5 w.site1region1.1035.3 7/3/4 L:[B0A,8E2,6BA             ] F:[492,042,D32,26A         ]
profile100sync site1-region1-stratum-adm-5 w.site1region1.1035.4 7/2/5 L:[B0C,26C                 ] F:[494,8E4,044,6BC,D34     ]
profile100sync site1-region1-stratum-adm-5 w.site1region1.1035.5 7/3/4 L:[046,6BE,8E6             ] F:[B0E,496,26E,D36         ]
profile100sync site1-region2-stratum-adm-5 w.site1region2.1037.0 8/4/4 L:[8DC,F22,48C,03C         ] F:[D2C,B04,6B4,264         ]
profile100sync site1-region2-stratum-adm-5 w.site1region2.1037.1 8/4/4 L:[266,B06,48E,8DE         ] F:[F7E,D2E,6B6,03E         ]
profile100sync site1-region2-stratum-adm-5 w.site1region2.1037.2 8/7/1 L:[FDA,040,8E0,490,6B8,B08,D30] F:[268                     ]
profile100sync site1-region2-stratum-adm-5 w.site1region2.1037.3 7/4/3 L:[492,042,D32,26A         ] F:[B0A,8E2,6BA             ]
profile100sync site1-region2-stratum-adm-5 w.site1region2.1037.4 7/5/2 L:[494,8E4,044,6BC,D34     ] F:[B0C,26C                 ]
profile100sync site1-region2-stratum-adm-5 w.site1region2.1037.5 7/4/3 L:[B0E,496,26E,D36         ] F:[046,6BE,8E6             ]
profile100sync site1-region1-stratum-adm-6 w.site1region1.1039.0 8/3/5 L:[8E8,B10,D38             ] F:[6C0,270,F24,048,498     ]
profile100sync site1-region1-stratum-adm-6 w.site1region1.1039.1 8/7/1 L:[8EA,D3A,272,F80,04A,B12,49A] F:[6C2                     ]
profile100sync site1-region1-stratum-adm-6 w.site1region1.1039.2 8/4/4 L:[6C4,8EC,274,D3C         ] F:[FDC,49C,B14,04C         ]
profile100sync site1-region1-stratum-adm-6 w.site1region1.1039.3 7/4/3 L:[6C6,276,8EE,49E         ] F:[D3E,B16,04E             ]
profile100sync site1-region1-stratum-adm-6 w.site1region1.1039.4 7/4/3 L:[B18,050,278,D40         ] F:[4A0,8F0,6C8             ]
profile100sync site1-region1-stratum-adm-6 w.site1region1.1039.5 7/4/3 L:[4A2,052,8F2,27A         ] F:[B1A,D42,6CA             ]
profile100sync site1-region2-stratum-adm-6 w.site1region2.1041.0 8/5/3 L:[6C0,270,F24,048,498     ] F:[8E8,B10,D38             ]
profile100sync site1-region2-stratum-adm-6 w.site1region2.1041.1 8/1/7 L:[6C2                     ] F:[8EA,D3A,272,F80,04A,B12,49A]
profile100sync site1-region2-stratum-adm-6 w.site1region2.1041.2 8/4/4 L:[FDC,49C,B14,04C         ] F:[6C4,8EC,274,D3C         ]
profile100sync site1-region2-stratum-adm-6 w.site1region2.1041.3 7/3/4 L:[D3E,B16,04E             ] F:[6C6,276,8EE,49E         ]
profile100sync site1-region2-stratum-adm-6 w.site1region2.1041.4 7/3/4 L:[4A0,8F0,6C8             ] F:[B18,050,278,D40         ]
profile100sync site1-region2-stratum-adm-6 w.site1region2.1041.5 7/3/4 L:[B1A,D42,6CA             ] F:[4A2,052,8F2,27A         ]
profile100sync site1-region1-stratum-adm-7 w.site1region1.1044.0 8/2/6 L:[27C,8F4                 ] F:[6CC,4A4,054,D44,F26,B1C ]
profile100sync site1-region1-stratum-adm-7 w.site1region1.1044.1 8/5/3 L:[4A6,D46,056,8F6,27E     ] F:[B1E,6CE,F82             ]
profile100sync site1-region1-stratum-adm-7 w.site1region1.1044.2 8/4/4 L:[6D0,280,058,FDE         ] F:[D48,B20,4A8,8F8         ]
profile100sync site1-region1-stratum-adm-7 w.site1region1.1044.3 7/3/4 L:[D4A,6D2,8FA             ] F:[05A,282,B22,4AA         ]
profile100sync site1-region1-stratum-adm-7 w.site1region1.1044.4 7/3/4 L:[05C,284,B24             ] F:[D4C,6D4,4AC,8FC         ]
profile100sync site1-region1-stratum-adm-7 w.site1region1.1044.5 7/3/4 L:[6D6,B26,8FE             ] F:[D4E,286,05E,4AE         ]
profile100sync site1-region2-stratum-adm-7 w.site1region2.1047.0 8/6/2 L:[6CC,4A4,054,D44,F26,B1C ] F:[27C,8F4                 ]
profile100sync site1-region2-stratum-adm-7 w.site1region2.1047.1 8/3/5 L:[B1E,6CE,F82             ] F:[4A6,D46,056,8F6,27E     ]
profile100sync site1-region2-stratum-adm-7 w.site1region2.1047.2 8/4/4 L:[D48,B20,4A8,8F8         ] F:[6D0,280,058,FDE         ]
profile100sync site1-region2-stratum-adm-7 w.site1region2.1047.3 7/4/3 L:[05A,282,B22,4AA         ] F:[D4A,6D2,8FA             ]
profile100sync site1-region2-stratum-adm-7 w.site1region2.1047.4 7/4/3 L:[D4C,6D4,4AC,8FC         ] F:[05C,284,B24             ]
profile100sync site1-region2-stratum-adm-7 w.site1region2.1047.5 7/4/3 L:[D4E,286,05E,4AE         ] F:[6D6,B26,8FE             ]
profile100sync site1-region2-stratum-adm-8 w.site1region2.1051.0 8/2/6 L:[F28,288                 ] F:[B28,4B0,060,900,D50,6D8 ]
profile100sync site1-region2-stratum-adm-8 w.site1region2.1051.1 8/4/4 L:[6DA,902,28A,D52         ] F:[B2A,062,4B2,F84         ]
profile100sync site1-region2-stratum-adm-8 w.site1region2.1051.2 8/3/5 L:[B2C,904,D54             ] F:[6DC,064,FE0,4B4,28C     ]
profile100sync site1-region2-stratum-adm-8 w.site1region2.1051.3 7/3/4 L:[B2E,066,6DE             ] F:[4B6,906,D56,28E         ]
profile100sync site1-region2-stratum-adm-8 w.site1region2.1051.4 7/3/4 L:[6E0,290,B30             ] F:[D58,4B8,908,068         ]
profile100sync site1-region2-stratum-adm-8 w.site1region2.1051.5 7/2/5 L:[6E2,D5A                 ] F:[292,B32,06A,4BA,90A     ]
profile100sync site1-region1-stratum-adm-8 w.site1region1.1052.0 8/6/2 L:[B28,4B0,060,900,D50,6D8 ] F:[F28,288                 ]
profile100sync site1-region1-stratum-adm-8 w.site1region1.1052.1 8/4/4 L:[B2A,062,4B2,F84         ] F:[6DA,902,28A,D52         ]
profile100sync site1-region1-stratum-adm-8 w.site1region1.1052.2 8/5/3 L:[6DC,064,FE0,4B4,28C     ] F:[B2C,904,D54             ]
profile100sync site1-region1-stratum-adm-8 w.site1region1.1052.3 7/4/3 L:[4B6,906,D56,28E         ] F:[B2E,066,6DE             ]
profile100sync site1-region1-stratum-adm-8 w.site1region1.1052.4 7/4/3 L:[D58,4B8,908,068         ] F:[6E0,290,B30             ]
profile100sync site1-region1-stratum-adm-8 w.site1region1.1052.5 7/5/2 L:[292,B32,06A,4BA,90A     ] F:[6E2,D5A                 ]
profile100sync site1-region2-stratum-adm-9 w.site1region2.1061.0 8/5/3 L:[6E4,06C,F2A,294,4BC     ] F:[D5C,90C,B34             ]
profile100sync site1-region2-stratum-adm-9 w.site1region2.1061.1 8/5/3 L:[90E,06E,296,6E6,F86     ] F:[B36,D5E,4BE             ]
profile100sync site1-region2-stratum-adm-9 w.site1region2.1061.2 8/5/3 L:[910,FE2,4C0,D60,298     ] F:[B38,070,6E8             ]
profile100sync site1-region2-stratum-adm-9 w.site1region2.1061.3 7/4/3 L:[4C2,29A,072,D62         ] F:[B3A,912,6EA             ]
profile100sync site1-region2-stratum-adm-9 w.site1region2.1061.4 7/3/4 L:[074,914,29C             ] F:[B3C,4C4,D64,6EC         ]
profile100sync site1-region2-stratum-adm-9 w.site1region2.1061.5 7/4/3 L:[4C6,916,6EE,29E         ] F:[076,B3E,D66             ]
profile100sync site1-region1-stratum-adm-11 w.site1region1.1065.0 8/3/5 L:[D5C,90C,B34             ] F:[6E4,06C,F2A,294,4BC     ]
profile100sync site1-region1-stratum-adm-11 w.site1region1.1065.1 8/3/5 L:[B36,D5E,4BE             ] F:[90E,06E,296,6E6,F86     ]
profile100sync site1-region1-stratum-adm-11 w.site1region1.1065.2 8/3/5 L:[B38,070,6E8             ] F:[910,FE2,4C0,D60,298     ]
profile100sync site1-region1-stratum-adm-11 w.site1region1.1065.3 7/3/4 L:[B3A,912,6EA             ] F:[4C2,29A,072,D62         ]
profile100sync site1-region1-stratum-adm-11 w.site1region1.1065.4 7/4/3 L:[B3C,4C4,D64,6EC         ] F:[074,914,29C             ]
profile100sync site1-region1-stratum-adm-11 w.site1region1.1065.5 7/3/4 L:[076,B3E,D66             ] F:[4C6,916,6EE,29E         ]
profile100sync site1-region1-stratum-adm-15 w.site1region1.1067.0 8/5/3 L:[D68,B40,078,4C8,918     ] F:[F2C,6F0,2A0             ]
profile100sync site1-region1-stratum-adm-15 w.site1region1.1067.1 8/4/4 L:[D6A,91A,B42,6F2         ] F:[07A,2A2,F88,4CA         ]
profile100sync site1-region1-stratum-adm-15 w.site1region1.1067.2 8/2/6 L:[6F4,D6C                 ] F:[91C,2A4,07C,B44,FE4,4CC ]
profile100sync site1-region1-stratum-adm-15 w.site1region1.1067.3 7/4/3 L:[2A6,4CE,B46,91E         ] F:[D6E,07E,6F6             ]
profile100sync site1-region1-stratum-adm-15 w.site1region1.1067.4 7/5/2 L:[4D0,6F8,080,B48,D70     ] F:[920,2A8                 ]
profile100sync site1-region1-stratum-adm-15 w.site1region1.1067.5 7/4/3 L:[922,6FA,D72,2AA         ] F:[B4A,4D2,082             ]
profile100sync site1-region1-stratum-adm-18 w.site1region1.1072.0 8/6/2 L:[4D4,084,B4C,D74,924,6FC ] F:[F2E,2AC                 ]
profile100sync site1-region1-stratum-adm-18 w.site1region1.1072.1 8/5/3 L:[926,6FE,086,D76,F8A     ] F:[B4E,4D6,2AE             ]
profile100sync site1-region1-stratum-adm-18 w.site1region1.1072.2 8/2/6 L:[D78,FE6                 ] F:[928,2B0,B50,700,088,4D8 ]
profile100sync site1-region1-stratum-adm-18 w.site1region1.1072.3 7/2/5 L:[D7A,B52                 ] F:[702,08A,2B2,92A,4DA     ]
profile100sync site1-region1-stratum-adm-18 w.site1region1.1072.4 7/3/4 L:[704,4DC,B54             ] F:[D7C,2B4,08C,92C         ]
profile100sync site1-region1-stratum-adm-18 w.site1region1.1072.5 7/2/5 L:[B56,92E                 ] F:[D7E,706,2B6,08E,4DE     ]
profile100sync site1-region1-stratum-adm-25 w.site1region1.1074.0 8/3/5 L:[930,B58,2B8             ] F:[708,4E0,D80,F30,090     ]
profile100sync site1-region1-stratum-adm-25 w.site1region1.1074.1 8/7/1 L:[F8C,4E2,D82,932,2BA,092,70A] F:[B5A                     ]
profile100sync site1-region1-stratum-adm-25 w.site1region1.1074.2 8/3/5 L:[FE8,4E4,934             ] F:[B5C,70C,094,D84,2BC     ]
profile100sync site1-region1-stratum-adm-25 w.site1region1.1074.3 7/5/2 L:[4E6,096,936,D86,70E     ] F:[B5E,2BE                 ]
profile100sync site1-region1-stratum-adm-25 w.site1region1.1074.4 7/1/6 L:[4E8                     ] F:[D88,710,2C0,B60,098,938 ]
profile100sync site1-region1-stratum-adm-25 w.site1region1.1074.5 7/5/2 L:[D8A,712,09A,B62,93A     ] F:[2C2,4EA                 ]
profile100sync site1-region1-stratum-adm-27 w.site1region1.1084.0 8/1/7 L:[2C4                     ] F:[D8C,93C,F32,4EC,714,B64,09C]
profile100sync site1-region1-stratum-adm-27 w.site1region1.1084.1 8/4/4 L:[F8E,D8E,B66,93E         ] F:[716,2C6,4EE,09E         ]
profile100sync site1-region1-stratum-adm-27 w.site1region1.1084.2 8/5/3 L:[FEA,718,D90,4F0,2C8     ] F:[0A0,B68,940             ]
profile100sync site1-region1-stratum-adm-27 w.site1region1.1084.3 7/3/4 L:[B6A,4F2,942             ] F:[0A2,71A,D92,2CA         ]
profile100sync site1-region1-stratum-adm-27 w.site1region1.1084.4 7/4/3 L:[B6C,0A4,944,2CC         ] F:[4F4,D94,71C             ]
profile100sync site1-region1-stratum-adm-27 w.site1region1.1084.5 7/4/3 L:[4F6,0A6,946,71E         ] F:[B6E,2CE,D96             ]
profile100sync site1-region1-stratum-adm-24 w.site1region1.1087.0 8/5/3 L:[948,2D0,B70,F34,4F8     ] F:[D98,720,0A8             ]
profile100sync site1-region1-stratum-adm-24 w.site1region1.1087.1 8/3/5 L:[F90,0AA,4FA             ] F:[D9A,2D2,722,B72,94A     ]
profile100sync site1-region1-stratum-adm-24 w.site1region1.1087.2 8/4/4 L:[FEC,724,94C,0AC         ] F:[D9C,2D4,B74,4FC         ]
profile100sync site1-region1-stratum-adm-24 w.site1region1.1087.3 7/4/3 L:[D9E,2D6,B76,4FE         ] F:[726,0AE,94E             ]
profile100sync site1-region1-stratum-adm-24 w.site1region1.1087.4 7/5/2 L:[500,950,2D8,DA0,728     ] F:[B78,0B0                 ]
profile100sync site1-region1-stratum-adm-24 w.site1region1.1087.5 7/3/4 L:[B7A,0B2,72A             ] F:[502,DA2,952,2DA         ]
profile100sync site1-region1-stratum-adm-23 w.site1region1.1094.0 8/5/3 L:[B7C,504,2DC,954,F36     ] F:[72C,DA4,0B4             ]
profile100sync site1-region1-stratum-adm-23 w.site1region1.1094.1 8/5/3 L:[B7E,72E,0B6,2DE,956     ] F:[F92,506,DA6             ]
profile100sync site1-region1-stratum-adm-23 w.site1region1.1094.2 8/3/5 L:[DA8,508,958             ] F:[FEE,730,2E0,B80,0B8     ]
profile100sync site1-region1-stratum-adm-23 w.site1region1.1094.3 7/6/1 L:[732,B82,0BA,DAA,50A,95A ] F:[2E2                     ]
profile100sync site1-region1-stratum-adm-23 w.site1region1.1094.4 7/5/2 L:[734,B84,50C,DAC,0BC     ] F:[2E4,95C                 ]
profile100sync site1-region1-stratum-adm-23 w.site1region1.1094.5 7/1/6 L:[95E                     ] F:[DAE,736,B86,2E6,0BE,50E ]
profile100sync site1-region2-stratum-adm-23 w.site1region2.1096.0 8/3/5 L:[F2C,6F0,2A0             ] F:[D68,B40,078,4C8,918     ]
profile100sync site1-region2-stratum-adm-23 w.site1region2.1096.1 8/4/4 L:[07A,2A2,F88,4CA         ] F:[D6A,91A,B42,6F2         ]
profile100sync site1-region2-stratum-adm-23 w.site1region2.1096.2 8/6/2 L:[91C,2A4,07C,B44,FE4,4CC ] F:[6F4,D6C                 ]
profile100sync site1-region2-stratum-adm-23 w.site1region2.1096.3 7/3/4 L:[D6E,07E,6F6             ] F:[2A6,4CE,B46,91E         ]
profile100sync site1-region2-stratum-adm-23 w.site1region2.1096.4 7/2/5 L:[920,2A8                 ] F:[4D0,6F8,080,B48,D70     ]
profile100sync site1-region2-stratum-adm-23 w.site1region2.1096.5 7/3/4 L:[B4A,4D2,082             ] F:[922,6FA,D72,2AA         ]
profile100sync site1-region2-stratum-adm-10 w.site1region2.1098.0 8/2/6 L:[F2E,2AC                 ] F:[4D4,084,B4C,D74,924,6FC ]
profile100sync site1-region2-stratum-adm-10 w.site1region2.1098.1 8/3/5 L:[B4E,4D6,2AE             ] F:[926,6FE,086,D76,F8A     ]
profile100sync site1-region2-stratum-adm-10 w.site1region2.1098.2 8/6/2 L:[928,2B0,B50,700,088,4D8 ] F:[D78,FE6                 ]
profile100sync site1-region2-stratum-adm-10 w.site1region2.1098.3 7/5/2 L:[702,08A,2B2,92A,4DA     ] F:[D7A,B52                 ]
profile100sync site1-region2-stratum-adm-10 w.site1region2.1098.4 7/4/3 L:[D7C,2B4,08C,92C         ] F:[704,4DC,B54             ]
profile100sync site1-region2-stratum-adm-10 w.site1region2.1098.5 7/5/2 L:[D7E,706,2B6,08E,4DE     ] F:[B56,92E                 ]
profile100sync site1-region1-stratum-adm-30 w.site1region1.1103.0 8/3/5 L:[F38,0C0,960             ] F:[B88,510,738,DB0,2E8     ]
profile100sync site1-region1-stratum-adm-30 w.site1region1.1103.1 8/1/7 L:[2EA                     ] F:[B8A,73A,962,512,0C2,F94,DB2]
profile100sync site1-region1-stratum-adm-30 w.site1region1.1103.2 8/5/3 L:[B8C,0C4,964,514,2EC     ] F:[73C,FF0,DB4             ]
profile100sync site1-region1-stratum-adm-30 w.site1region1.1103.3 7/3/4 L:[966,DB6,73E             ] F:[B8E,0C6,516,2EE         ]
profile100sync site1-region1-stratum-adm-30 w.site1region1.1103.4 7/3/4 L:[DB8,0C8,518             ] F:[740,B90,2F0,968         ]
profile100sync site1-region1-stratum-adm-30 w.site1region1.1103.5 7/3/4 L:[DBA,2F2,B92             ] F:[742,0CA,51A,96A         ]
profile100sync site1-region1-stratum-adm-29 w.site1region1.1107.0 8/4/4 L:[DBC,96C,744,0CC         ] F:[2F4,B94,F3A,51C         ]
profile100sync site1-region1-stratum-adm-29 w.site1region1.1107.1 8/6/2 L:[96E,2F6,F96,B96,0CE,51E ] F:[DBE,746                 ]
profile100sync site1-region1-stratum-adm-29 w.site1region1.1107.2 8/3/5 L:[970,DC0,0D0             ] F:[B98,748,520,FF2,2F8     ]
profile100sync site1-region1-stratum-adm-29 w.site1region1.1107.3 7/3/4 L:[522,972,74A             ] F:[B9A,0D2,DC2,2FA         ]
profile100sync site1-region1-stratum-adm-29 w.site1region1.1107.4 7/4/3 L:[B9C,2FC,DC4,74C         ] F:[524,0D4,974             ]
profile100sync site1-region1-stratum-adm-29 w.site1region1.1107.5 7/3/4 L:[B9E,0D6,2FE             ] F:[526,976,DC6,74E         ]
profile100sync site1-region2-stratum-adm-28 w.site1region2.1109.0 8/5/3 L:[708,4E0,D80,F30,090     ] F:[930,B58,2B8             ]
profile100sync site1-region2-stratum-adm-28 w.site1region2.1109.1 8/1/7 L:[B5A                     ] F:[F8C,4E2,D82,932,2BA,092,70A]
profile100sync site1-region2-stratum-adm-28 w.site1region2.1109.2 8/5/3 L:[B5C,70C,094,D84,2BC     ] F:[FE8,4E4,934             ]
profile100sync site1-region2-stratum-adm-28 w.site1region2.1109.3 7/2/5 L:[B5E,2BE                 ] F:[4E6,096,936,D86,70E     ]
profile100sync site1-region2-stratum-adm-28 w.site1region2.1109.4 7/6/1 L:[D88,710,2C0,B60,098,938 ] F:[4E8                     ]
profile100sync site1-region2-stratum-adm-28 w.site1region2.1109.5 7/2/5 L:[2C2,4EA                 ] F:[D8A,712,09A,B62,93A     ]
profile100sync site1-region2-stratum-adm-29 w.site1region2.1111.0 8/7/1 L:[D8C,93C,F32,4EC,714,B64,09C] F:[2C4                     ]
profile100sync site1-region2-stratum-adm-29 w.site1region2.1111.1 8/4/4 L:[716,2C6,4EE,09E         ] F:[F8E,D8E,B66,93E         ]
profile100sync site1-region2-stratum-adm-29 w.site1region2.1111.2 8/3/5 L:[0A0,B68,940             ] F:[FEA,718,D90,4F0,2C8     ]
profile100sync site1-region2-stratum-adm-29 w.site1region2.1111.3 7/4/3 L:[0A2,71A,D92,2CA         ] F:[B6A,4F2,942             ]
profile100sync site1-region2-stratum-adm-29 w.site1region2.1111.4 7/3/4 L:[4F4,D94,71C             ] F:[B6C,0A4,944,2CC         ]
profile100sync site1-region2-stratum-adm-29 w.site1region2.1111.5 7/3/4 L:[B6E,2CE,D96             ] F:[4F6,0A6,946,71E         ]
profile100sync site1-region1-stratum-adm-14 w.site1region1.1113.0 8/5/3 L:[F3C,750,BA0,DC8,528     ] F:[300,0D8,978             ]
profile100sync site1-region1-stratum-adm-14 w.site1region1.1113.1 8/5/3 L:[DCA,752,F98,BA2,0DA     ] F:[97A,302,52A             ]
profile100sync site1-region1-stratum-adm-14 w.site1region1.1113.2 8/2/6 L:[97C,0DC                 ] F:[DCC,FF4,754,304,BA4,52C ]
profile100sync site1-region1-stratum-adm-14 w.site1region1.1113.3 7/3/4 L:[0DE,306,DCE             ] F:[756,BA6,52E,97E         ]
profile100sync site1-region1-stratum-adm-14 w.site1region1.1113.4 7/3/4 L:[530,DD0,0E0             ] F:[BA8,980,758,308         ]
profile100sync site1-region1-stratum-adm-14 w.site1region1.1113.5 7/3/4 L:[BAA,DD2,30A             ] F:[532,0E2,75A,982         ]
profile100sync site1-region1-stratum-adm-31 w.site1region1.1114.0 8/4/4 L:[F3E,BAC,534,30C         ] F:[0E4,984,DD4,75C         ]
profile100sync site1-region1-stratum-adm-31 w.site1region1.1114.1 8/2/6 L:[536,986                 ] F:[BAE,75E,0E6,DD6,F9A,30E ]
profile100sync site1-region1-stratum-adm-31 w.site1region1.1114.2 8/5/3 L:[DD8,760,310,BB0,0E8     ] F:[988,538,FF6             ]
profile100sync site1-region1-stratum-adm-31 w.site1region1.1114.3 7/2/5 L:[762,DDA                 ] F:[312,BB2,98A,53A,0EA     ]
profile100sync site1-region1-stratum-adm-31 w.site1region1.1114.4 7/4/3 L:[764,BB4,0EC,98C         ] F:[DDC,314,53C             ]
profile100sync site1-region1-stratum-adm-31 w.site1region1.1114.5 7/1/6 L:[766                     ] F:[DDE,BB6,316,0EE,53E,98E ]
profile100sync site1-region1-stratum-adm-32 w.site1region1.1115.0 8/3/5 L:[990,768,318             ] F:[BB8,540,0F0,DE0,F40     ]
profile100sync site1-region1-stratum-adm-32 w.site1region1.1115.1 8/2/6 L:[DE2,76A                 ] F:[F9C,BBA,0F2,542,992,31A ]
profile100sync site1-region1-stratum-adm-32 w.site1region1.1115.2 8/1/7 L:[0F4                     ] F:[BBC,76C,994,544,31C,FF8,DE4]
profile100sync site1-region1-stratum-adm-32 w.site1region1.1115.3 7/6/1 L:[BBE,546,31E,996,DE6,76E ] F:[0F6                     ]
profile100sync site1-region1-stratum-adm-32 w.site1region1.1115.4 7/5/2 L:[DE8,770,548,998,BC0     ] F:[320,0F8                 ]
profile100sync site1-region1-stratum-adm-32 w.site1region1.1115.5 7/2/5 L:[99A,BC2                 ] F:[772,322,DEA,0FA,54A     ]
profile100sync site1-region1-stratum-adm-37 w.site1region1.1117.0 8/7/1 L:[DEC,324,54C,F42,774,BC4,0FC] F:[99C                     ]
profile100sync site1-region1-stratum-adm-37 w.site1region1.1117.1 8/3/5 L:[326,BC6,54E             ] F:[F9E,DEE,776,0FE,99E     ]
profile100sync site1-region1-stratum-adm-37 w.site1region1.1117.2 8/7/1 L:[BC8,550,9A0,100,DF0,FFA,328] F:[778                     ]
profile100sync site1-region1-stratum-adm-37 w.site1region1.1117.3 7/4/3 L:[BCA,DF2,32A,77A         ] F:[552,9A2,102             ]
profile100sync site1-region1-stratum-adm-37 w.site1region1.1117.4 7/3/4 L:[BCC,DF4,32C             ] F:[554,104,9A4,77C         ]
profile100sync site1-region1-stratum-adm-37 w.site1region1.1117.5 7/3/4 L:[9A6,DF6,77E             ] F:[BCE,556,32E,106         ]
profile100sync site1-region1-stratum-adm-33 w.site1region1.1119.0 8/5/3 L:[9A8,DF8,BD0,108,558     ] F:[780,330,F44             ]
profile100sync site1-region1-stratum-adm-33 w.site1region1.1119.1 8/3/5 L:[9AA,782,10A             ] F:[332,FA0,DFA,55A,BD2     ]
profile100sync site1-region1-stratum-adm-33 w.site1region1.1119.2 8/4/4 L:[334,55C,784,BD4         ] F:[FFC,10C,DFC,9AC         ]
profile100sync site1-region1-stratum-adm-33 w.site1region1.1119.3 7/5/2 L:[786,336,10E,BD6,9AE     ] F:[DFE,55E                 ]
profile100sync site1-region1-stratum-adm-33 w.site1region1.1119.4 7/2/5 L:[560,E00                 ] F:[BD8,110,9B0,788,338     ]
profile100sync site1-region1-stratum-adm-33 w.site1region1.1119.5 7/2/5 L:[BDA,78A                 ] F:[562,112,9B2,E02,33A     ]
profile100sync site1-region1-stratum-adm-17 w.site1region1.1123.0 8/3/5 L:[78C,9B4,F46             ] F:[BDC,564,114,33C,E04     ]
profile100sync site1-region1-stratum-adm-17 w.site1region1.1123.1 8/4/4 L:[BDE,FA2,E06,33E         ] F:[78E,116,566,9B6         ]
profile100sync site1-region1-stratum-adm-17 w.site1region1.1123.2 8/7/1 L:[790,340,568,FFE,118,E08,9B8] F:[BE0                     ]
profile100sync site1-region1-stratum-adm-17 w.site1region1.1123.3 7/3/4 L:[E0A,11A,9BA             ] F:[792,342,BE2,56A         ]
profile100sync site1-region1-stratum-adm-17 w.site1region1.1123.4 7/4/3 L:[E0C,794,11C,9BC         ] F:[344,56C,BE4             ]
profile100sync site1-region1-stratum-adm-17 w.site1region1.1123.5 7/3/4 L:[346,BE6,11E             ] F:[E0E,796,56E,9BE         ]
profile100sync site1-region1-stratum-adm-35 w.site1region1.1124.0 8/1/7 L:[F48                     ] F:[BE8,570,9C0,E10,120,348,798]
profile100sync site1-region1-stratum-adm-35 w.site1region1.1124.1 8/4/4 L:[BEA,9C2,E12,FA4         ] F:[79A,122,34A,572         ]
profile100sync site1-region1-stratum-adm-35 w.site1region1.1124.2 7/5/2 L:[574,124,BEC,E14,34C     ] F:[9C4,79C                 ]
profile100sync site1-region1-stratum-adm-35 w.site1region1.1124.3 7/2/5 L:[126,9C6                 ] F:[BEE,576,E16,79E,34E     ]
profile100sync site1-region1-stratum-adm-35 w.site1region1.1124.4 7/4/3 L:[350,7A0,578,9C8         ] F:[E18,BF0,128             ]
profile100sync site1-region1-stratum-adm-35 w.site1region1.1124.5 7/4/3 L:[352,BF2,57A,9CA         ] F:[E1A,7A2,12A             ]
profile100sync site1-region1-stratum-adm-34 w.site1region1.1127.0 8/5/3 L:[9CC,BF4,354,F4A,57C     ] F:[E1C,7A4,12C             ]
profile100sync site1-region1-stratum-adm-34 w.site1region1.1127.1 8/5/3 L:[7A6,FA6,BF6,12E,57E     ] F:[E1E,9CE,356             ]
profile100sync site1-region1-stratum-adm-34 w.site1region1.1127.2 7/3/4 L:[BF8,130,E20             ] F:[580,358,9D0,7A8         ]
profile100sync site1-region1-stratum-adm-34 w.site1region1.1127.3 7/2/5 L:[E22,35A                 ] F:[BFA,582,7AA,132,9D2     ]
profile100sync site1-region1-stratum-adm-34 w.site1region1.1127.4 7/2/5 L:[BFC,35C                 ] F:[9D4,134,E24,7AC,584     ]
profile100sync site1-region1-stratum-adm-34 w.site1region1.1127.5 7/3/4 L:[586,9D6,BFE             ] F:[136,E26,7AE,35E         ]
profile100sync site1-region1-stratum-adm-16 w.site1region1.1128.0 8/4/4 L:[F4C,138,588,9D8         ] F:[E28,7B0,C00,360         ]
profile100sync site1-region1-stratum-adm-16 w.site1region1.1128.1 8/7/1 L:[7B2,362,E2A,13A,C02,FA8,58A] F:[9DA                     ]
profile100sync site1-region1-stratum-adm-16 w.site1region1.1128.2 7/6/1 L:[E2C,7B4,C04,58C,13C,9DC ] F:[364                     ]
profile100sync site1-region1-stratum-adm-16 w.site1region1.1128.3 7/4/3 L:[7B6,366,E2E,9DE         ] F:[C06,13E,58E             ]
profile100sync site1-region1-stratum-adm-16 w.site1region1.1128.4 7/3/4 L:[C08,590,368             ] F:[140,9E0,E30,7B8         ]
profile100sync site1-region1-stratum-adm-16 w.site1region1.1128.5 7/5/2 L:[C0A,592,E32,9E2,7BA     ] F:[142,36A                 ]
profile100sync site1-region1-stratum-adm-36 w.site1region1.1131.0 8/6/2 L:[594,F4E,36C,7BC,9E4,E34 ] F:[C0C,144                 ]
profile100sync site1-region1-stratum-adm-36 w.site1region1.1131.1 8/2/6 L:[9E6,36E                 ] F:[C0E,7BE,596,E36,146,FAA ]
profile100sync site1-region1-stratum-adm-36 w.site1region1.1131.2 7/5/2 L:[7C0,C10,598,370,9E8     ] F:[E38,148                 ]
profile100sync site1-region1-stratum-adm-36 w.site1region1.1131.3 7/4/3 L:[E3A,7C2,C12,59A         ] F:[372,14A,9EA             ]
profile100sync site1-region1-stratum-adm-36 w.site1region1.1131.4 7/4/3 L:[9EC,374,C14,59C         ] F:[7C4,E3C,14C             ]
profile100sync site1-region1-stratum-adm-36 w.site1region1.1131.5 7/4/3 L:[376,C16,7C6,9EE         ] F:[E3E,14E,59E             ]
profile100sync site1-region1-stratum-adm-39 w.site1region1.1136.0 8/5/3 L:[C18,7C8,F50,9F0,150     ] F:[5A0,E40,378             ]
profile100sync site1-region1-stratum-adm-39 w.site1region1.1136.1 8/2/6 L:[5A2,9F2                 ] F:[FAC,C1A,152,E42,37A,7CA ]
profile100sync site1-region1-stratum-adm-39 w.site1region1.1136.2 7/3/4 L:[C1C,9F4,37C             ] F:[5A4,E44,154,7CC         ]
profile100sync site1-region1-stratum-adm-39 w.site1region1.1136.3 7/4/3 L:[5A6,7CE,9F6,E46         ] F:[C1E,156,37E             ]
profile100sync site1-region1-stratum-adm-39 w.site1region1.1136.4 7/4/3 L:[E48,C20,5A8,9F8         ] F:[7D0,158,380             ]
profile100sync site1-region1-stratum-adm-39 w.site1region1.1136.5 7/3/4 L:[C22,15A,382             ] F:[7D2,E4A,9FA,5AA         ]
profile100sync site1-region1-stratum-adm-38 w.site1region1.1137.0 8/2/6 L:[5AC,C24                 ] F:[E4C,9FC,384,F52,7D4,15C ]
profile100sync site1-region1-stratum-adm-38 w.site1region1.1137.1 8/7/1 L:[FAE,E4E,7D6,15E,386,C26,9FE] F:[5AE                     ]
profile100sync site1-region1-stratum-adm-38 w.site1region1.1137.2 7/4/3 L:[C28,160,7D8,5B0         ] F:[A00,E50,388             ]
profile100sync site1-region1-stratum-adm-38 w.site1region1.1137.3 7/3/4 L:[162,38A,7DA             ] F:[C2A,5B2,A02,E52         ]
profile100sync site1-region1-stratum-adm-38 w.site1region1.1137.4 7/7/0 L:[5B4,C2C,38C,164,A04,7DC,E54] F:[                        ]
profile100sync site1-region1-stratum-adm-38 w.site1region1.1137.5 7/5/2 L:[A06,166,E56,7DE,38E     ] F:[C2E,5B6                 ]
profile100sync site1-region1-stratum-adm-10 w.site1region1.1139.0 8/5/3 L:[A08,E58,390,C30,F54     ] F:[7E0,5B8,168             ]
profile100sync site1-region1-stratum-adm-10 w.site1region1.1139.1 8/3/5 L:[7E2,FB0,5BA             ] F:[E5A,A0A,16A,C32,392     ]
profile100sync site1-region1-stratum-adm-10 w.site1region1.1139.2 7/5/2 L:[A0C,394,C34,16C,5BC     ] F:[E5C,7E4                 ]
profile100sync site1-region1-stratum-adm-10 w.site1region1.1139.3 7/1/6 L:[396                     ] F:[7E6,E5E,C36,16E,5BE,A0E ]
profile100sync site1-region1-stratum-adm-10 w.site1region1.1139.4 7/4/3 L:[C38,A10,398,7E8         ] F:[5C0,170,E60             ]
profile100sync site1-region1-stratum-adm-10 w.site1region1.1139.5 7/2/5 L:[39A,E62                 ] F:[C3A,5C2,172,A12,7EA     ]
profile100sync site1-region2-stratum-adm-11 w.site1region2.1140.0 8/3/5 L:[D98,720,0A8             ] F:[948,2D0,B70,F34,4F8     ]
profile100sync site1-region2-stratum-adm-11 w.site1region2.1140.1 8/5/3 L:[D9A,2D2,722,B72,94A     ] F:[F90,0AA,4FA             ]
profile100sync site1-region2-stratum-adm-11 w.site1region2.1140.2 8/4/4 L:[D9C,2D4,B74,4FC         ] F:[FEC,724,94C,0AC         ]
profile100sync site1-region2-stratum-adm-11 w.site1region2.1140.3 7/3/4 L:[726,0AE,94E             ] F:[D9E,2D6,B76,4FE         ]
profile100sync site1-region2-stratum-adm-11 w.site1region2.1140.4 7/2/5 L:[B78,0B0                 ] F:[500,950,2D8,DA0,728     ]
profile100sync site1-region2-stratum-adm-11 w.site1region2.1140.5 7/4/3 L:[502,DA2,952,2DA         ] F:[B7A,0B2,72A             ]
profile100sync site1-region1-stratum-adm-12 w.site1region1.1147.0 8/2/6 L:[A14,7EC                 ] F:[C3C,5C4,E64,174,39C,F56 ]
profile100sync site1-region1-stratum-adm-12 w.site1region1.1147.1 8/2/6 L:[5C6,FB2                 ] F:[7EE,C3E,176,A16,E66,39E ]
profile100sync site1-region1-stratum-adm-12 w.site1region1.1147.2 7/3/4 L:[7F0,3A0,178             ] F:[E68,C40,5C8,A18         ]
profile100sync site1-region1-stratum-adm-12 w.site1region1.1147.3 7/2/5 L:[C42,A1A                 ] F:[E6A,7F2,3A2,17A,5CA     ]
profile100sync site1-region1-stratum-adm-12 w.site1region1.1147.4 7/4/3 L:[E6C,3A4,17C,A1C         ] F:[C44,7F4,5CC             ]
profile100sync site1-region1-stratum-adm-12 w.site1region1.1147.5 7/4/3 L:[7F6,E6E,3A6,C46         ] F:[A1E,17E,5CE             ]
profile100sync site1-region1-stratum-adm-19 w.site1region1.1155.0 8/6/2 L:[F58,C48,5D0,A20,E70,3A8 ] F:[180,7F8                 ]
profile100sync site1-region1-stratum-adm-19 w.site1region1.1155.1 8/5/3 L:[5D2,A22,3AA,C4A,FB4     ] F:[7FA,182,E72             ]
profile100sync site1-region1-stratum-adm-19 w.site1region1.1155.2 7/3/4 L:[C4C,184,7FC             ] F:[5D4,A24,E74,3AC         ]
profile100sync site1-region1-stratum-adm-19 w.site1region1.1155.3 7/2/5 L:[A26,7FE                 ] F:[C4E,5D6,E76,186,3AE     ]
profile100sync site1-region1-stratum-adm-19 w.site1region1.1155.4 7/4/3 L:[E78,800,3B0,C50         ] F:[A28,5D8,188             ]
profile100sync site1-region1-stratum-adm-19 w.site1region1.1155.5 7/6/1 L:[E7A,3B2,18A,C52,5DA,A2A ] F:[802                     ]
profile100sync site1-region1-stratum-adm-21 w.site1region1.1156.0 8/3/5 L:[804,E7C,18C             ] F:[3B4,C54,F5A,5DC,A2C     ]
profile100sync site1-region1-stratum-adm-21 w.site1region1.1156.1 8/4/4 L:[A2E,5DE,3B6,FB6         ] F:[E7E,806,18E,C56         ]
profile100sync site1-region1-stratum-adm-21 w.site1region1.1156.2 7/4/3 L:[A30,808,5E0,E80         ] F:[C58,190,3B8             ]
profile100sync site1-region1-stratum-adm-21 w.site1region1.1156.3 7/3/4 L:[C5A,80A,E82             ] F:[5E2,192,3BA,A32         ]
profile100sync site1-region1-stratum-adm-21 w.site1region1.1156.4 7/2/5 L:[C5C,E84                 ] F:[5E4,A34,194,3BC,80C     ]
profile100sync site1-region1-stratum-adm-21 w.site1region1.1156.5 7/6/1 L:[C5E,5E6,E86,80E,196,3BE ] F:[A36                     ]
profile100sync site1-region1-stratum-adm-13 w.site1region1.1161.0 8/5/3 L:[F5C,A38,198,E88,5E8     ] F:[810,3C0,C60             ]
profile100sync site1-region1-stratum-adm-13 w.site1region1.1161.1 8/4/4 L:[E8A,3C2,5EA,C62         ] F:[A3A,812,19A,FB8         ]
profile100sync site1-region1-stratum-adm-13 w.site1region1.1161.2 7/4/3 L:[814,5EC,19C,E8C         ] F:[3C4,C64,A3C             ]
profile100sync site1-region1-stratum-adm-13 w.site1region1.1161.3 7/3/4 L:[E8E,816,C66             ] F:[3C6,19E,5EE,A3E         ]
profile100sync site1-region1-stratum-adm-13 w.site1region1.1161.4 7/3/4 L:[1A0,E90,818             ] F:[C68,A40,5F0,3C8         ]
profile100sync site1-region1-stratum-adm-13 w.site1region1.1161.5 7/5/2 L:[5F2,A42,C6A,E92,3CA     ] F:[1A2,81A                 ]
profile100sync site1-region2-stratum-adm-42 w.site1region2.1165.0 8/3/5 L:[72C,DA4,0B4             ] F:[B7C,504,2DC,954,F36     ]
profile100sync site1-region2-stratum-adm-42 w.site1region2.1165.1 8/3/5 L:[F92,506,DA6             ] F:[B7E,72E,0B6,2DE,956     ]
profile100sync site1-region2-stratum-adm-42 w.site1region2.1165.2 8/5/3 L:[FEE,730,2E0,B80,0B8     ] F:[DA8,508,958             ]
profile100sync site1-region2-stratum-adm-42 w.site1region2.1165.3 7/1/6 L:[2E2                     ] F:[732,B82,0BA,DAA,50A,95A ]
profile100sync site1-region2-stratum-adm-42 w.site1region2.1165.4 7/2/5 L:[2E4,95C                 ] F:[734,B84,50C,DAC,0BC     ]
profile100sync site1-region2-stratum-adm-42 w.site1region2.1165.5 7/6/1 L:[DAE,736,B86,2E6,0BE,50E ] F:[95E                     ]
profile100sync site1-region2-stratum-adm-14 w.site1region2.1178.0 8/5/3 L:[B88,510,738,DB0,2E8     ] F:[F38,0C0,960             ]
profile100sync site1-region2-stratum-adm-14 w.site1region2.1178.1 8/7/1 L:[B8A,73A,962,512,0C2,F94,DB2] F:[2EA                     ]
profile100sync site1-region2-stratum-adm-14 w.site1region2.1178.2 8/3/5 L:[73C,FF0,DB4             ] F:[B8C,0C4,964,514,2EC     ]
profile100sync site1-region2-stratum-adm-14 w.site1region2.1178.3 7/4/3 L:[B8E,0C6,516,2EE         ] F:[966,DB6,73E             ]
profile100sync site1-region2-stratum-adm-14 w.site1region2.1178.4 7/4/3 L:[740,B90,2F0,968         ] F:[DB8,0C8,518             ]
profile100sync site1-region2-stratum-adm-14 w.site1region2.1178.5 7/4/3 L:[742,0CA,51A,96A         ] F:[DBA,2F2,B92             ]
profile100sync site1-region1-stratum-adm-26 w.site1region1.1189.0 8/5/3 L:[C6C,5F4,1A4,A44,81C     ] F:[F5E,E94,3CC             ]
profile100sync site1-region1-stratum-adm-26 w.site1region1.1189.1 8/2/6 L:[A46,FBA                 ] F:[81E,1A6,C6E,E96,5F6,3CE ]
profile100sync site1-region1-stratum-adm-26 w.site1region1.1189.2 7/4/3 L:[E98,1A8,C70,5F8         ] F:[820,3D0,A48             ]
profile100sync site1-region1-stratum-adm-26 w.site1region1.1189.3 7/4/3 L:[822,A4A,3D2,C72         ] F:[E9A,1AA,5FA             ]
profile100sync site1-region1-stratum-adm-26 w.site1region1.1189.4 7/5/2 L:[E9C,824,5FC,3D4,A4C     ] F:[1AC,C74                 ]
profile100sync site1-region1-stratum-adm-26 w.site1region1.1189.5 7/3/4 L:[3D6,5FE,A4E             ] F:[E9E,826,C76,1AE         ]
profile100sync site1-region2-stratum-adm-15 w.site1region2.1190.0 8/4/4 L:[2F4,B94,F3A,51C         ] F:[DBC,96C,744,0CC         ]
profile100sync site1-region2-stratum-adm-15 w.site1region2.1190.1 8/2/6 L:[DBE,746                 ] F:[96E,2F6,F96,B96,0CE,51E ]
profile100sync site1-region2-stratum-adm-15 w.site1region2.1190.2 8/5/3 L:[B98,748,520,FF2,2F8     ] F:[970,DC0,0D0             ]
profile100sync site1-region2-stratum-adm-15 w.site1region2.1190.3 7/4/3 L:[B9A,0D2,DC2,2FA         ] F:[522,972,74A             ]
profile100sync site1-region2-stratum-adm-15 w.site1region2.1190.4 7/3/4 L:[524,0D4,974             ] F:[B9C,2FC,DC4,74C         ]
profile100sync site1-region2-stratum-adm-15 w.site1region2.1190.5 7/4/3 L:[526,976,DC6,74E         ] F:[B9E,0D6,2FE             ]
profile100sync site1-region2-stratum-adm-24 w.site1region2.1195.0 8/3/5 L:[300,0D8,978             ] F:[F3C,750,BA0,DC8,528     ]
profile100sync site1-region2-stratum-adm-24 w.site1region2.1195.1 8/3/5 L:[97A,302,52A             ] F:[DCA,752,F98,BA2,0DA     ]
profile100sync site1-region2-stratum-adm-24 w.site1region2.1195.2 8/6/2 L:[DCC,FF4,754,304,BA4,52C ] F:[97C,0DC                 ]
profile100sync site1-region2-stratum-adm-24 w.site1region2.1195.3 7/4/3 L:[756,BA6,52E,97E         ] F:[0DE,306,DCE             ]
profile100sync site1-region2-stratum-adm-24 w.site1region2.1195.4 7/4/3 L:[BA8,980,758,308         ] F:[530,DD0,0E0             ]
profile100sync site1-region2-stratum-adm-24 w.site1region2.1195.5 7/4/3 L:[532,0E2,75A,982         ] F:[BAA,DD2,30A             ]
profile100sync site1-region2-stratum-adm-26 w.site1region2.1197.0 8/4/4 L:[0E4,984,DD4,75C         ] F:[F3E,BAC,534,30C         ]
profile100sync site1-region2-stratum-adm-26 w.site1region2.1197.1 8/6/2 L:[BAE,75E,0E6,DD6,F9A,30E ] F:[536,986                 ]
profile100sync site1-region2-stratum-adm-26 w.site1region2.1197.2 8/3/5 L:[988,538,FF6             ] F:[DD8,760,310,BB0,0E8     ]
profile100sync site1-region2-stratum-adm-26 w.site1region2.1197.3 7/5/2 L:[312,BB2,98A,53A,0EA     ] F:[762,DDA                 ]
profile100sync site1-region2-stratum-adm-26 w.site1region2.1197.4 7/3/4 L:[DDC,314,53C             ] F:[764,BB4,0EC,98C         ]
profile100sync site1-region2-stratum-adm-26 w.site1region2.1197.5 7/6/1 L:[DDE,BB6,316,0EE,53E,98E ] F:[766                     ]
profile100sync site1-region2-stratum-adm-30 w.site1region2.1199.0 8/5/3 L:[BB8,540,0F0,DE0,F40     ] F:[990,768,318             ]
profile100sync site1-region2-stratum-adm-30 w.site1region2.1199.1 8/6/2 L:[F9C,BBA,0F2,542,992,31A ] F:[DE2,76A                 ]
profile100sync site1-region2-stratum-adm-30 w.site1region2.1199.2 8/7/1 L:[BBC,76C,994,544,31C,FF8,DE4] F:[0F4                     ]
profile100sync site1-region2-stratum-adm-30 w.site1region2.1199.3 7/1/6 L:[0F6                     ] F:[BBE,546,31E,996,DE6,76E ]
profile100sync site1-region2-stratum-adm-30 w.site1region2.1199.4 7/2/5 L:[320,0F8                 ] F:[DE8,770,548,998,BC0     ]
profile100sync site1-region2-stratum-adm-30 w.site1region2.1199.5 7/5/2 L:[772,322,DEA,0FA,54A     ] F:[99A,BC2                 ]
profile100sync site1-region2-stratum-adm-32 w.site1region2.1200.0 8/1/7 L:[99C                     ] F:[DEC,324,54C,F42,774,BC4,0FC]
profile100sync site1-region2-stratum-adm-32 w.site1region2.1200.1 8/5/3 L:[F9E,DEE,776,0FE,99E     ] F:[326,BC6,54E             ]
profile100sync site1-region2-stratum-adm-32 w.site1region2.1200.2 8/1/7 L:[778                     ] F:[BC8,550,9A0,100,DF0,FFA,328]
profile100sync site1-region2-stratum-adm-32 w.site1region2.1200.3 7/3/4 L:[552,9A2,102             ] F:[BCA,DF2,32A,77A         ]
profile100sync site1-region2-stratum-adm-32 w.site1region2.1200.4 7/4/3 L:[554,104,9A4,77C         ] F:[BCC,DF4,32C             ]
profile100sync site1-region2-stratum-adm-32 w.site1region2.1200.5 7/4/3 L:[BCE,556,32E,106         ] F:[9A6,DF6,77E             ]
profile100sync site1-region2-stratum-adm-17 w.site1region2.1202.0 8/3/5 L:[780,330,F44             ] F:[9A8,DF8,BD0,108,558     ]
profile100sync site1-region2-stratum-adm-17 w.site1region2.1202.1 8/5/3 L:[332,FA0,DFA,55A,BD2     ] F:[9AA,782,10A             ]
profile100sync site1-region2-stratum-adm-17 w.site1region2.1202.2 8/4/4 L:[FFC,10C,DFC,9AC         ] F:[334,55C,784,BD4         ]
profile100sync site1-region2-stratum-adm-17 w.site1region2.1202.3 7/2/5 L:[DFE,55E                 ] F:[786,336,10E,BD6,9AE     ]
profile100sync site1-region2-stratum-adm-17 w.site1region2.1202.4 7/5/2 L:[BD8,110,9B0,788,338     ] F:[560,E00                 ]
profile100sync site1-region2-stratum-adm-17 w.site1region2.1202.5 7/5/2 L:[562,112,9B2,E02,33A     ] F:[BDA,78A                 ]
profile100sync site1-region2-stratum-adm-27 w.site1region2.1205.0 8/5/3 L:[BDC,564,114,33C,E04     ] F:[78C,9B4,F46             ]
profile100sync site1-region2-stratum-adm-27 w.site1region2.1205.1 8/4/4 L:[78E,116,566,9B6         ] F:[BDE,FA2,E06,33E         ]
profile100sync site1-region2-stratum-adm-27 w.site1region2.1205.2 8/1/7 L:[BE0                     ] F:[790,340,568,FFE,118,E08,9B8]
profile100sync site1-region2-stratum-adm-27 w.site1region2.1205.3 7/4/3 L:[792,342,BE2,56A         ] F:[E0A,11A,9BA             ]
profile100sync site1-region2-stratum-adm-27 w.site1region2.1205.4 7/3/4 L:[344,56C,BE4             ] F:[E0C,794,11C,9BC         ]
profile100sync site1-region2-stratum-adm-27 w.site1region2.1205.5 7/4/3 L:[E0E,796,56E,9BE         ] F:[346,BE6,11E             ]
profile100sync site1-region2-stratum-adm-18 w.site1region2.1206.0 8/7/1 L:[BE8,570,9C0,E10,120,348,798] F:[F48                     ]
profile100sync site1-region2-stratum-adm-18 w.site1region2.1206.1 8/4/4 L:[79A,122,34A,572         ] F:[BEA,9C2,E12,FA4         ]
profile100sync site1-region2-stratum-adm-18 w.site1region2.1206.2 7/2/5 L:[9C4,79C                 ] F:[574,124,BEC,E14,34C     ]
profile100sync site1-region2-stratum-adm-18 w.site1region2.1206.3 7/5/2 L:[BEE,576,E16,79E,34E     ] F:[126,9C6                 ]
profile100sync site1-region2-stratum-adm-18 w.site1region2.1206.4 7/3/4 L:[E18,BF0,128             ] F:[350,7A0,578,9C8         ]
profile100sync site1-region2-stratum-adm-18 w.site1region2.1206.5 7/3/4 L:[E1A,7A2,12A             ] F:[352,BF2,57A,9CA         ]
profile100sync site1-region2-stratum-adm-20 w.site1region2.1208.0 8/3/5 L:[E1C,7A4,12C             ] F:[9CC,BF4,354,F4A,57C     ]
profile100sync site1-region2-stratum-adm-20 w.site1region2.1208.1 8/3/5 L:[E1E,9CE,356             ] F:[7A6,FA6,BF6,12E,57E     ]
profile100sync site1-region2-stratum-adm-20 w.site1region2.1208.2 7/4/3 L:[580,358,9D0,7A8         ] F:[BF8,130,E20             ]
profile100sync site1-region2-stratum-adm-20 w.site1region2.1208.3 7/5/2 L:[BFA,582,7AA,132,9D2     ] F:[E22,35A                 ]
profile100sync site1-region2-stratum-adm-20 w.site1region2.1208.4 7/5/2 L:[9D4,134,E24,7AC,584     ] F:[BFC,35C                 ]
profile100sync site1-region2-stratum-adm-20 w.site1region2.1208.5 7/4/3 L:[136,E26,7AE,35E         ] F:[586,9D6,BFE             ]
profile100sync site1-region1-stratum-adm-20 w.site1region1.1209.0 8/6/2 L:[828,600,1B0,A50,F60,EA0 ] F:[C78,3D8                 ]
profile100sync site1-region1-stratum-adm-20 w.site1region1.1209.1 8/2/6 L:[FBC,EA2                 ] F:[602,C7A,1B2,A52,3DA,82A ]
profile100sync site1-region1-stratum-adm-20 w.site1region1.1209.2 7/4/3 L:[604,EA4,1B4,3DC         ] F:[82C,A54,C7C             ]
profile100sync site1-region1-stratum-adm-20 w.site1region1.1209.3 7/3/4 L:[A56,EA6,3DE             ] F:[C7E,606,1B6,82E         ]
profile100sync site1-region1-stratum-adm-20 w.site1region1.1209.4 7/2/5 L:[3E0,608                 ] F:[EA8,C80,1B8,830,A58     ]
profile100sync site1-region1-stratum-adm-20 w.site1region1.1209.5 7/3/4 L:[EAA,832,1BA             ] F:[3E2,C82,60A,A5A         ]
profile100sync site1-region2-stratum-adm-21 w.site1region2.1212.0 8/4/4 L:[E28,7B0,C00,360         ] F:[F4C,138,588,9D8         ]
profile100sync site1-region2-stratum-adm-21 w.site1region2.1212.1 8/1/7 L:[9DA                     ] F:[7B2,362,E2A,13A,C02,FA8,58A]
profile100sync site1-region2-stratum-adm-21 w.site1region2.1212.2 7/1/6 L:[364                     ] F:[E2C,7B4,C04,58C,13C,9DC ]
profile100sync site1-region2-stratum-adm-21 w.site1region2.1212.3 7/3/4 L:[C06,13E,58E             ] F:[7B6,366,E2E,9DE         ]
profile100sync site1-region2-stratum-adm-21 w.site1region2.1212.4 7/4/3 L:[140,9E0,E30,7B8         ] F:[C08,590,368             ]
profile100sync site1-region2-stratum-adm-21 w.site1region2.1212.5 7/2/5 L:[142,36A                 ] F:[C0A,592,E32,9E2,7BA     ]
profile100sync site1-region1-stratum-adm-22 w.site1region1.1216.0 8/1/7 L:[C84                     ] F:[A5C,F62,EAC,3E4,834,60C,1BC]
profile100sync site1-region1-stratum-adm-22 w.site1region1.1216.1 8/6/2 L:[1BE,836,EAE,60E,FBE,3E6 ] F:[C86,A5E                 ]
profile100sync site1-region1-stratum-adm-22 w.site1region1.1216.2 7/4/3 L:[C88,1C0,3E8,838         ] F:[610,A60,EB0             ]
profile100sync site1-region1-stratum-adm-22 w.site1region1.1216.3 7/3/4 L:[EB2,A62,83A             ] F:[612,C8A,3EA,1C2         ]
profile100sync site1-region1-stratum-adm-22 w.site1region1.1216.4 7/2/5 L:[C8C,3EC                 ] F:[614,1C4,83C,A64,EB4     ]
profile100sync site1-region1-stratum-adm-22 w.site1region1.1216.5 7/3/4 L:[616,83E,3EE             ] F:[C8E,EB6,1C6,A66         ]
profile100sync site1-region1-stratum-adm-28 w.site1region1.1218.0 8/4/4 L:[EB8,3F0,840,1C8         ] F:[A68,C90,F64,618         ]
profile100sync site1-region1-stratum-adm-28 w.site1region1.1218.1 8/4/4 L:[EBA,A6A,1CA,61A         ] F:[3F2,FC0,842,C92         ]
profile100sync site1-region1-stratum-adm-28 w.site1region1.1218.2 7/6/1 L:[EBC,844,3F4,61C,1CC,A6C ] F:[C94                     ]
profile100sync site1-region1-stratum-adm-28 w.site1region1.1218.3 7/3/4 L:[846,A6E,61E             ] F:[EBE,3F6,C96,1CE         ]
profile100sync site1-region1-stratum-adm-28 w.site1region1.1218.4 7/4/3 L:[620,A70,3F8,848         ] F:[C98,1D0,EC0             ]
profile100sync site1-region1-stratum-adm-28 w.site1region1.1218.5 7/4/3 L:[C9A,622,EC2,3FA         ] F:[1D2,A72,84A             ]
profile100sync site1-region2-stratum-adm-22 w.site1region2.1219.0 8/2/6 L:[C0C,144                 ] F:[594,F4E,36C,7BC,9E4,E34 ]
profile100sync site1-region2-stratum-adm-22 w.site1region2.1219.1 8/6/2 L:[C0E,7BE,596,E36,146,FAA ] F:[9E6,36E                 ]
profile100sync site1-region2-stratum-adm-22 w.site1region2.1219.2 7/2/5 L:[E38,148                 ] F:[7C0,C10,598,370,9E8     ]
profile100sync site1-region2-stratum-adm-22 w.site1region2.1219.3 7/3/4 L:[372,14A,9EA             ] F:[E3A,7C2,C12,59A         ]
profile100sync site1-region2-stratum-adm-22 w.site1region2.1219.4 7/3/4 L:[7C4,E3C,14C             ] F:[9EC,374,C14,59C         ]
profile100sync site1-region2-stratum-adm-22 w.site1region2.1219.5 7/3/4 L:[E3E,14E,59E             ] F:[376,C16,7C6,9EE         ]
profile100sync site1-region2-stratum-adm-34 w.site1region2.1223.0 8/3/5 L:[5A0,E40,378             ] F:[C18,7C8,F50,9F0,150     ]
profile100sync site1-region2-stratum-adm-34 w.site1region2.1223.1 8/6/2 L:[FAC,C1A,152,E42,37A,7CA ] F:[5A2,9F2                 ]
profile100sync site1-region2-stratum-adm-34 w.site1region2.1223.2 7/4/3 L:[5A4,E44,154,7CC         ] F:[C1C,9F4,37C             ]
profile100sync site1-region2-stratum-adm-34 w.site1region2.1223.3 7/3/4 L:[C1E,156,37E             ] F:[5A6,7CE,9F6,E46         ]
profile100sync site1-region2-stratum-adm-34 w.site1region2.1223.4 7/3/4 L:[7D0,158,380             ] F:[E48,C20,5A8,9F8         ]
profile100sync site1-region2-stratum-adm-34 w.site1region2.1223.5 7/4/3 L:[7D2,E4A,9FA,5AA         ] F:[C22,15A,382             ]
profile100sync site1-region2-stratum-adm-37 w.site1region2.1227.0 8/6/2 L:[E4C,9FC,384,F52,7D4,15C ] F:[5AC,C24                 ]
profile100sync site1-region2-stratum-adm-37 w.site1region2.1227.1 8/1/7 L:[5AE                     ] F:[FAE,E4E,7D6,15E,386,C26,9FE]
profile100sync site1-region2-stratum-adm-37 w.site1region2.1227.2 7/3/4 L:[A00,E50,388             ] F:[C28,160,7D8,5B0         ]
profile100sync site1-region2-stratum-adm-37 w.site1region2.1227.3 7/4/3 L:[C2A,5B2,A02,E52         ] F:[162,38A,7DA             ]
profile100sync site1-region2-stratum-adm-37 w.site1region2.1227.4 7/0/7 L:[                        ] F:[5B4,C2C,38C,164,A04,7DC,E54]
profile100sync site1-region2-stratum-adm-37 w.site1region2.1227.5 7/2/5 L:[C2E,5B6                 ] F:[A06,166,E56,7DE,38E     ]
profile100sync site1-region2-stratum-adm-39 w.site1region2.1231.0 8/3/5 L:[7E0,5B8,168             ] F:[A08,E58,390,C30,F54     ]
profile100sync site1-region2-stratum-adm-39 w.site1region2.1231.1 8/5/3 L:[E5A,A0A,16A,C32,392     ] F:[7E2,FB0,5BA             ]
profile100sync site1-region2-stratum-adm-39 w.site1region2.1231.2 7/2/5 L:[E5C,7E4                 ] F:[A0C,394,C34,16C,5BC     ]
profile100sync site1-region2-stratum-adm-39 w.site1region2.1231.3 7/6/1 L:[7E6,E5E,C36,16E,5BE,A0E ] F:[396                     ]
profile100sync site1-region2-stratum-adm-39 w.site1region2.1231.4 7/3/4 L:[5C0,170,E60             ] F:[C38,A10,398,7E8         ]
profile100sync site1-region2-stratum-adm-39 w.site1region2.1231.5 7/5/2 L:[C3A,5C2,172,A12,7EA     ] F:[39A,E62                 ]
profile100sync site1-region1-stratum-adm-9 w.site1region1.1233.0 8/4/4 L:[1D4,624,F66,A74         ] F:[84C,EC4,C9C,3FC         ]
profile100sync site1-region1-stratum-adm-9 w.site1region1.1233.1 8/3/5 L:[C9E,3FE,EC6             ] F:[1D6,626,84E,A76,FC2     ]
profile100sync site1-region1-stratum-adm-9 w.site1region1.1233.2 7/4/3 L:[EC8,850,628,CA0         ] F:[400,A78,1D8             ]
profile100sync site1-region1-stratum-adm-9 w.site1region1.1233.3 7/5/2 L:[ECA,852,CA2,1DA,62A     ] F:[402,A7A                 ]
profile100sync site1-region1-stratum-adm-9 w.site1region1.1233.4 7/4/3 L:[404,CA4,1DC,ECC         ] F:[854,62C,A7C             ]
profile100sync site1-region1-stratum-adm-9 w.site1region1.1233.5 7/4/3 L:[ECE,856,62E,A7E         ] F:[406,1DE,CA6             ]
profile100sync site1-region2-stratum-adm-25 w.site1region2.1234.0 8/6/2 L:[C3C,5C4,E64,174,39C,F56 ] F:[A14,7EC                 ]
profile100sync site1-region2-stratum-adm-25 w.site1region2.1234.1 8/6/2 L:[7EE,C3E,176,A16,E66,39E ] F:[5C6,FB2                 ]
profile100sync site1-region2-stratum-adm-25 w.site1region2.1234.2 7/4/3 L:[E68,C40,5C8,A18         ] F:[7F0,3A0,178             ]
profile100sync site1-region2-stratum-adm-25 w.site1region2.1234.3 7/5/2 L:[E6A,7F2,3A2,17A,5CA     ] F:[C42,A1A                 ]
profile100sync site1-region2-stratum-adm-25 w.site1region2.1234.4 7/3/4 L:[C44,7F4,5CC             ] F:[E6C,3A4,17C,A1C         ]
profile100sync site1-region2-stratum-adm-25 w.site1region2.1234.5 7/3/4 L:[A1E,17E,5CE             ] F:[7F6,E6E,3A6,C46         ]
profile100sync site1-region1-stratum-adm-40 w.site1region1.1239.0 8/4/4 L:[CA8,A80,408,858         ] F:[1E0,F68,ED0,630         ]
profile100sync site1-region1-stratum-adm-40 w.site1region1.1239.1 8/6/2 L:[CAA,85A,632,1E2,FC4,40A ] F:[A82,ED2                 ]
profile100sync site1-region1-stratum-adm-40 w.site1region1.1239.2 7/2/5 L:[1E4,85C                 ] F:[CAC,634,A84,ED4,40C     ]
profile100sync site1-region1-stratum-adm-40 w.site1region1.1239.3 7/4/3 L:[A86,1E6,40E,636         ] F:[CAE,ED6,85E             ]
profile100sync site1-region1-stratum-adm-40 w.site1region1.1239.4 7/4/3 L:[ED8,410,638,A88         ] F:[CB0,1E8,860             ]
profile100sync site1-region1-stratum-adm-40 w.site1region1.1239.5 7/4/3 L:[EDA,CB2,1EA,63A         ] F:[862,A8A,412             ]
profile100sync site1-region2-stratum-adm-41 w.site1region2.1240.0 8/2/6 L:[180,7F8                 ] F:[F58,C48,5D0,A20,E70,3A8 ]
profile100sync site1-region2-stratum-adm-41 w.site1region2.1240.1 8/3/5 L:[7FA,182,E72             ] F:[5D2,A22,3AA,C4A,FB4     ]
profile100sync site1-region2-stratum-adm-41 w.site1region2.1240.2 7/4/3 L:[5D4,A24,E74,3AC         ] F:[C4C,184,7FC             ]
profile100sync site1-region2-stratum-adm-41 w.site1region2.1240.3 7/5/2 L:[C4E,5D6,E76,186,3AE     ] F:[A26,7FE                 ]
profile100sync site1-region2-stratum-adm-41 w.site1region2.1240.4 7/3/4 L:[A28,5D8,188             ] F:[E78,800,3B0,C50         ]
profile100sync site1-region2-stratum-adm-41 w.site1region2.1240.5 7/1/6 L:[802                     ] F:[E7A,3B2,18A,C52,5DA,A2A ]
profile100sync site1-region2-stratum-adm-44 w.site1region2.1243.0 8/5/3 L:[3B4,C54,F5A,5DC,A2C     ] F:[804,E7C,18C             ]
profile100sync site1-region2-stratum-adm-44 w.site1region2.1243.1 8/4/4 L:[E7E,806,18E,C56         ] F:[A2E,5DE,3B6,FB6         ]
profile100sync site1-region2-stratum-adm-44 w.site1region2.1243.2 7/3/4 L:[C58,190,3B8             ] F:[A30,808,5E0,E80         ]
profile100sync site1-region2-stratum-adm-44 w.site1region2.1243.3 7/4/3 L:[5E2,192,3BA,A32         ] F:[C5A,80A,E82             ]
profile100sync site1-region2-stratum-adm-44 w.site1region2.1243.4 7/5/2 L:[5E4,A34,194,3BC,80C     ] F:[C5C,E84                 ]
profile100sync site1-region2-stratum-adm-44 w.site1region2.1243.5 7/1/6 L:[A36                     ] F:[C5E,5E6,E86,80E,196,3BE ]
profile100sync site1-region2-stratum-adm-45 w.site1region2.1245.0 8/3/5 L:[810,3C0,C60             ] F:[F5C,A38,198,E88,5E8     ]
profile100sync site1-region2-stratum-adm-45 w.site1region2.1245.1 8/4/4 L:[A3A,812,19A,FB8         ] F:[E8A,3C2,5EA,C62         ]
profile100sync site1-region2-stratum-adm-45 w.site1region2.1245.2 7/3/4 L:[3C4,C64,A3C             ] F:[814,5EC,19C,E8C         ]
profile100sync site1-region2-stratum-adm-45 w.site1region2.1245.3 7/4/3 L:[3C6,19E,5EE,A3E         ] F:[E8E,816,C66             ]
profile100sync site1-region2-stratum-adm-45 w.site1region2.1245.4 7/4/3 L:[C68,A40,5F0,3C8         ] F:[1A0,E90,818             ]
profile100sync site1-region2-stratum-adm-45 w.site1region2.1245.5 7/2/5 L:[1A2,81A                 ] F:[5F2,A42,C6A,E92,3CA     ]
profile100sync site1-region2-stratum-adm-12 w.site1region2.1249.0 8/3/5 L:[F5E,E94,3CC             ] F:[C6C,5F4,1A4,A44,81C     ]
profile100sync site1-region2-stratum-adm-12 w.site1region2.1249.1 8/6/2 L:[81E,1A6,C6E,E96,5F6,3CE ] F:[A46,FBA                 ]
profile100sync site1-region2-stratum-adm-12 w.site1region2.1249.2 7/3/4 L:[820,3D0,A48             ] F:[E98,1A8,C70,5F8         ]
profile100sync site1-region2-stratum-adm-12 w.site1region2.1249.3 7/3/4 L:[E9A,1AA,5FA             ] F:[822,A4A,3D2,C72         ]
profile100sync site1-region2-stratum-adm-12 w.site1region2.1249.4 7/2/5 L:[1AC,C74                 ] F:[E9C,824,5FC,3D4,A4C     ]
profile100sync site1-region2-stratum-adm-12 w.site1region2.1249.5 7/4/3 L:[E9E,826,C76,1AE         ] F:[3D6,5FE,A4E             ]
profile100sync site1-region2-stratum-adm-43 w.site1region2.1257.0 8/2/6 L:[C78,3D8                 ] F:[828,600,1B0,A50,F60,EA0 ]
profile100sync site1-region2-stratum-adm-43 w.site1region2.1257.1 8/6/2 L:[602,C7A,1B2,A52,3DA,82A ] F:[FBC,EA2                 ]
profile100sync site1-region2-stratum-adm-43 w.site1region2.1257.2 7/3/4 L:[82C,A54,C7C             ] F:[604,EA4,1B4,3DC         ]
profile100sync site1-region2-stratum-adm-43 w.site1region2.1257.3 7/4/3 L:[C7E,606,1B6,82E         ] F:[A56,EA6,3DE             ]
profile100sync site1-region2-stratum-adm-43 w.site1region2.1257.4 7/5/2 L:[EA8,C80,1B8,830,A58     ] F:[3E0,608                 ]
profile100sync site1-region2-stratum-adm-43 w.site1region2.1257.5 7/4/3 L:[3E2,C82,60A,A5A         ] F:[EAA,832,1BA             ]
profile100sync site1-region2-stratum-adm-13 w.site1region2.1260.0 8/7/1 L:[A5C,F62,EAC,3E4,834,60C,1BC] F:[C84                     ]
profile100sync site1-region2-stratum-adm-13 w.site1region2.1260.1 8/2/6 L:[C86,A5E                 ] F:[1BE,836,EAE,60E,FBE,3E6 ]
profile100sync site1-region2-stratum-adm-13 w.site1region2.1260.2 7/3/4 L:[610,A60,EB0             ] F:[C88,1C0,3E8,838         ]
profile100sync site1-region2-stratum-adm-13 w.site1region2.1260.3 7/4/3 L:[612,C8A,3EA,1C2         ] F:[EB2,A62,83A             ]
profile100sync site1-region2-stratum-adm-13 w.site1region2.1260.4 7/5/2 L:[614,1C4,83C,A64,EB4     ] F:[C8C,3EC                 ]
profile100sync site1-region2-stratum-adm-13 w.site1region2.1260.5 7/4/3 L:[C8E,EB6,1C6,A66         ] F:[616,83E,3EE             ]
profile100sync site1-region2-stratum-adm-33 w.site1region2.1264.0 8/4/4 L:[A68,C90,F64,618         ] F:[EB8,3F0,840,1C8         ]
profile100sync site1-region2-stratum-adm-33 w.site1region2.1264.1 8/4/4 L:[3F2,FC0,842,C92         ] F:[EBA,A6A,1CA,61A         ]
profile100sync site1-region2-stratum-adm-33 w.site1region2.1264.2 7/1/6 L:[C94                     ] F:[EBC,844,3F4,61C,1CC,A6C ]
profile100sync site1-region2-stratum-adm-33 w.site1region2.1264.3 7/4/3 L:[EBE,3F6,C96,1CE         ] F:[846,A6E,61E             ]
profile100sync site1-region2-stratum-adm-33 w.site1region2.1264.4 7/3/4 L:[C98,1D0,EC0             ] F:[620,A70,3F8,848         ]
profile100sync site1-region2-stratum-adm-33 w.site1region2.1264.5 7/3/4 L:[1D2,A72,84A             ] F:[C9A,622,EC2,3FA         ]
profile100sync site1-region2-stratum-adm-31 w.site1region2.1266.0 8/4/4 L:[84C,EC4,C9C,3FC         ] F:[1D4,624,F66,A74         ]
profile100sync site1-region2-stratum-adm-31 w.site1region2.1266.1 8/5/3 L:[1D6,626,84E,A76,FC2     ] F:[C9E,3FE,EC6             ]
profile100sync site1-region2-stratum-adm-31 w.site1region2.1266.2 7/3/4 L:[400,A78,1D8             ] F:[EC8,850,628,CA0         ]
profile100sync site1-region2-stratum-adm-31 w.site1region2.1266.3 7/2/5 L:[402,A7A                 ] F:[ECA,852,CA2,1DA,62A     ]
profile100sync site1-region2-stratum-adm-31 w.site1region2.1266.4 7/3/4 L:[854,62C,A7C             ] F:[404,CA4,1DC,ECC         ]
profile100sync site1-region2-stratum-adm-31 w.site1region2.1266.5 7/3/4 L:[406,1DE,CA6             ] F:[ECE,856,62E,A7E         ]
profile100sync site1-region2-stratum-adm-38 w.site1region2.1271.0 8/4/4 L:[1E0,F68,ED0,630         ] F:[CA8,A80,408,858         ]
profile100sync site1-region2-stratum-adm-38 w.site1region2.1271.1 8/2/6 L:[A82,ED2                 ] F:[CAA,85A,632,1E2,FC4,40A ]
profile100sync site1-region2-stratum-adm-38 w.site1region2.1271.2 7/5/2 L:[CAC,634,A84,ED4,40C     ] F:[1E4,85C                 ]
profile100sync site1-region2-stratum-adm-38 w.site1region2.1271.3 7/3/4 L:[CAE,ED6,85E             ] F:[A86,1E6,40E,636         ]
profile100sync site1-region2-stratum-adm-38 w.site1region2.1271.4 7/3/4 L:[CB0,1E8,860             ] F:[ED8,410,638,A88         ]
profile100sync site1-region2-stratum-adm-38 w.site1region2.1271.5 7/3/4 L:[862,A8A,412             ] F:[EDA,CB2,1EA,63A         ]
profile100sync site1-region2-stratum-adm-16 w.site1region2.1274.0 8/2/6 L:[864,F6A                 ] F:[EDC,CB4,414,A8C,1EC,63C ]
profile100sync site1-region2-stratum-adm-16 w.site1region2.1274.1 8/5/3 L:[866,A8E,1EE,CB6,FC6     ] F:[416,EDE,63E             ]
profile100sync site1-region2-stratum-adm-16 w.site1region2.1274.2 7/4/3 L:[A90,EE0,418,868         ] F:[640,1F0,CB8             ]
profile100sync site1-region2-stratum-adm-16 w.site1region2.1274.3 7/4/3 L:[642,41A,A92,86A         ] F:[CBA,1F2,EE2             ]
profile100sync site1-region2-stratum-adm-16 w.site1region2.1274.4 7/3/4 L:[644,86C,41C             ] F:[CBC,A94,1F4,EE4         ]
profile100sync site1-region2-stratum-adm-16 w.site1region2.1274.5 7/5/2 L:[CBE,646,1F6,EE6,41E     ] F:[A96,86E                 ]
profile100sync site1-region2-stratum-adm-36 w.site1region2.1275.0 8/2/6 L:[F6C,648                 ] F:[EE8,870,420,CC0,1F8,A98 ]
profile100sync site1-region2-stratum-adm-36 w.site1region2.1275.1 8/2/6 L:[A9A,CC2                 ] F:[EEA,872,422,FC8,1FA,64A ]
profile100sync site1-region2-stratum-adm-36 w.site1region2.1275.2 7/3/4 L:[874,1FC,424             ] F:[EEC,64C,CC4,A9C         ]
profile100sync site1-region2-stratum-adm-36 w.site1region2.1275.3 7/2/5 L:[A9E,64E                 ] F:[EEE,876,426,CC6,1FE     ]
profile100sync site1-region2-stratum-adm-36 w.site1region2.1275.4 7/6/1 L:[CC8,200,AA0,428,EF0,878 ] F:[650                     ]
profile100sync site1-region2-stratum-adm-36 w.site1region2.1275.5 7/5/2 L:[652,42A,CCA,EF2,87A     ] F:[202,AA2                 ]
profile100sync site1-region2-stratum-adm-40 w.site1region2.1276.0 8/5/3 L:[F6E,AA4,204,654,87C     ] F:[42C,CCC,EF4             ]
profile100sync site1-region2-stratum-adm-40 w.site1region2.1276.1 8/3/5 L:[656,87E,206             ] F:[CCE,AA6,EF6,42E,FCA     ]
profile100sync site1-region2-stratum-adm-40 w.site1region2.1276.2 7/3/4 L:[EF8,430,AA8             ] F:[880,658,CD0,208         ]
profile100sync site1-region2-stratum-adm-40 w.site1region2.1276.3 7/4/3 L:[20A,CD2,65A,882         ] F:[EFA,432,AAA             ]
profile100sync site1-region2-stratum-adm-40 w.site1region2.1276.4 7/3/4 L:[65C,884,AAC             ] F:[EFC,CD4,434,20C         ]
profile100sync site1-region2-stratum-adm-40 w.site1region2.1276.5 7/1/6 L:[AAE                     ] F:[EFE,65E,886,436,20E,CD6 ]
profile100sync site1-region2-stratum-adm-35 w.site1region2.1278.0 8/3/5 L:[CD8,438,F00             ] F:[888,660,210,AB0,F70     ]
profile100sync site1-region2-stratum-adm-35 w.site1region2.1278.1 8/4/4 L:[CDA,212,AB2,662         ] F:[FCC,88A,F02,43A         ]
profile100sync site1-region2-stratum-adm-35 w.site1region2.1278.2 7/6/1 L:[CDC,214,664,AB4,F04,88C ] F:[43C                     ]
profile100sync site1-region2-stratum-adm-35 w.site1region2.1278.3 7/4/3 L:[666,216,F06,88E         ] F:[CDE,AB6,43E             ]
profile100sync site1-region2-stratum-adm-35 w.site1region2.1278.4 7/7/0 L:[890,440,CE0,218,F08,668,AB8] F:[                        ]
profile100sync site1-region2-stratum-adm-35 w.site1region2.1278.5 7/2/5 L:[892,21A                 ] F:[442,CE2,F0A,66A,ABA     ]
profile100sync site1-region2-stratum-adm-19 w.site1region2.1279.0 8/4/4 L:[F0C,F72,444,66C         ] F:[ABC,21C,894,CE4         ]
profile100sync site1-region2-stratum-adm-19 w.site1region2.1279.1 8/2/6 L:[896,CE6                 ] F:[FCE,F0E,446,66E,21E,ABE ]
profile100sync site1-region2-stratum-adm-19 w.site1region2.1279.2 7/5/2 L:[220,F10,670,AC0,898     ] F:[CE8,448                 ]
profile100sync site1-region2-stratum-adm-19 w.site1region2.1279.3 7/4/3 L:[222,CEA,89A,F12         ] F:[672,AC2,44A             ]
profile100sync site1-region2-stratum-adm-19 w.site1region2.1279.4 7/3/4 L:[224,F14,89C             ] F:[CEC,674,44C,AC4         ]
profile100sync site1-region2-stratum-adm-19 w.site1region2.1279.5 7/1/6 L:[F16                     ] F:[CEE,676,44E,226,89E,AC6 ]
profile100sync site1-region1-stratum-adm-41 w.site1region1.1281.0 8/6/2 L:[EDC,CB4,414,A8C,1EC,63C ] F:[864,F6A                 ]
profile100sync site1-region1-stratum-adm-41 w.site1region1.1281.1 8/3/5 L:[416,EDE,63E             ] F:[866,A8E,1EE,CB6,FC6     ]
profile100sync site1-region1-stratum-adm-41 w.site1region1.1281.2 7/3/4 L:[640,1F0,CB8             ] F:[A90,EE0,418,868         ]
profile100sync site1-region1-stratum-adm-41 w.site1region1.1281.3 7/3/4 L:[CBA,1F2,EE2             ] F:[642,41A,A92,86A         ]
profile100sync site1-region1-stratum-adm-41 w.site1region1.1281.4 7/4/3 L:[CBC,A94,1F4,EE4         ] F:[644,86C,41C             ]
profile100sync site1-region1-stratum-adm-41 w.site1region1.1281.5 7/2/5 L:[A96,86E                 ] F:[CBE,646,1F6,EE6,41E     ]
profile100sync site1-region1-stratum-adm-43 w.site1region1.1282.0 8/6/2 L:[EE8,870,420,CC0,1F8,A98 ] F:[F6C,648                 ]
profile100sync site1-region1-stratum-adm-43 w.site1region1.1282.1 8/6/2 L:[EEA,872,422,FC8,1FA,64A ] F:[A9A,CC2                 ]
profile100sync site1-region1-stratum-adm-43 w.site1region1.1282.2 7/4/3 L:[EEC,64C,CC4,A9C         ] F:[874,1FC,424             ]
profile100sync site1-region1-stratum-adm-43 w.site1region1.1282.3 7/5/2 L:[EEE,876,426,CC6,1FE     ] F:[A9E,64E                 ]
profile100sync site1-region1-stratum-adm-43 w.site1region1.1282.4 7/1/6 L:[650                     ] F:[CC8,200,AA0,428,EF0,878 ]
profile100sync site1-region1-stratum-adm-43 w.site1region1.1282.5 7/2/5 L:[202,AA2                 ] F:[652,42A,CCA,EF2,87A     ]
profile100sync site1-region1-stratum-adm-45 w.site1region1.1283.0 8/3/5 L:[42C,CCC,EF4             ] F:[F6E,AA4,204,654,87C     ]
profile100sync site1-region1-stratum-adm-45 w.site1region1.1283.1 8/5/3 L:[CCE,AA6,EF6,42E,FCA     ] F:[656,87E,206             ]
profile100sync site1-region1-stratum-adm-45 w.site1region1.1283.2 7/4/3 L:[880,658,CD0,208         ] F:[EF8,430,AA8             ]
profile100sync site1-region1-stratum-adm-45 w.site1region1.1283.3 7/3/4 L:[EFA,432,AAA             ] F:[20A,CD2,65A,882         ]
profile100sync site1-region1-stratum-adm-45 w.site1region1.1283.4 7/4/3 L:[EFC,CD4,434,20C         ] F:[65C,884,AAC             ]
profile100sync site1-region1-stratum-adm-45 w.site1region1.1283.5 7/6/1 L:[EFE,65E,886,436,20E,CD6 ] F:[AAE                     ]
profile100sync site1-region1-stratum-adm-42 w.site1region1.1284.0 8/5/3 L:[888,660,210,AB0,F70     ] F:[CD8,438,F00             ]
profile100sync site1-region1-stratum-adm-42 w.site1region1.1284.1 8/4/4 L:[FCC,88A,F02,43A         ] F:[CDA,212,AB2,662         ]
profile100sync site1-region1-stratum-adm-42 w.site1region1.1284.2 7/1/6 L:[43C                     ] F:[CDC,214,664,AB4,F04,88C ]
profile100sync site1-region1-stratum-adm-42 w.site1region1.1284.3 7/3/4 L:[CDE,AB6,43E             ] F:[666,216,F06,88E         ]
profile100sync site1-region1-stratum-adm-42 w.site1region1.1284.4 7/0/7 L:[                        ] F:[890,440,CE0,218,F08,668,AB8]
profile100sync site1-region1-stratum-adm-42 w.site1region1.1284.5 7/5/2 L:[442,CE2,F0A,66A,ABA     ] F:[892,21A                 ]
profile100sync site1-region1-stratum-adm-44 w.site1region1.1285.0 8/4/4 L:[ABC,21C,894,CE4         ] F:[F0C,F72,444,66C         ]
profile100sync site1-region1-stratum-adm-44 w.site1region1.1285.1 8/6/2 L:[FCE,F0E,446,66E,21E,ABE ] F:[896,CE6                 ]
profile100sync site1-region1-stratum-adm-44 w.site1region1.1285.2 7/2/5 L:[CE8,448                 ] F:[220,F10,670,AC0,898     ]
profile100sync site1-region1-stratum-adm-44 w.site1region1.1285.3 7/3/4 L:[672,AC2,44A             ] F:[222,CEA,89A,F12         ]
profile100sync site1-region1-stratum-adm-44 w.site1region1.1285.4 7/4/3 L:[CEC,674,44C,AC4         ] F:[224,F14,89C             ]
profile100sync site1-region1-stratum-adm-44 w.site1region1.1285.5 7/6/1 L:[CEE,676,44E,226,89E,AC6 ] F:[F16                     ]
