profile100sync site1-region2-stratum-adm-0 w.site1region2.1005.0 8/4/4 L:[000,228,CF0,678         ] F:[F18,AC8,450,8A0         ]
profile100sync site1-region2-stratum-adm-0 w.site1region2.1005.1 8/4/4 L:[ACA,452,002,22A         ] F:[67A,8A2,CF2,F74         ]
profile100sync site1-region2-stratum-adm-0 w.site1region2.1005.2 8/4/4 L:[8A4,CF4,ACC,22C         ] F:[67C,004,454,FD0         ]
profile100sync site1-region2-stratum-adm-0 w.site1region2.1005.3 7/3/4 L:[006,CF6,67E             ] F:[456,ACE,8A6,22E         ]
profile100sync site1-region2-stratum-adm-0 w.site1region2.1005.4 7/3/4 L:[CF8,680,458             ] F:[230,AD0,008,8A8         ]
profile100sync site1-region2-stratum-adm-0 w.site1region2.1005.5 7/3/4 L:[CFA,00A,8AA             ] F:[232,682,45A,AD2         ]
profile100sync site1-region1-stratum-adm-0 w.site1region1.1009.0 8/4/4 L:[F18,AC8,450,8A0         ] F:[000,228,CF0,678         ]
profile100sync site1-region1-stratum-adm-0 w.site1region1.1009.1 8/4/4 L:[67A,8A2,CF2,F74         ] F:[ACA,452,002,22A         ]
profile100sync site1-region1-stratum-adm-0 w.site1region1.1009.2 8/4/4 L:[67C,004,454,FD0         ] F:[8A4,CF4,ACC,22C         ]
profile100sync site1-region1-stratum-adm-0 w.site1region1.1009.3 7/4/3 L:[456,ACE,8A6,22E         ] F:[006,CF6,67E             ]
profile100sync site1-region1-stratum-adm-0 w.site1region1.1009.4 7/4/3 L:[230,AD0,008,8A8         ] F:[CF8,680,458             ]
profile100sync site1-region1-stratum-adm-0 w.site1region1.1009.5 7/4/3 L:[232,682,45A,AD2         ] F:[CFA,00A,8AA             ]
profile100sync site1-region2-stratum-adm-1 w.site1region2.1012.0 8/4/4 L:[CFC,8AC,684,45C         ] F:[234,AD4,F1A,00C         ]
profile100sync site1-region2-stratum-adm-1 w.site1region2.1012.1 8/4/4 L:[CFE,686,F76,8AE         ] F:[236,AD6,00E,45E         ]
profile100sync site1-region2-stratum-adm-1 w.site1region2.1012.2 8/4/4 L:[460,010,D00,FD2         ] F:[688,AD8,8B0,238         ]
profile100sync site1-region2-stratum-adm-1 w.site1region2.1012.3 7/4/3 L:[ADA,462,68A,8B2         ] F:[012,D02,23A             ]
profile100sync site1-region2-stratum-adm-1 w.site1region2.1012.4 7/4/3 L:[ADC,014,8B4,68C         ] F:[464,D04,23C             ]
profile100sync site1-region2-stratum-adm-1 w.site1region2.1012.5 7/3/4 L:[ADE,466,016             ] F:[23E,8B6,D06,68E         ]
profile100sync site1-region1-stratum-adm-2 w.site1region1.1014.0 8/4/4 L:[234,AD4,F1A,00C         ] F:[CFC,8AC,684,45C         ]
profile100sync site1-region1-stratum-adm-2 w.site1region1.1014.1 8/4/4 L:[236,AD6,00E,45E         ] F:[CFE,686,F76,8AE         ]
profile100sync site1-region1-stratum-adm-2 w.site1region1.1014.2 8/4/4 L:[688,AD8,8B0,238         ] F:[460,010,D00,FD2         ]
profile100sync site1-region1-stratum-adm-2 w.site1region1.1014.3 7/3/4 L:[012,D02,23A             ] F:[ADA,462,68A,8B2         ]
profile100sync site1-region1-stratum-adm-2 w.site1region1.1014.4 7/3/4 L:[464,D04,23C             ] F:[ADC,014,8B4,68C         ]
profile100sync site1-region1-stratum-adm-2 w.site1region1.1014.5 7/4/3 L:[23E,8B6,D06,68E         ] F:[ADE,466,016             ]
profile100sync site1-region1-stratum-adm-1 w.site1region1.1015.0 8/4/4 L:[F1C,240,690,AE0         ] F:[D08,468,018,8B8         ]
profile100sync site1-region1-stratum-adm-1 w.site1region1.1015.1 8/4/4 L:[D0A,46A,692,AE2         ] F:[8BA,01A,242,F78         ]
profile100sync site1-region1-stratum-adm-1 w.site1region1.1015.2 8/4/4 L:[D0C,AE4,FD4,46C         ] F:[244,694,8BC,01C         ]
profile100sync site1-region1-stratum-adm-1 w.site1region1.1015.3 7/3/4 L:[D0E,AE6,46E             ] F:[696,246,8BE,01E         ]
profile100sync site1-region1-stratum-adm-1 w.site1region1.1015.4 7/4/3 L:[470,020,248,698         ] F:[D10,AE8,8C0             ]
profile100sync site1-region1-stratum-adm-1 w.site1region1.1015.5 7/4/3 L:[D12,472,69A,24A         ] F:[AEA,022,8C2             ]
profile100sync site1-region2-stratum-adm-2 w.site1region2.1026.0 8/4/4 L:[D08,468,018,8B8         ] F:[F1C,240,690,AE0         ]
profile100sync site1-region2-stratum-adm-2 w.site1region2.1026.1 8/4/4 L:[8BA,01A,242,F78         ] F:[D0A,46A,692,AE2         ]
profile100sync site1-region2-stratum-adm-2 w.site1region2.1026.2 8/4/4 L:[244,694,8BC,01C         ] F:[D0C,AE4,FD4,46C         ]
profile100sync site1-region2-stratum-adm-2 w.site1region2.1026.3 7/4/3 L:[696,246,8BE,01E         ] F:[D0E,AE6,46E             ]
profile100sync site1-region2-stratum-adm-2 w.site1region2.1026.4 7/3/4 L:[D10,AE8,8C0             ] F:[470,020,248,698         ]
profile100sync site1-region2-stratum-adm-2 w.site1region2.1026.5 7/3/4 L:[AEA,022,8C2             ] F:[D12,472,69A,24A         ]
profile100sync site1-region2-stratum-adm-3 w.site1region2.1029.0 8/4/4 L:[AEC,474,024,8C4         ] F:[D14,24C,F1E,69C         ]
profile100sync site1-region2-stratum-adm-3 w.site1region2.1029.1 8/4/4 L:[24E,026,D16,F7A         ] F:[69E,476,AEE,8C6         ]
profile100sync site1-region2-stratum-adm-3 w.site1region2.1029.2 8/4/4 L:[250,AF0,FD6,028         ] F:[8C8,6A0,D18,478         ]
profile100sync site1-region2-stratum-adm-3 w.site1region2.1029.3 7/4/3 L:[D1A,47A,AF2,02A         ] F:[6A2,252,8CA             ]
profile100sync site1-region2-stratum-adm-3 w.site1region2.1029.4 7/4/3 L:[D1C,254,AF4,8CC         ] F:[6A4,47C,02C             ]
profile100sync site1-region2-stratum-adm-3 w.site1region2.1029.5 7/4/3 L:[6A6,AF6,02E,256         ] F:[D1E,47E,8CE             ]
profile100sync site1-region1-stratum-adm-4 w.site1region1.1030.0 8/4/4 L:[D14,24C,F1E,69C         ] F:[AEC,474,024,8C4         ]
profile100sync site1-region1-stratum-adm-4 w.site1region1.1030.1 8/4/4 L:[69E,476,AEE,8C6         ] F:[24E,026,D16,F7A         ]
profile100sync site1-region1-stratum-adm-4 w.site1region1.1030.2 8/4/4 L:[8C8,6A0,D18,478         ] F:[250,AF0,FD6,028         ]
profile100sync site1-region1-stratum-adm-4 w.site1region1.1030.3 7/3/4 L:[6A2,252,8CA             ] F:[D1A,47A,AF2,02A         ]
profile100sync site1-region1-stratum-adm-4 w.site1region1.1030.4 7/3/4 L:[6A4,47C,02C             ] F:[D1C,254,AF4,8CC         ]
profile100sync site1-region1-stratum-adm-4 w.site1region1.1030.5 7/3/4 L:[D1E,47E,8CE             ] F:[6A6,AF6,02E,256         ]
profile100sync site1-region1-stratum-adm-3 w.site1region1.1031.0 8/4/4 L:[6A8,480,AF8,258         ] F:[030,8D0,D20,F20         ]
profile100sync site1-region1-stratum-adm-3 w.site1region1.1031.1 8/4/4 L:[AFA,25A,8D2,6AA         ] F:[F7C,D22,032,482         ]
profile100sync site1-region1-stratum-adm-3 w.site1region1.1031.2 8/4/4 L:[AFC,034,8D4,FD8         ] F:[484,6AC,D24,25C         ]
profile100sync site1-region1-stratum-adm-3 w.site1region1.1031.3 7/4/3 L:[486,036,AFE,25E         ] F:[8D6,D26,6AE             ]
profile100sync site1-region1-stratum-adm-3 w.site1region1.1031.4 7/3/4 L:[D28,6B0,B00             ] F:[038,260,488,8D8         ]
profile100sync site1-region1-stratum-adm-3 w.site1region1.1031.5 7/4/3 L:[D2A,6B2,262,8DA         ] F:[B02,48A,03A             ]
profile100sync site1-region2-stratum-adm-4 w.site1region2.1032.0 8/4/4 L:[030,8D0,D20,F20         ] F:[6A8,480,AF8,258         ]
profile100sync site1-region2-stratum-adm-4 w.site1region2.1032.1 8/4/4 L:[F7C,D22,032,482         ] F:[AFA,25A,8D2,6AA         ]
profile100sync site1-region2-stratum-adm-4 w.site1region2.1032.2 8/4/4 L:[484,6AC,D24,25C         ] F:[AFC,034,8D4,FD8         ]
profile100sync site1-region2-stratum-adm-4 w.site1region2.1032.3 7/3/4 L:[8D6,D26,6AE             ] F:[486,036,AFE,25E         ]
profile100sync site1-region2-stratum-adm-4 w.site1region2.1032.4 7/4/3 L:[038,260,488,8D8         ] F:[D28,6B0,B00             ]
profile100sync site1-region2-stratum-adm-4 w.site1region2.1032.5 7/3/4 L:[B02,48A,03A             ] F:[D2A,6B2,262,8DA         ]
profile100sync site1-region1-stratum-adm-5 w.site1region1.1035.0 8/4/4 L:[8DC,F22,48C,03C         ] F:[D2C,B04,6B4,264         ]
profile100sync site1-region1-stratum-adm-5 w.site1region1.1035.1 8/4/4 L:[D2E,266,03E,8DE         ] F:[F7E,6B6,B06,48E         ]
profile100sync site1-region1-stratum-adm-5 w.site1region1.1035.2 8/4/4 L:[FDA,8E0,D30,268         ] F:[040,490,6B8,B08         ]
profile100sync site1-region1-stratum-adm-5 w.site1region1.1035.3 7/4/3 L:[B0A,8E2,D32,6BA         ] F:[492,042,26A             ]
profile100sync site1-region1-stratum-adm-5 w.site1region1.1035.4 7/4/3 L:[494,8E4,6BC,26C         ] F:[B0C,044,D34             ]
profile100sync site1-region1-stratum-adm-5 w.site1region1.1035.5 7/4/3 L:[496,046,26E,8E6         ] F:[B0E,6BE,D36             ]
profile100sync site1-region2-stratum-adm-5 w.site1region2.1037.0 8/4/4 L:[D2C,B04,6B4,264         ] F:[8DC,F22,48C,03C         ]
profile100sync site1-region2-stratum-adm-5 w.site1region2.1037.1 8/4/4 L:[F7E,6B6,B06,48E         ] F:[D2E,266,03E,8DE         ]
profile100sync site1-region2-stratum-adm-5 w.site1region2.1037.2 8/4/4 L:[040,490,6B8,B08         ] F:[FDA,8E0,D30,268         ]
profile100sync site1-region2-stratum-adm-5 w.site1region2.1037.3 7/3/4 L:[492,042,26A             ] F:[B0A,8E2,D32,6BA         ]
profile100sync site1-region2-stratum-adm-5 w.site1region2.1037.4 7/3/4 L:[B0C,044,D34             ] F:[494,8E4,6BC,26C         ]
profile100sync site1-region2-stratum-adm-5 w.site1region2.1037.5 7/3/4 L:[B0E,6BE,D36             ] F:[496,046,26E,8E6         ]
profile100sync site1-region1-stratum-adm-6 w.site1region1.1039.0 8/4/4 L:[8E8,270,D38,F24         ] F:[6C0,B10,048,498         ]
profile100sync site1-region1-stratum-adm-6 w.site1region1.1039.1 8/4/4 L:[272,F80,6C2,B12         ] F:[8EA,D3A,04A,49A         ]
profile100sync site1-region1-stratum-adm-6 w.site1region1.1039.2 8/4/4 L:[6C4,274,B14,04C         ] F:[8EC,FDC,49C,D3C         ]
profile100sync site1-region1-stratum-adm-6 w.site1region1.1039.3 7/3/4 L:[6C6,276,8EE             ] F:[D3E,B16,04E,49E         ]
profile100sync site1-region1-stratum-adm-6 w.site1region1.1039.4 7/4/3 L:[B18,4A0,6C8,D40         ] F:[8F0,050,278             ]
profile100sync site1-region1-stratum-adm-6 w.site1region1.1039.5 7/4/3 L:[B1A,052,D42,6CA         ] F:[4A2,8F2,27A             ]
profile100sync site1-region2-stratum-adm-6 w.site1region2.1041.0 8/4/4 L:[6C0,B10,048,498         ] F:[8E8,270,D38,F24         ]
profile100sync site1-region2-stratum-adm-6 w.site1region2.1041.1 8/4/4 L:[8EA,D3A,04A,49A         ] F:[272,F80,6C2,B12         ]
profile100sync site1-region2-stratum-adm-6 w.site1region2.1041.2 8/4/4 L:[8EC,FDC,49C,D3C         ] F:[6C4,274,B14,04C         ]
profile100sync site1-region2-stratum-adm-6 w.site1region2.1041.3 7/4/3 L:[D3E,B16,04E,49E         ] F:[6C6,276,8EE             ]
profile100sync site1-region2-stratum-adm-6 w.site1region2.1041.4 7/3/4 L:[8F0,050,278             ] F:[B18,4A0,6C8,D40         ]
profile100sync site1-region2-stratum-adm-6 w.site1region2.1041.5 7/3/4 L:[4A2,8F2,27A             ] F:[B1A,052,D42,6CA         ]
profile100sync site1-region1-stratum-adm-7 w.site1region1.1044.0 8/4/4 L:[4A4,D44,B1C,27C         ] F:[6CC,054,F26,8F4         ]
profile100sync site1-region1-stratum-adm-7 w.site1region1.1044.1 8/4/4 L:[6CE,056,8F6,27E         ] F:[B1E,F82,4A6,D46         ]
profile100sync site1-region1-stratum-adm-7 w.site1region1.1044.2 8/4/4 L:[D48,6D0,B20,FDE         ] F:[280,058,4A8,8F8         ]
profile100sync site1-region1-stratum-adm-7 w.site1region1.1044.3 7/4/3 L:[6D2,282,B22,4AA         ] F:[D4A,05A,8FA             ]
profile100sync site1-region1-stratum-adm-7 w.site1region1.1044.4 7/4/3 L:[D4C,6D4,284,8FC         ] F:[05C,4AC,B24             ]
profile100sync site1-region1-stratum-adm-7 w.site1region1.1044.5 7/4/3 L:[286,05E,4AE,8FE         ] F:[D4E,6D6,B26             ]
profile100sync site1-region2-stratum-adm-7 w.site1region2.1047.0 8/4/4 L:[6CC,054,F26,8F4         ] F:[4A4,D44,B1C,27C         ]
profile100sync site1-region2-stratum-adm-7 w.site1region2.1047.1 8/4/4 L:[B1E,F82,4A6,D46         ] F:[6CE,056,8F6,27E         ]
profile100sync site1-region2-stratum-adm-7 w.site1region2.1047.2 8/4/4 L:[280,058,4A8,8F8         ] F:[D48,6D0,B20,FDE         ]
profile100sync site1-region2-stratum-adm-7 w.site1region2.1047.3 7/3/4 L:[D4A,05A,8FA             ] F:[6D2,282,B22,4AA         ]
profile100sync site1-region2-stratum-adm-7 w.site1region2.1047.4 7/3/4 L:[05C,4AC,B24             ] F:[D4C,6D4,284,8FC         ]
profile100sync site1-region2-stratum-adm-7 w.site1region2.1047.5 7/3/4 L:[D4E,6D6,B26             ] F:[286,05E,4AE,8FE         ]
profile100sync site1-region2-stratum-adm-8 w.site1region2.1051.0 8/4/4 L:[B28,060,900,D50         ] F:[F28,4B0,6D8,288         ]
profile100sync site1-region2-stratum-adm-8 w.site1region2.1051.1 8/4/4 L:[B2A,28A,D52,F84         ] F:[6DA,062,902,4B2         ]
profile100sync site1-region2-stratum-adm-8 w.site1region2.1051.2 8/4/4 L:[064,FE0,4B4,D54         ] F:[6DC,B2C,904,28C         ]
profile100sync site1-region2-stratum-adm-8 w.site1region2.1051.3 7/4/3 L:[4B6,D56,28E,6DE         ] F:[B2E,906,066             ]
profile100sync site1-region2-stratum-adm-8 w.site1region2.1051.4 7/4/3 L:[D58,290,908,068         ] F:[6E0,4B8,B30             ]
profile100sync site1-region2-stratum-adm-8 w.site1region2.1051.5 7/4/3 L:[6E2,292,4BA,90A         ] F:[D5A,B32,06A             ]
profile100sync site1-region1-stratum-adm-8 w.site1region1.1052.0 8/4/4 L:[F28,4B0,6D8,288         ] F:[B28,060,900,D50         ]
profile100sync site1-region1-stratum-adm-8 w.site1region1.1052.1 8/4/4 L:[6DA,062,902,4B2         ] F:[B2A,28A,D52,F84         ]
profile100sync site1-region1-stratum-adm-8 w.site1region1.1052.2 8/4/4 L:[6DC,B2C,904,28C         ] F:[064,FE0,4B4,D54         ]
profile100sync site1-region1-stratum-adm-8 w.site1region1.1052.3 7/3/4 L:[B2E,906,066             ] F:[4B6,D56,28E,6DE         ]
profile100sync site1-region1-stratum-adm-8 w.site1region1.1052.4 7/3/4 L:[6E0,4B8,B30             ] F:[D58,290,908,068         ]
profile100sync site1-region1-stratum-adm-8 w.site1region1.1052.5 7/3/4 L:[D5A,B32,06A             ] F:[6E2,292,4BA,90A         ]
profile100sync site1-region2-stratum-adm-9 w.site1region2.1061.0 8/4/4 L:[90C,06C,294,4BC         ] F:[D5C,6E4,B34,F2A         ]
profile100sync site1-region2-stratum-adm-9 w.site1region2.1061.1 8/4/4 L:[06E,296,F86,4BE         ] F:[90E,B36,D5E,6E6         ]
profile100sync site1-region2-stratum-adm-9 w.site1region2.1061.2 8/4/4 L:[B38,070,6E8,FE2         ] F:[910,4C0,D60,298         ]
profile100sync site1-region2-stratum-adm-9 w.site1region2.1061.3 7/4/3 L:[4C2,912,29A,072         ] F:[B3A,6EA,D62             ]
profile100sync site1-region2-stratum-adm-9 w.site1region2.1061.4 7/4/3 L:[D64,074,6EC,29C         ] F:[B3C,4C4,914             ]
profile100sync site1-region2-stratum-adm-9 w.site1region2.1061.5 7/3/4 L:[4C6,B3E,6EE             ] F:[076,916,D66,29E         ]
profile100sync site1-region1-stratum-adm-11 w.site1region1.1065.0 8/4/4 L:[D5C,6E4,B34,F2A         ] F:[90C,06C,294,4BC         ]
profile100sync site1-region1-stratum-adm-11 w.site1region1.1065.1 8/4/4 L:[90E,B36,D5E,6E6         ] F:[06E,296,F86,4BE         ]
profile100sync site1-region1-stratum-adm-11 w.site1region1.1065.2 8/4/4 L:[910,4C0,D60,298         ] F:[B38,070,6E8,FE2         ]
profile100sync site1-region1-stratum-adm-11 w.site1region1.1065.3 7/3/4 L:[B3A,6EA,D62             ] F:[4C2,912,29A,072         ]
profile100sync site1-region1-stratum-adm-11 w.site1region1.1065.4 7/3/4 L:[B3C,4C4,914             ] F:[D64,074,6EC,29C         ]
profile100sync site1-region1-stratum-adm-11 w.site1region1.1065.5 7/4/3 L:[076,916,D66,29E         ] F:[4C6,B3E,6EE             ]
profile100sync site1-region1-stratum-adm-15 w.site1region1.1067.0 8/4/4 L:[D68,6F0,2A0,B40         ] F:[F2C,078,4C8,918         ]
profile100sync site1-region1-stratum-adm-15 w.site1region1.1067.1 8/4/4 L:[07A,91A,6F2,F88         ] F:[D6A,2A2,B42,4CA         ]
profile100sync site1-region1-stratum-adm-15 w.site1region1.1067.2 8/4/4 L:[6F4,2A4,FE4,4CC         ] F:[91C,07C,D6C,B44         ]
profile100sync site1-region1-stratum-adm-15 w.site1region1.1067.3 7/4/3 L:[D6E,6F6,4CE,91E         ] F:[2A6,07E,B46             ]
profile100sync site1-region1-stratum-adm-15 w.site1region1.1067.4 7/3/4 L:[080,920,2A8             ] F:[4D0,6F8,B48,D70         ]
profile100sync site1-region1-stratum-adm-15 w.site1region1.1067.5 7/4/3 L:[4D2,082,6FA,2AA         ] F:[B4A,922,D72             ]
profile100sync site1-region1-stratum-adm-18 w.site1region1.1072.0 8/4/4 L:[F2E,4D4,924,6FC         ] F:[084,B4C,2AC,D74         ]
profile100sync site1-region1-stratum-adm-18 w.site1region1.1072.1 8/4/4 L:[4D6,6FE,D76,F8A         ] F:[B4E,926,086,2AE         ]
profile100sync site1-region1-stratum-adm-18 w.site1region1.1072.2 8/4/4 L:[928,B50,FE6,088         ] F:[D78,2B0,700,4D8         ]
profile100sync site1-region1-stratum-adm-18 w.site1region1.1072.3 7/3/4 L:[08A,B52,4DA             ] F:[D7A,702,2B2,92A         ]
profile100sync site1-region1-stratum-adm-18 w.site1region1.1072.4 7/4/3 L:[D7C,704,08C,B54         ] F:[2B4,4DC,92C             ]
profile100sync site1-region1-stratum-adm-18 w.site1region1.1072.5 7/4/3 L:[D7E,2B6,08E,92E         ] F:[706,B56,4DE             ]
profile100sync site1-region1-stratum-adm-25 w.site1region1.1074.0 8/4/4 L:[F30,090,930,B58         ] F:[708,4E0,D80,2B8         ]
profile100sync site1-region1-stratum-adm-25 w.site1region1.1074.1 8/4/4 L:[4E2,932,2BA,70A         ] F:[F8C,D82,B5A,092         ]
profile100sync site1-region1-stratum-adm-25 w.site1region1.1074.2 8/4/4 L:[B5C,70C,D84,2BC         ] F:[FE8,4E4,094,934         ]
profile100sync site1-region1-stratum-adm-25 w.site1region1.1074.3 7/4/3 L:[4E6,936,70E,2BE         ] F:[096,B5E,D86             ]
profile100sync site1-region1-stratum-adm-25 w.site1region1.1074.4 7/3/4 L:[D88,710,2C0             ] F:[B60,098,938,4E8         ]
profile100sync site1-region1-stratum-adm-25 w.site1region1.1074.5 7/3/4 L:[09A,B62,93A             ] F:[D8A,712,2C2,4EA         ]
profile100sync site1-region1-stratum-adm-27 w.site1region1.1084.0 8/4/4 L:[D8C,2C4,F32,B64         ] F:[93C,4EC,714,09C         ]
profile100sync site1-region1-stratum-adm-27 w.site1region1.1084.1 8/4/4 L:[F8E,D8E,716,93E         ] F:[2C6,4EE,B66,09E         ]
profile100sync site1-region1-stratum-adm-27 w.site1region1.1084.2 8/4/4 L:[B68,718,4F0,2C8         ] F:[FEA,0A0,940,D90         ]
profile100sync site1-region1-stratum-adm-27 w.site1region1.1084.3 7/4/3 L:[B6A,4F2,D92,2CA         ] F:[0A2,942,71A             ]
profile100sync site1-region1-stratum-adm-27 w.site1region1.1084.4 7/3/4 L:[4F4,71C,0A4             ] F:[B6C,D94,944,2CC         ]
profile100sync site1-region1-stratum-adm-27 w.site1region1.1084.5 7/3/4 L:[B6E,4F6,2CE             ] F:[0A6,946,D96,71E         ]
profile100sync site1-region1-stratum-adm-24 w.site1region1.1087.0 8/4/4 L:[948,720,B70,4F8         ] F:[D98,2D0,F34,0A8         ]
profile100sync site1-region1-stratum-adm-24 w.site1region1.1087.1 8/4/4 L:[D9A,0AA,B72,4FA         ] F:[2D2,F90,722,94A         ]
profile100sync site1-region1-stratum-adm-24 w.site1region1.1087.2 8/4/4 L:[FEC,D9C,724,B74         ] F:[2D4,94C,0AC,4FC         ]
profile100sync site1-region1-stratum-adm-24 w.site1region1.1087.3 7/4/3 L:[2D6,B76,0AE,94E         ] F:[D9E,726,4FE             ]
profile100sync site1-region1-stratum-adm-24 w.site1region1.1087.4 7/4/3 L:[500,950,0B0,DA0         ] F:[B78,2D8,728             ]
profile100sync site1-region1-stratum-adm-24 w.site1region1.1087.5 7/3/4 L:[B7A,952,2DA             ] F:[502,DA2,0B2,72A         ]
profile100sync site1-region1-stratum-adm-23 w.site1region1.1094.0 8/4/4 L:[B7C,72C,DA4,2DC         ] F:[504,0B4,954,F36         ]
profile100sync site1-region1-stratum-adm-23 w.site1region1.1094.1 8/4/4 L:[72E,0B6,506,956         ] F:[B7E,2DE,F92,DA6         ]
profile100sync site1-region1-stratum-adm-23 w.site1region1.1094.2 8/4/4 L:[DA8,730,2E0,958         ] F:[FEE,B80,508,0B8         ]
profile100sync site1-region1-stratum-adm-23 w.site1region1.1094.3 7/4/3 L:[732,2E2,B82,95A         ] F:[0BA,DAA,50A             ]
profile100sync site1-region1-stratum-adm-23 w.site1region1.1094.4 7/3/4 L:[50C,2E4,95C             ] F:[734,B84,DAC,0BC         ]
profile100sync site1-region1-stratum-adm-23 w.site1region1.1094.5 7/3/4 L:[DAE,736,B86             ] F:[2E6,0BE,50E,95E         ]
profile100sync site1-region2-stratum-adm-23 w.site1region2.1096.0 8/4/4 L:[F2C,078,4C8,918         ] F:[D68,6F0,2A0,B40         ]
profile100sync site1-region2-stratum-adm-23 w.site1region2.1096.1 8/4/4 L:[D6A,2A2,B42,4CA         ] F:[07A,91A,6F2,F88         ]
profile100sync site1-region2-stratum-adm-23 w.site1region2.1096.2 8/4/4 L:[91C,07C,D6C,B44         ] F:[6F4,2A4,FE4,4CC         ]
profile100sync site1-region2-stratum-adm-23 w.site1region2.1096.3 7/3/4 L:[2A6,07E,B46             ] F:[D6E,6F6,4CE,91E         ]
profile100sync site1-region2-stratum-adm-23 w.site1region2.1096.4 7/4/3 L:[4D0,6F8,B48,D70         ] F:[080,920,2A8             ]
profile100sync site1-region2-stratum-adm-23 w.site1region2.1096.5 7/3/4 L:[B4A,922,D72             ] F:[4D2,082,6FA,2AA         ]
profile100sync site1-region2-stratum-adm-10 w.site1region2.1098.0 8/4/4 L:[084,B4C,2AC,D74         ] F:[F2E,4D4,924,6FC         ]
profile100sync site1-region2-stratum-adm-10 w.site1region2.1098.1 8/4/4 L:[B4E,926,086,2AE         ] F:[4D6,6FE,D76,F8A         ]
profile100sync site1-region2-stratum-adm-10 w.site1region2.1098.2 8/4/4 L:[D78,2B0,700,4D8         ] F:[928,B50,FE6,088         ]
profile100sync site1-region2-stratum-adm-10 w.site1region2.1098.3 7/4/3 L:[D7A,702,2B2,92A         ] F:[08A,B52,4DA             ]
profile100sync site1-region2-stratum-adm-10 w.site1region2.1098.4 7/3/4 L:[2B4,4DC,92C             ] F:[D7C,704,08C,B54         ]
profile100sync site1-region2-stratum-adm-10 w.site1region2.1098.5 7/3/4 L:[706,B56,4DE             ] F:[D7E,2B6,08E,92E         ]
profile100sync site1-region1-stratum-adm-30 w.site1region1.1103.0 8/4/4 L:[B88,0C0,738,2E8         ] F:[F38,510,960,DB0         ]
profile100sync site1-region1-stratum-adm-30 w.site1region1.1103.1 8/4/4 L:[B8A,512,F94,2EA         ] F:[73A,962,0C2,DB2         ]
profile100sync site1-region1-stratum-adm-30 w.site1region1.1103.2 8/4/4 L:[B8C,73C,964,2EC         ] F:[0C4,FF0,514,DB4         ]
profile100sync site1-region1-stratum-adm-30 w.site1region1.1103.3 7/4/3 L:[B8E,0C6,516,DB6         ] F:[966,2EE,73E             ]
profile100sync site1-region1-stratum-adm-30 w.site1region1.1103.4 7/3/4 L:[B90,0C8,518             ] F:[DB8,740,2F0,968         ]
profile100sync site1-region1-stratum-adm-30 w.site1region1.1103.5 7/4/3 L:[DBA,742,0CA,51A         ] F:[2F2,B92,96A             ]
profile100sync site1-region1-stratum-adm-29 w.site1region1.1107.0 8/4/4 L:[96C,2F4,B94,51C         ] F:[DBC,744,F3A,0CC         ]
profile100sync site1-region1-stratum-adm-29 w.site1region1.1107.1 8/4/4 L:[DBE,96E,746,0CE         ] F:[2F6,F96,B96,51E         ]
profile100sync site1-region1-stratum-adm-29 w.site1region1.1107.2 8/4/4 L:[B98,748,970,DC0         ] F:[520,FF2,0D0,2F8         ]
profile100sync site1-region1-stratum-adm-29 w.site1region1.1107.3 7/4/3 L:[522,B9A,DC2,2FA         ] F:[972,0D2,74A             ]
profile100sync site1-region1-stratum-adm-29 w.site1region1.1107.4 7/3/4 L:[B9C,0D4,74C             ] F:[524,974,2FC,DC4         ]
profile100sync site1-region1-stratum-adm-29 w.site1region1.1107.5 7/3/4 L:[B9E,976,0D6             ] F:[526,DC6,2FE,74E         ]
profile100sync site1-region2-stratum-adm-28 w.site1region2.1109.0 8/4/4 L:[708,4E0,D80,2B8         ] F:[F30,090,930,B58         ]
profile100sync site1-region2-stratum-adm-28 w.site1region2.1109.1 8/4/4 L:[F8C,D82,B5A,092         ] F:[4E2,932,2BA,70A         ]
profile100sync site1-region2-stratum-adm-28 w.site1region2.1109.2 8/4/4 L:[FE8,4E4,094,934         ] F:[B5C,70C,D84,2BC         ]
profile100sync site1-region2-stratum-adm-28 w.site1region2.1109.3 7/3/4 L:[096,B5E,D86             ] F:[4E6,936,70E,2BE         ]
profile100sync site1-region2-stratum-adm-28 w.site1region2.1109.4 7/4/3 L:[B60,098,938,4E8         ] F:[D88,710,2C0             ]
profile100sync site1-region2-stratum-adm-28 w.site1region2.1109.5 7/4/3 L:[D8A,712,2C2,4EA         ] F:[09A,B62,93A             ]
profile100sync site1-region2-stratum-adm-29 w.site1region2.1111.0 8/4/4 L:[93C,4EC,714,09C         ] F:[D8C,2C4,F32,B64         ]
profile100sync site1-region2-stratum-adm-29 w.site1region2.1111.1 8/4/4 L:[2C6,4EE,B66,09E         ] F:[F8E,D8E,716,93E         ]
profile100sync site1-region2-stratum-adm-29 w.site1region2.1111.2 8/4/4 L:[FEA,0A0,940,D90         ] F:[B68,718,4F0,2C8         ]
profile100sync site1-region2-stratum-adm-29 w.site1region2.1111.3 7/3/4 L:[0A2,942,71A             ] F:[B6A,4F2,D92,2CA         ]
profile100sync site1-region2-stratum-adm-29 w.site1region2.1111.4 7/4/3 L:[B6C,D94,944,2CC         ] F:[4F4,71C,0A4             ]
profile100sync site1-region2-stratum-adm-29 w.site1region2.1111.5 7/4/3 L:[0A6,946,D96,71E         ] F:[B6E,4F6,2CE             ]
profile100sync site1-region1-stratum-adm-14 w.site1region1.1113.0 8/4/4 L:[BA0,300,0D8,978         ] F:[F3C,750,DC8,528         ]
profile100sync site1-region1-stratum-adm-14 w.site1region1.1113.1 8/4/4 L:[DCA,97A,302,F98         ] F:[752,52A,BA2,0DA         ]
profile100sync site1-region1-stratum-adm-14 w.site1region1.1113.2 8/4/4 L:[DCC,97C,FF4,304         ] F:[754,BA4,0DC,52C         ]
profile100sync site1-region1-stratum-adm-14 w.site1region1.1113.3 7/3/4 L:[0DE,BA6,DCE             ] F:[756,306,52E,97E         ]
profile100sync site1-region1-stratum-adm-14 w.site1region1.1113.4 7/4/3 L:[980,DD0,0E0,308         ] F:[BA8,530,758             ]
profile100sync site1-region1-stratum-adm-14 w.site1region1.1113.5 7/4/3 L:[BAA,532,75A,982         ] F:[0E2,DD2,30A             ]
profile100sync site1-region1-stratum-adm-31 w.site1region1.1114.0 8/4/4 L:[BAC,984,DD4,75C         ] F:[F3E,534,30C,0E4         ]
profile100sync site1-region1-stratum-adm-31 w.site1region1.1114.1 8/4/4 L:[BAE,536,986,0E6         ] F:[75E,DD6,F9A,30E         ]
profile100sync site1-region1-stratum-adm-31 w.site1region1.1114.2 8/4/4 L:[DD8,310,0E8,538         ] F:[988,760,BB0,FF6         ]
profile100sync site1-region1-stratum-adm-31 w.site1region1.1114.3 7/3/4 L:[BB2,98A,53A             ] F:[762,312,DDA,0EA         ]
profile100sync site1-region1-stratum-adm-31 w.site1region1.1114.4 7/3/4 L:[764,314,98C             ] F:[DDC,BB4,53C,0EC         ]
profile100sync site1-region1-stratum-adm-31 w.site1region1.1114.5 7/4/3 L:[766,BB6,316,53E         ] F:[DDE,0EE,98E             ]
profile100sync site1-region1-stratum-adm-32 w.site1region1.1115.0 8/4/4 L:[990,DE0,F40,768         ] F:[BB8,540,0F0,318         ]
profile100sync site1-region1-stratum-adm-32 w.site1region1.1115.1 8/4/4 L:[F9C,542,992,31A         ] F:[BBA,0F2,DE2,76A         ]
profile100sync site1-region1-stratum-adm-32 w.site1region1.1115.2 8/4/4 L:[76C,31C,0F4,FF8         ] F:[BBC,994,544,DE4         ]
profile100sync site1-region1-stratum-adm-32 w.site1region1.1115.3 7/3/4 L:[BBE,31E,76E             ] F:[546,0F6,996,DE6         ]
profile100sync site1-region1-stratum-adm-32 w.site1region1.1115.4 7/4/3 L:[770,320,548,0F8         ] F:[DE8,998,BC0             ]
profile100sync site1-region1-stratum-adm-32 w.site1region1.1115.5 7/3/4 L:[772,99A,DEA             ] F:[322,0FA,BC2,54A         ]
profile100sync site1-region1-stratum-adm-37 w.site1region1.1117.0 8/4/4 L:[99C,774,BC4,0FC         ] F:[DEC,324,54C,F42         ]
profile100sync site1-region1-stratum-adm-37 w.site1region1.1117.1 8/4/4 L:[DEE,54E,0FE,99E         ] F:[F9E,776,326,BC6         ]
profile100sync site1-region1-stratum-adm-37 w.site1region1.1117.2 8/4/4 L:[550,778,DF0,328         ] F:[BC8,9A0,100,FFA         ]
profile100sync site1-region1-stratum-adm-37 w.site1region1.1117.3 7/3/4 L:[552,DF2,9A2             ] F:[BCA,32A,102,77A         ]
profile100sync site1-region1-stratum-adm-37 w.site1region1.1117.4 7/3/4 L:[104,DF4,32C             ] F:[554,BCC,9A4,77C         ]
profile100sync site1-region1-stratum-adm-37 w.site1region1.1117.5 7/3/4 L:[BCE,556,106             ] F:[9A6,DF6,32E,77E         ]
profile100sync site1-region1-stratum-adm-33 w.site1region1.1119.0 8/4/4 L:[DF8,108,F44,558         ] F:[9A8,780,330,BD0         ]
profile100sync site1-region1-stratum-adm-33 w.site1region1.1119.1 8/4/4 L:[9AA,332,FA0,55A         ] F:[782,DFA,BD2,10A         ]
profile100sync site1-region1-stratum-adm-33 w.site1region1.1119.2 8/4/4 L:[FFC,10C,334,BD4         ] F:[55C,784,DFC,9AC         ]
profile100sync site1-region1-stratum-adm-33 w.site1region1.1119.3 7/4/3 L:[55E,10E,BD6,9AE         ] F:[DFE,786,336             ]
profile100sync site1-region1-stratum-adm-33 w.site1region1.1119.4 7/4/3 L:[BD8,110,560,E00         ] F:[9B0,788,338             ]
profile100sync site1-region1-stratum-adm-33 w.site1region1.1119.5 7/3/4 L:[112,E02,78A             ] F:[BDA,562,9B2,33A         ]
profile100sync site1-region1-stratum-adm-17 w.site1region1.1123.0 8/4/4 L:[78C,9B4,33C,E04         ] F:[BDC,564,114,F46         ]
profile100sync site1-region1-stratum-adm-17 w.site1region1.1123.1 8/4/4 L:[78E,116,E06,33E         ] F:[BDE,FA2,566,9B6         ]
profile100sync site1-region1-stratum-adm-17 w.site1region1.1123.2 8/4/4 L:[790,340,568,BE0         ] F:[FFE,118,E08,9B8         ]
profile100sync site1-region1-stratum-adm-17 w.site1region1.1123.3 7/4/3 L:[792,BE2,56A,9BA         ] F:[E0A,342,11A             ]
profile100sync site1-region1-stratum-adm-17 w.site1region1.1123.4 7/4/3 L:[E0C,344,11C,9BC         ] F:[56C,794,BE4             ]
profile100sync site1-region1-stratum-adm-17 w.site1region1.1123.5 7/3/4 L:[796,56E,9BE             ] F:[E0E,346,BE6,11E         ]
profile100sync site1-region1-stratum-adm-35 w.site1region1.1124.0 8/4/4 L:[570,F48,348,798         ] F:[BE8,9C0,E10,120         ]
profile100sync site1-region1-stratum-adm-35 w.site1region1.1124.1 8/4/4 L:[BEA,79A,572,FA4         ] F:[122,34A,9C2,E12         ]
profile100sync site1-region1-stratum-adm-35 w.site1region1.1124.2 7/3/4 L:[574,124,34C             ] F:[9C4,BEC,79C,E14         ]
profile100sync site1-region1-stratum-adm-35 w.site1region1.1124.3 7/4/3 L:[BEE,576,126,79E         ] F:[E16,9C6,34E             ]
profile100sync site1-region1-stratum-adm-35 w.site1region1.1124.4 7/4/3 L:[350,7A0,128,9C8         ] F:[E18,BF0,578             ]
profile100sync site1-region1-stratum-adm-35 w.site1region1.1124.5 7/3/4 L:[E1A,BF2,9CA             ] F:[7A2,352,57A,12A         ]
profile100sync site1-region1-stratum-adm-34 w.site1region1.1127.0 8/4/4 L:[9CC,BF4,12C,57C         ] F:[E1C,7A4,354,F4A         ]
profile100sync site1-region1-stratum-adm-34 w.site1region1.1127.1 8/4/4 L:[E1E,7A6,FA6,356         ] F:[9CE,BF6,12E,57E         ]
profile100sync site1-region1-stratum-adm-34 w.site1region1.1127.2 7/4/3 L:[130,358,E20,7A8         ] F:[BF8,580,9D0             ]
profile100sync site1-region1-stratum-adm-34 w.site1region1.1127.3 7/4/3 L:[E22,7AA,132,35A         ] F:[BFA,582,9D2             ]
profile100sync site1-region1-stratum-adm-34 w.site1region1.1127.4 7/4/3 L:[134,E24,584,35C         ] F:[BFC,9D4,7AC             ]
profile100sync site1-region1-stratum-adm-34 w.site1region1.1127.5 7/3/4 L:[9D6,7AE,35E             ] F:[586,136,E26,BFE         ]
profile100sync site1-region1-stratum-adm-16 w.site1region1.1128.0 8/4/4 L:[C00,588,360,9D8         ] F:[F4C,E28,7B0,138         ]
profile100sync site1-region1-stratum-adm-16 w.site1region1.1128.1 8/4/4 L:[9DA,7B2,C02,58A         ] F:[362,E2A,13A,FA8         ]
profile100sync site1-region1-stratum-adm-16 w.site1region1.1128.2 7/3/4 L:[E2C,7B4,58C             ] F:[364,C04,13C,9DC         ]
profile100sync site1-region1-stratum-adm-16 w.site1region1.1128.3 7/3/4 L:[7B6,C06,13E             ] F:[366,E2E,58E,9DE         ]
profile100sync site1-region1-stratum-adm-16 w.site1region1.1128.4 7/4/3 L:[9E0,590,368,7B8         ] F:[140,C08,E30             ]
profile100sync site1-region1-stratum-adm-16 w.site1region1.1128.5 7/3/4 L:[E32,9E2,36A             ] F:[C0A,592,142,7BA         ]
profile100sync site1-region1-stratum-adm-36 w.site1region1.1131.0 8/4/4 L:[594,144,7BC,E34         ] F:[C0C,F4E,36C,9E4         ]
profile100sync site1-region1-stratum-adm-36 w.site1region1.1131.1 8/4/4 L:[7BE,596,146,36E         ] F:[C0E,9E6,E36,FAA         ]
profile100sync site1-region1-stratum-adm-36 w.site1region1.1131.2 7/4/3 L:[7C0,C10,148,370         ] F:[E38,598,9E8             ]
profile100sync site1-region1-stratum-adm-36 w.site1region1.1131.3 7/4/3 L:[372,14A,59A,9EA         ] F:[E3A,7C2,C12             ]
profile100sync site1-region1-stratum-adm-36 w.site1region1.1131.4 7/4/3 L:[7C4,E3C,C14,59C         ] F:[9EC,374,14C             ]
profile100sync site1-region1-stratum-adm-36 w.site1region1.1131.5 7/4/3 L:[E3E,C16,9EE,59E         ] F:[376,14E,7C6             ]
profile100sync site1-region1-stratum-adm-39 w.site1region1.1136.0 8/4/4 L:[C18,5A0,9F0,150         ] F:[7C8,F50,E40,378         ]
profile100sync site1-region1-stratum-adm-39 w.site1region1.1136.1 8/4/4 L:[C1A,5A2,E42,37A         ] F:[FAC,152,9F2,7CA         ]
profile100sync site1-region1-stratum-adm-39 w.site1region1.1136.2 7/3/4 L:[C1C,E44,37C             ] F:[9F4,5A4,154,7CC         ]
profile100sync site1-region1-stratum-adm-39 w.site1region1.1136.3 7/3/4 L:[7CE,9F6,37E             ] F:[C1E,5A6,156,E46         ]
profile100sync site1-region1-stratum-adm-39 w.site1region1.1136.4 7/4/3 L:[E48,C20,158,380         ] F:[7D0,5A8,9F8             ]
profile100sync site1-region1-stratum-adm-39 w.site1region1.1136.5 7/3/4 L:[E4A,9FA,5AA             ] F:[7D2,C22,15A,382         ]
profile100sync site1-region1-stratum-adm-38 w.site1region1.1137.0 8/4/4 L:[9FC,5AC,7D4,15C         ] F:[E4C,384,F52,C24         ]
profile100sync site1-region1-stratum-adm-38 w.site1region1.1137.1 8/4/4 L:[FAE,E4E,7D6,C26         ] F:[15E,386,5AE,9FE         ]
profile100sync site1-region1-stratum-adm-38 w.site1region1.1137.2 7/3/4 L:[160,5B0,E50             ] F:[C28,7D8,A00,388         ]
profile100sync site1-region1-stratum-adm-38 w.site1region1.1137.3 7/4/3 L:[C2A,5B2,162,38A         ] F:[A02,E52,7DA             ]
profile100sync site1-region1-stratum-adm-38 w.site1region1.1137.4 7/4/3 L:[C2C,164,A04,E54         ] F:[5B4,38C,7DC             ]
profile100sync site1-region1-stratum-adm-38 w.site1region1.1137.5 7/3/4 L:[5B6,A06,166             ] F:[C2E,E56,7DE,38E         ]
profile100sync site1-region1-stratum-adm-10 w.site1region1.1139.0 8/4/4 L:[7E0,C30,5B8,168         ] F:[A08,E58,390,F54         ]
profile100sync site1-region1-stratum-adm-10 w.site1region1.1139.1 8/4/4 L:[E5A,16A,392,5BA         ] F:[A0A,7E2,FB0,C32         ]
profile100sync site1-region1-stratum-adm-10 w.site1region1.1139.2 7/4/3 L:[E5C,7E4,394,5BC         ] F:[A0C,C34,16C             ]
profile100sync site1-region1-stratum-adm-10 w.site1region1.1139.3 7/3/4 L:[E5E,396,C36             ] F:[7E6,16E,5BE,A0E         ]
profile100sync site1-region1-stratum-adm-10 w.site1region1.1139.4 7/4/3 L:[C38,5C0,170,398         ] F:[A10,E60,7E8             ]
profile100sync site1-region1-stratum-adm-10 w.site1region1.1139.5 7/4/3 L:[5C2,39A,E62,7EA         ] F:[C3A,172,A12             ]
profile100sync site1-region2-stratum-adm-11 w.site1region2.1140.0 8/4/4 L:[D98,2D0,F34,0A8         ] F:[948,720,B70,4F8         ]
profile100sync site1-region2-stratum-adm-11 w.site1region2.1140.1 8/4/4 L:[2D2,F90,722,94A         ] F:[D9A,0AA,B72,4FA         ]
profile100sync site1-region2-stratum-adm-11 w.site1region2.1140.2 8/4/4 L:[2D4,94C,0AC,4FC         ] F:[FEC,D9C,724,B74         ]
profile100sync site1-region2-stratum-adm-11 w.site1region2.1140.3 7/3/4 L:[D9E,726,4FE             ] F:[2D6,B76,0AE,94E         ]
profile100sync site1-region2-stratum-adm-11 w.site1region2.1140.4 7/3/4 L:[B78,2D8,728             ] F:[500,950,0B0,DA0         ]
profile100sync site1-region2-stratum-adm-11 w.site1region2.1140.5 7/4/3 L:[502,DA2,0B2,72A         ] F:[B7A,952,2DA             ]
profile100sync site1-region1-stratum-adm-12 w.site1region1.1147.0 8/4/4 L:[C3C,174,A14,7EC         ] F:[5C4,E64,39C,F56         ]
profile100sync site1-region1-stratum-adm-12 w.site1region1.1147.1 8/4/4 L:[C3E,176,A16,E66         ] F:[7EE,5C6,FB2,39E         ]
profile100sync site1-region1-stratum-adm-12 w.site1region1.1147.2 7/4/3 L:[3A0,C40,178,5C8         ] F:[E68,7F0,A18             ]
profile100sync site1-region1-stratum-adm-12 w.site1region1.1147.3 7/3/4 L:[7F2,17A,A1A             ] F:[E6A,3A2,C42,5CA         ]
profile100sync site1-region1-stratum-adm-12 w.site1region1.1147.4 7/4/3 L:[17C,C44,A1C,5CC         ] F:[E6C,3A4,7F4             ]
profile100sync site1-region1-stratum-adm-12 w.site1region1.1147.5 7/4/3 L:[E6E,3A6,C46,5CE         ] F:[7F6,A1E,17E             ]
profile100sync site1-region1-stratum-adm-19 w.site1region1.1155.0 8/4/4 L:[F58,C48,5D0,7F8         ] F:[180,A20,E70,3A8         ]
profile100sync site1-region1-stratum-adm-19 w.site1region1.1155.1 8/4/4 L:[5D2,182,E72,FB4         ] F:[7FA,A22,3AA,C4A         ]
profile100sync site1-region1-stratum-adm-19 w.site1region1.1155.2 7/3/4 L:[C4C,184,A24             ] F:[5D4,E74,3AC,7FC         ]
profile100sync site1-region1-stratum-adm-19 w.site1region1.1155.3 7/3/4 L:[C4E,5D6,E76             ] F:[186,A26,3AE,7FE         ]
profile100sync site1-region1-stratum-adm-19 w.site1region1.1155.4 7/4/3 L:[E78,800,5D8,188         ] F:[A28,3B0,C50             ]
profile100sync site1-region1-stratum-adm-19 w.site1region1.1155.5 7/4/3 L:[3B2,C52,5DA,A2A         ] F:[E7A,802,18A             ]
profile100sync site1-region1-stratum-adm-21 w.site1region1.1156.0 8/4/4 L:[804,E7C,C54,A2C         ] F:[3B4,F5A,5DC,18C         ]
profile100sync site1-region1-stratum-adm-21 w.site1region1.1156.1 8/4/4 L:[E7E,3B6,C56,FB6         ] F:[A2E,5DE,806,18E         ]
profile100sync site1-region1-stratum-adm-21 w.site1region1.1156.2 7/4/3 L:[A30,808,190,E80         ] F:[C58,5E0,3B8             ]
profile100sync site1-region1-stratum-adm-21 w.site1region1.1156.3 7/3/4 L:[192,80A,3BA             ] F:[C5A,5E2,E82,A32         ]
profile100sync site1-region1-stratum-adm-21 w.site1region1.1156.4 7/3/4 L:[5E4,3BC,80C             ] F:[C5C,A34,E84,194         ]
profile100sync site1-region1-stratum-adm-21 w.site1region1.1156.5 7/4/3 L:[5E6,E86,A36,196         ] F:[C5E,80E,3BE             ]
profile100sync site1-region1-stratum-adm-13 w.site1region1.1161.0 8/4/4 L:[F5C,810,3C0,C60         ] F:[A38,198,E88,5E8         ]
profile100sync site1-region1-stratum-adm-13 w.site1region1.1161.1 8/4/4 L:[E8A,812,5EA,FB8         ] F:[A3A,3C2,C62,19A         ]
profile100sync site1-region1-stratum-adm-13 w.site1region1.1161.2 7/4/3 L:[814,5EC,E8C,A3C         ] F:[3C4,C64,19C             ]
profile100sync site1-region1-stratum-adm-13 w.site1region1.1161.3 7/4/3 L:[E8E,816,3C6,C66         ] F:[19E,5EE,A3E             ]
profile100sync site1-region1-stratum-adm-13 w.site1region1.1161.4 7/3/4 L:[A40,E90,818             ] F:[C68,1A0,5F0,3C8         ]
profile100sync site1-region1-stratum-adm-13 w.site1region1.1161.5 7/4/3 L:[5F2,C6A,E92,3CA         ] F:[1A2,A42,81A             ]
profile100sync site1-region2-stratum-adm-42 w.site1region2.1165.0 8/4/4 L:[504,0B4,954,F36         ] F:[B7C,72C,DA4,2DC         ]
profile100sync site1-region2-stratum-adm-42 w.site1region2.1165.1 8/4/4 L:[B7E,2DE,F92,DA6         ] F:[72E,0B6,506,956         ]
profile100sync site1-region2-stratum-adm-42 w.site1region2.1165.2 8/4/4 L:[FEE,B80,508,0B8         ] F:[DA8,730,2E0,958         ]
profile100sync site1-region2-stratum-adm-42 w.site1region2.1165.3 7/3/4 L:[0BA,DAA,50A             ] F:[732,2E2,B82,95A         ]
profile100sync site1-region2-stratum-adm-42 w.site1region2.1165.4 7/4/3 L:[734,B84,DAC,0BC         ] F:[50C,2E4,95C             ]
profile100sync site1-region2-stratum-adm-42 w.site1region2.1165.5 7/4/3 L:[2E6,0BE,50E,95E         ] F:[DAE,736,B86             ]
profile100sync site1-region2-stratum-adm-14 w.site1region2.1178.0 8/4/4 L:[F38,510,960,DB0         ] F:[B88,0C0,738,2E8         ]
profile100sync site1-region2-stratum-adm-14 w.site1region2.1178.1 8/4/4 L:[73A,962,0C2,DB2         ] F:[B8A,512,F94,2EA         ]
profile100sync site1-region2-stratum-adm-14 w.site1region2.1178.2 8/4/4 L:[0C4,FF0,514,DB4         ] F:[B8C,73C,964,2EC         ]
profile100sync site1-region2-stratum-adm-14 w.site1region2.1178.3 7/3/4 L:[966,2EE,73E             ] F:[B8E,0C6,516,DB6         ]
profile100sync site1-region2-stratum-adm-14 w.site1region2.1178.4 7/4/3 L:[DB8,740,2F0,968         ] F:[B90,0C8,518             ]
profile100sync site1-region2-stratum-adm-14 w.site1region2.1178.5 7/3/4 L:[2F2,B92,96A             ] F:[DBA,742,0CA,51A         ]
profile100sync site1-region1-stratum-adm-26 w.site1region1.1189.0 8/4/4 L:[C6C,5F4,1A4,81C         ] F:[F5E,E94,A44,3CC         ]
profile100sync site1-region1-stratum-adm-26 w.site1region1.1189.1 8/4/4 L:[81E,A46,FBA,5F6         ] F:[1A6,C6E,E96,3CE         ]
profile100sync site1-region1-stratum-adm-26 w.site1region1.1189.2 7/3/4 L:[820,1A8,A48             ] F:[E98,3D0,C70,5F8         ]
profile100sync site1-region1-stratum-adm-26 w.site1region1.1189.3 7/4/3 L:[E9A,822,3D2,5FA         ] F:[A4A,C72,1AA             ]
profile100sync site1-region1-stratum-adm-26 w.site1region1.1189.4 7/3/4 L:[E9C,1AC,A4C             ] F:[824,5FC,3D4,C74         ]
profile100sync site1-region1-stratum-adm-26 w.site1region1.1189.5 7/4/3 L:[E9E,3D6,5FE,A4E         ] F:[826,C76,1AE             ]
profile100sync site1-region2-stratum-adm-15 w.site1region2.1190.0 8/4/4 L:[DBC,744,F3A,0CC         ] F:[96C,2F4,B94,51C         ]
profile100sync site1-region2-stratum-adm-15 w.site1region2.1190.1 8/4/4 L:[2F6,F96,B96,51E         ] F:[DBE,96E,746,0CE         ]
profile100sync site1-region2-stratum-adm-15 w.site1region2.1190.2 8/4/4 L:[520,FF2,0D0,2F8         ] F:[B98,748,970,DC0         ]
profile100sync site1-region2-stratum-adm-15 w.site1region2.1190.3 7/3/4 L:[972,0D2,74A             ] F:[522,B9A,DC2,2FA         ]
profile100sync site1-region2-stratum-adm-15 w.site1region2.1190.4 7/4/3 L:[524,974,2FC,DC4         ] F:[B9C,0D4,74C             ]
profile100sync site1-region2-stratum-adm-15 w.site1region2.1190.5 7/4/3 L:[526,DC6,2FE,74E         ] F:[B9E,976,0D6             ]
profile100sync site1-region2-stratum-adm-24 w.site1region2.1195.0 8/4/4 L:[F3C,750,DC8,528         ] F:[BA0,300,0D8,978         ]
profile100sync site1-region2-stratum-adm-24 w.site1region2.1195.1 8/4/4 L:[752,52A,BA2,0DA         ] F:[DCA,97A,302,F98         ]
profile100sync site1-region2-stratum-adm-24 w.site1region2.1195.2 8/4/4 L:[754,BA4,0DC,52C         ] F:[DCC,97C,FF4,304         ]
profile100sync site1-region2-stratum-adm-24 w.site1region2.1195.3 7/4/3 L:[756,306,52E,97E         ] F:[0DE,BA6,DCE             ]
profile100sync site1-region2-stratum-adm-24 w.site1region2.1195.4 7/3/4 L:[BA8,530,758             ] F:[980,DD0,0E0,308         ]
profile100sync site1-region2-stratum-adm-24 w.site1region2.1195.5 7/3/4 L:[0E2,DD2,30A             ] F:[BAA,532,75A,982         ]
profile100sync site1-region2-stratum-adm-26 w.site1region2.1197.0 8/4/4 L:[F3E,534,30C,0E4         ] F:[BAC,984,DD4,75C         ]
profile100sync site1-region2-stratum-adm-26 w.site1region2.1197.1 8/4/4 L:[75E,DD6,F9A,30E         ] F:[BAE,536,986,0E6         ]
profile100sync site1-region2-stratum-adm-26 w.site1region2.1197.2 8/4/4 L:[988,760,BB0,FF6         ] F:[DD8,310,0E8,538         ]
profile100sync site1-region2-stratum-adm-26 w.site1region2.1197.3 7/4/3 L:[762,312,DDA,0EA         ] F:[BB2,98A,53A             ]
profile100sync site1-region2-stratum-adm-26 w.site1region2.1197.4 7/4/3 L:[DDC,BB4,53C,0EC         ] F:[764,314,98C             ]
profile100sync site1-region2-stratum-adm-26 w.site1region2.1197.5 7/3/4 L:[DDE,0EE,98E             ] F:[766,BB6,316,53E         ]
profile100sync site1-region2-stratum-adm-30 w.site1region2.1199.0 8/4/4 L:[BB8,540,0F0,318         ] F:[990,DE0,F40,768         ]
profile100sync site1-region2-stratum-adm-30 w.site1region2.1199.1 8/4/4 L:[BBA,0F2,DE2,76A         ] F:[F9C,542,992,31A         ]
profile100sync site1-region2-stratum-adm-30 w.site1region2.1199.2 8/4/4 L:[BBC,994,544,DE4         ] F:[76C,31C,0F4,FF8         ]
profile100sync site1-region2-stratum-adm-30 w.site1region2.1199.3 7/4/3 L:[546,0F6,996,DE6         ] F:[BBE,31E,76E             ]
profile100sync site1-region2-stratum-adm-30 w.site1region2.1199.4 7/3/4 L:[DE8,998,BC0             ] F:[770,320,548,0F8         ]
profile100sync site1-region2-stratum-adm-30 w.site1region2.1199.5 7/4/3 L:[322,0FA,BC2,54A         ] F:[772,99A,DEA             ]
profile100sync site1-region2-stratum-adm-32 w.site1region2.1200.0 8/4/4 L:[DEC,324,54C,F42         ] F:[99C,774,BC4,0FC         ]
profile100sync site1-region2-stratum-adm-32 w.site1region2.1200.1 8/4/4 L:[F9E,776,326,BC6         ] F:[DEE,54E,0FE,99E         ]
profile100sync site1-region2-stratum-adm-32 w.site1region2.1200.2 8/4/4 L:[BC8,9A0,100,FFA         ] F:[550,778,DF0,328         ]
profile100sync site1-region2-stratum-adm-32 w.site1region2.1200.3 7/4/3 L:[BCA,32A,102,77A         ] F:[552,DF2,9A2             ]
profile100sync site1-region2-stratum-adm-32 w.site1region2.1200.4 7/4/3 L:[554,BCC,9A4,77C         ] F:[104,DF4,32C             ]
profile100sync site1-region2-stratum-adm-32 w.site1region2.1200.5 7/4/3 L:[9A6,DF6,32E,77E         ] F:[BCE,556,106             ]
profile100sync site1-region2-stratum-adm-17 w.site1region2.1202.0 8/4/4 L:[9A8,780,330,BD0         ] F:[DF8,108,F44,558         ]
profile100sync site1-region2-stratum-adm-17 w.site1region2.1202.1 8/4/4 L:[782,DFA,BD2,10A         ] F:[9AA,332,FA0,55A         ]
profile100sync site1-region2-stratum-adm-17 w.site1region2.1202.2 8/4/4 L:[55C,784,DFC,9AC         ] F:[FFC,10C,334,BD4         ]
profile100sync site1-region2-stratum-adm-17 w.site1region2.1202.3 7/3/4 L:[DFE,786,336             ] F:[55E,10E,BD6,9AE         ]
profile100sync site1-region2-stratum-adm-17 w.site1region2.1202.4 7/3/4 L:[9B0,788,338             ] F:[BD8,110,560,E00         ]
profile100sync site1-region2-stratum-adm-17 w.site1region2.1202.5 7/4/3 L:[BDA,562,9B2,33A         ] F:[112,E02,78A             ]
profile100sync site1-region2-stratum-adm-27 w.site1region2.1205.0 8/4/4 L:[BDC,564,114,F46         ] F:[78C,9B4,33C,E04         ]
profile100sync site1-region2-stratum-adm-27 w.site1region2.1205.1 8/4/4 L:[BDE,FA2,566,9B6         ] F:[78E,116,E06,33E         ]
profile100sync site1-region2-stratum-adm-27 w.site1region2.1205.2 8/4/4 L:[FFE,118,E08,9B8         ] F:[790,340,568,BE0         ]
profile100sync site1-region2-stratum-adm-27 w.site1region2.1205.3 7/3/4 L:[E0A,342,11A             ] F:[792,BE2,56A,9BA         ]
profile100sync site1-region2-stratum-adm-27 w.site1region2.1205.4 7/3/4 L:[56C,794,BE4             ] F:[E0C,344,11C,9BC         ]
profile100sync site1-region2-stratum-adm-27 w.site1region2.1205.5 7/4/3 L:[E0E,346,BE6,11E         ] F:[796,56E,9BE             ]
profile100sync site1-region2-stratum-adm-18 w.site1region2.1206.0 8/4/4 L:[BE8,9C0,E10,120         ] F:[570,F48,348,798         ]
profile100sync site1-region2-stratum-adm-18 w.site1region2.1206.1 8/4/4 L:[122,34A,9C2,E12         ] F:[BEA,79A,572,FA4         ]
profile100sync site1-region2-stratum-adm-18 w.site1region2.1206.2 7/4/3 L:[9C4,BEC,79C,E14         ] F:[574,124,34C             ]
profile100sync site1-region2-stratum-adm-18 w.site1region2.1206.3 7/3/4 L:[E16,9C6,34E             ] F:[BEE,576,126,79E         ]
profile100sync site1-region2-stratum-adm-18 w.site1region2.1206.4 7/3/4 L:[E18,BF0,578             ] F:[350,7A0,128,9C8         ]
profile100sync site1-region2-stratum-adm-18 w.site1region2.1206.5 7/4/3 L:[7A2,352,57A,12A         ] F:[E1A,BF2,9CA             ]
profile100sync site1-region2-stratum-adm-20 w.site1region2.1208.0 8/4/4 L:[E1C,7A4,354,F4A         ] F:[9CC,BF4,12C,57C         ]
profile100sync site1-region2-stratum-adm-20 w.site1region2.1208.1 8/4/4 L:[9CE,BF6,12E,57E         ] F:[E1E,7A6,FA6,356         ]
profile100sync site1-region2-stratum-adm-20 w.site1region2.1208.2 7/3/4 L:[BF8,580,9D0             ] F:[130,358,E20,7A8         ]
profile100sync site1-region2-stratum-adm-20 w.site1region2.1208.3 7/3/4 L:[BFA,582,9D2             ] F:[E22,7AA,132,35A         ]
profile100sync site1-region2-stratum-adm-20 w.site1region2.1208.4 7/3/4 L:[BFC,9D4,7AC             ] F:[134,E24,584,35C         ]
profile100sync site1-region2-stratum-adm-20 w.site1region2.1208.5 7/4/3 L:[586,136,E26,BFE         ] F:[9D6,7AE,35E             ]
profile100sync site1-region1-stratum-adm-20 w.site1region1.1209.0 8/4/4 L:[828,C78,A50,EA0         ] F:[600,1B0,F60,3D8         ]
profile100sync site1-region1-stratum-adm-20 w.site1region1.1209.1 8/4/4 L:[C7A,1B2,3DA,82A         ] F:[FBC,602,EA2,A52         ]
profile100sync site1-region1-stratum-adm-20 w.site1region1.1209.2 7/4/3 L:[EA4,1B4,82C,A54         ] F:[604,C7C,3DC             ]
profile100sync site1-region1-stratum-adm-20 w.site1region1.1209.3 7/3/4 L:[C7E,1B6,82E             ] F:[606,A56,EA6,3DE         ]
profile100sync site1-region1-stratum-adm-20 w.site1region1.1209.4 7/4/3 L:[EA8,608,1B8,830         ] F:[C80,3E0,A58             ]
profile100sync site1-region1-stratum-adm-20 w.site1region1.1209.5 7/3/4 L:[3E2,1BA,A5A             ] F:[EAA,832,C82,60A         ]
profile100sync site1-region2-stratum-adm-21 w.site1region2.1212.0 8/4/4 L:[F4C,E28,7B0,138         ] F:[C00,588,360,9D8         ]
profile100sync site1-region2-stratum-adm-21 w.site1region2.1212.1 8/4/4 L:[362,E2A,13A,FA8         ] F:[9DA,7B2,C02,58A         ]
profile100sync site1-region2-stratum-adm-21 w.site1region2.1212.2 7/4/3 L:[364,C04,13C,9DC         ] F:[E2C,7B4,58C             ]
profile100sync site1-region2-stratum-adm-21 w.site1region2.1212.3 7/4/3 L:[366,E2E,58E,9DE         ] F:[7B6,C06,13E             ]
profile100sync site1-region2-stratum-adm-21 w.site1region2.1212.4 7/3/4 L:[140,C08,E30             ] F:[9E0,590,368,7B8         ]
profile100sync site1-region2-stratum-adm-21 w.site1region2.1212.5 7/4/3 L:[C0A,592,142,7BA         ] F:[E32,9E2,36A             ]
profile100sync site1-region1-stratum-adm-22 w.site1region1.1216.0 8/4/4 L:[F62,EAC,60C,1BC         ] F:[A5C,3E4,834,C84         ]
profile100sync site1-region1-stratum-adm-22 w.site1region1.1216.1 8/4/4 L:[C86,FBE,3E6,A5E         ] F:[1BE,836,EAE,60E         ]
profile100sync site1-region1-stratum-adm-22 w.site1region1.1216.2 7/3/4 L:[610,A60,EB0             ] F:[C88,1C0,3E8,838         ]
profile100sync site1-region1-stratum-adm-22 w.site1region1.1216.3 7/4/3 L:[612,C8A,A62,1C2         ] F:[EB2,3EA,83A             ]
profile100sync site1-region1-stratum-adm-22 w.site1region1.1216.4 7/3/4 L:[614,EB4,3EC             ] F:[C8C,1C4,83C,A64         ]
profile100sync site1-region1-stratum-adm-22 w.site1region1.1216.5 7/4/3 L:[83E,1C6,A66,3EE         ] F:[C8E,616,EB6             ]
profile100sync site1-region1-stratum-adm-28 w.site1region1.1218.0 8/4/4 L:[A68,F64,840,618         ] F:[EB8,C90,3F0,1C8         ]
profile100sync site1-region1-stratum-adm-28 w.site1region1.1218.1 8/4/4 L:[EBA,A6A,FC0,1CA         ] F:[3F2,842,C92,61A         ]
profile100sync site1-region1-stratum-adm-28 w.site1region1.1218.2 7/4/3 L:[EBC,61C,1CC,A6C         ] F:[844,3F4,C94             ]
profile100sync site1-region1-stratum-adm-28 w.site1region1.1218.3 7/4/3 L:[A6E,3F6,1CE,61E         ] F:[EBE,846,C96             ]
profile100sync site1-region1-stratum-adm-28 w.site1region1.1218.4 7/4/3 L:[C98,1D0,620,A70         ] F:[EC0,3F8,848             ]
profile100sync site1-region1-stratum-adm-28 w.site1region1.1218.5 7/4/3 L:[C9A,1D2,EC2,84A         ] F:[622,A72,3FA             ]
profile100sync site1-region2-stratum-adm-22 w.site1region2.1219.0 8/4/4 L:[C0C,F4E,36C,9E4         ] F:[594,144,7BC,E34         ]
profile100sync site1-region2-stratum-adm-22 w.site1region2.1219.1 8/4/4 L:[C0E,9E6,E36,FAA         ] F:[7BE,596,146,36E         ]
profile100sync site1-region2-stratum-adm-22 w.site1region2.1219.2 7/3/4 L:[E38,598,9E8             ] F:[7C0,C10,148,370         ]
profile100sync site1-region2-stratum-adm-22 w.site1region2.1219.3 7/3/4 L:[E3A,7C2,C12             ] F:[372,14A,59A,9EA         ]
profile100sync site1-region2-stratum-adm-22 w.site1region2.1219.4 7/3/4 L:[9EC,374,14C             ] F:[7C4,E3C,C14,59C         ]
profile100sync site1-region2-stratum-adm-22 w.site1region2.1219.5 7/3/4 L:[376,14E,7C6             ] F:[E3E,C16,9EE,59E         ]
profile100sync site1-region2-stratum-adm-34 w.site1region2.1223.0 8/4/4 L:[7C8,F50,E40,378         ] F:[C18,5A0,9F0,150         ]
profile100sync site1-region2-stratum-adm-34 w.site1region2.1223.1 8/4/4 L:[FAC,152,9F2,7CA         ] F:[C1A,5A2,E42,37A         ]
profile100sync site1-region2-stratum-adm-34 w.site1region2.1223.2 7/4/3 L:[9F4,5A4,154,7CC         ] F:[C1C,E44,37C             ]
profile100sync site1-region2-stratum-adm-34 w.site1region2.1223.3 7/4/3 L:[C1E,5A6,156,E46         ] F:[7CE,9F6,37E             ]
profile100sync site1-region2-stratum-adm-34 w.site1region2.1223.4 7/3/4 L:[7D0,5A8,9F8             ] F:[E48,C20,158,380         ]
profile100sync site1-region2-stratum-adm-34 w.site1region2.1223.5 7/4/3 L:[7D2,C22,15A,382         ] F:[E4A,9FA,5AA             ]
profile100sync site1-region2-stratum-adm-37 w.site1region2.1227.0 8/4/4 L:[E4C,384,F52,C24         ] F:[9FC,5AC,7D4,15C         ]
profile100sync site1-region2-stratum-adm-37 w.site1region2.1227.1 8/4/4 L:[15E,386,5AE,9FE         ] F:[FAE,E4E,7D6,C26         ]
profile100sync site1-region2-stratum-adm-37 w.site1region2.1227.2 7/4/3 L:[C28,7D8,A00,388         ] F:[160,5B0,E50             ]
profile100sync site1-region2-stratum-adm-37 w.site1region2.1227.3 7/3/4 L:[A02,E52,7DA             ] F:[C2A,5B2,162,38A         ]
profile100sync site1-region2-stratum-adm-37 w.site1region2.1227.4 7/3/4 L:[5B4,38C,7DC             ] F:[C2C,164,A04,E54         ]
profile100sync site1-region2-stratum-adm-37 w.site1region2.1227.5 7/4/3 L:[C2E,E56,7DE,38E         ] F:[5B6,A06,166             ]
profile100sync site1-region2-stratum-adm-39 w.site1region2.1231.0 8/4/4 L:[A08,E58,390,F54         ] F:[7E0,C30,5B8,168         ]
profile100sync site1-region2-stratum-adm-39 w.site1region2.1231.1 8/4/4 L:[A0A,7E2,FB0,C32         ] F:[E5A,16A,392,5BA         ]
profile100sync site1-region2-stratum-adm-39 w.site1region2.1231.2 7/3/4 L:[A0C,C34,16C             ] F:[E5C,7E4,394,5BC         ]
profile100sync site1-region2-stratum-adm-39 w.site1region2.1231.3 7/4/3 L:[7E6,16E,5BE,A0E         ] F:[E5E,396,C36             ]
profile100sync site1-region2-stratum-adm-39 w.site1region2.1231.4 7/3/4 L:[A10,E60,7E8             ] F:[C38,5C0,170,398         ]
profile100sync site1-region2-stratum-adm-39 w.site1region2.1231.5 7/3/4 L:[C3A,172,A12             ] F:[5C2,39A,E62,7EA         ]
profile100sync site1-region1-stratum-adm-9 w.site1region1.1233.0 8/4/4 L:[84C,1D4,EC4,C9C         ] F:[624,F66,A74,3FC         ]
profile100sync site1-region1-stratum-adm-9 w.site1region1.1233.1 8/4/4 L:[C9E,626,3FE,EC6         ] F:[1D6,84E,A76,FC2         ]
profile100sync site1-region1-stratum-adm-9 w.site1region1.1233.2 7/3/4 L:[850,CA0,1D8             ] F:[EC8,628,400,A78         ]
profile100sync site1-region1-stratum-adm-9 w.site1region1.1233.3 7/4/3 L:[402,CA2,1DA,62A         ] F:[ECA,852,A7A             ]
profile100sync site1-region1-stratum-adm-9 w.site1region1.1233.4 7/3/4 L:[854,CA4,62C             ] F:[404,1DC,ECC,A7C         ]
profile100sync site1-region1-stratum-adm-9 w.site1region1.1233.5 7/3/4 L:[62E,406,CA6             ] F:[ECE,856,1DE,A7E         ]
profile100sync site1-region2-stratum-adm-25 w.site1region2.1234.0 8/4/4 L:[5C4,E64,39C,F56         ] F:[C3C,174,A14,7EC         ]
profile100sync site1-region2-stratum-adm-25 w.site1region2.1234.1 8/4/4 L:[7EE,5C6,FB2,39E         ] F:[C3E,176,A16,E66         ]
profile100sync site1-region2-stratum-adm-25 w.site1region2.1234.2 7/3/4 L:[E68,7F0,A18             ] F:[3A0,C40,178,5C8         ]
profile100sync site1-region2-stratum-adm-25 w.site1region2.1234.3 7/4/3 L:[E6A,3A2,C42,5CA         ] F:[7F2,17A,A1A             ]
profile100sync site1-region2-stratum-adm-25 w.site1region2.1234.4 7/3/4 L:[E6C,3A4,7F4             ] F:[17C,C44,A1C,5CC         ]
profile100sync site1-region2-stratum-adm-25 w.site1region2.1234.5 7/3/4 L:[7F6,A1E,17E             ] F:[E6E,3A6,C46,5CE         ]
profile100sync site1-region1-stratum-adm-40 w.site1region1.1239.0 8/4/4 L:[CA8,F68,A80,408         ] F:[1E0,ED0,630,858         ]
profile100sync site1-region1-stratum-adm-40 w.site1region1.1239.1 8/4/4 L:[CAA,1E2,ED2,FC4         ] F:[85A,632,A82,40A         ]
profile100sync site1-region1-stratum-adm-40 w.site1region1.1239.2 7/4/3 L:[634,1E4,A84,40C         ] F:[CAC,ED4,85C             ]
profile100sync site1-region1-stratum-adm-40 w.site1region1.1239.3 7/4/3 L:[A86,1E6,ED6,85E         ] F:[CAE,40E,636             ]
profile100sync site1-region1-stratum-adm-40 w.site1region1.1239.4 7/4/3 L:[410,1E8,860,A88         ] F:[ED8,CB0,638             ]
profile100sync site1-region1-stratum-adm-40 w.site1region1.1239.5 7/4/3 L:[A8A,CB2,1EA,63A         ] F:[EDA,862,412             ]
profile100sync site1-region2-stratum-adm-41 w.site1region2.1240.0 8/4/4 L:[180,A20,E70,3A8         ] F:[F58,C48,5D0,7F8         ]
profile100sync site1-region2-stratum-adm-41 w.site1region2.1240.1 8/4/4 L:[7FA,A22,3AA,C4A         ] F:[5D2,182,E72,FB4         ]
profile100sync site1-region2-stratum-adm-41 w.site1region2.1240.2 7/4/3 L:[5D4,E74,3AC,7FC         ] F:[C4C,184,A24             ]
profile100sync site1-region2-stratum-adm-41 w.site1region2.1240.3 7/4/3 L:[186,A26,3AE,7FE         ] F:[C4E,5D6,E76             ]
profile100sync site1-region2-stratum-adm-41 w.site1region2.1240.4 7/3/4 L:[A28,3B0,C50             ] F:[E78,800,5D8,188         ]
profile100sync site1-region2-stratum-adm-41 w.site1region2.1240.5 7/3/4 L:[E7A,802,18A             ] F:[3B2,C52,5DA,A2A         ]
profile100sync site1-region2-stratum-adm-44 w.site1region2.1243.0 8/4/4 L:[3B4,F5A,5DC,18C         ] F:[804,E7C,C54,A2C         ]
profile100sync site1-region2-stratum-adm-44 w.site1region2.1243.1 8/4/4 L:[A2E,5DE,806,18E         ] F:[E7E,3B6,C56,FB6         ]
profile100sync site1-region2-stratum-adm-44 w.site1region2.1243.2 7/3/4 L:[C58,5E0,3B8             ] F:[A30,808,190,E80         ]
profile100sync site1-region2-stratum-adm-44 w.site1region2.1243.3 7/4/3 L:[C5A,5E2,E82,A32         ] F:[192,80A,3BA             ]
profile100sync site1-region2-stratum-adm-44 w.site1region2.1243.4 7/4/3 L:[C5C,A34,E84,194         ] F:[5E4,3BC,80C             ]
profile100sync site1-region2-stratum-adm-44 w.site1region2.1243.5 7/3/4 L:[C5E,80E,3BE             ] F:[5E6,E86,A36,196         ]
profile100sync site1-region2-stratum-adm-45 w.site1region2.1245.0 8/4/4 L:[A38,198,E88,5E8         ] F:[F5C,810,3C0,C60         ]
profile100sync site1-region2-stratum-adm-45 w.site1region2.1245.1 8/4/4 L:[A3A,3C2,C62,19A         ] F:[E8A,812,5EA,FB8         ]
profile100sync site1-region2-stratum-adm-45 w.site1region2.1245.2 7/3/4 L:[3C4,C64,19C             ] F:[814,5EC,E8C,A3C         ]
profile100sync site1-region2-stratum-adm-45 w.site1region2.1245.3 7/3/4 L:[19E,5EE,A3E             ] F:[E8E,816,3C6,C66         ]
profile100sync site1-region2-stratum-adm-45 w.site1region2.1245.4 7/4/3 L:[C68,1A0,5F0,3C8         ] F:[A40,E90,818             ]
profile100sync site1-region2-stratum-adm-45 w.site1region2.1245.5 7/3/4 L:[1A2,A42,81A             ] F:[5F2,C6A,E92,3CA         ]
profile100sync site1-region2-stratum-adm-12 w.site1region2.1249.0 8/4/4 L:[F5E,E94,A44,3CC         ] F:[C6C,5F4,1A4,81C         ]
profile100sync site1-region2-stratum-adm-12 w.site1region2.1249.1 8/4/4 L:[1A6,C6E,E96,3CE         ] F:[81E,A46,FBA,5F6         ]
profile100sync site1-region2-stratum-adm-12 w.site1region2.1249.2 7/4/3 L:[E98,3D0,C70,5F8         ] F:[820,1A8,A48             ]
profile100sync site1-region2-stratum-adm-12 w.site1region2.1249.3 7/3/4 L:[A4A,C72,1AA             ] F:[E9A,822,3D2,5FA         ]
profile100sync site1-region2-stratum-adm-12 w.site1region2.1249.4 7/4/3 L:[824,5FC,3D4,C74         ] F:[E9C,1AC,A4C             ]
profile100sync site1-region2-stratum-adm-12 w.site1region2.1249.5 7/3/4 L:[826,C76,1AE             ] F:[E9E,3D6,5FE,A4E         ]
profile100sync site1-region2-stratum-adm-43 w.site1region2.1257.0 8/4/4 L:[600,1B0,F60,3D8         ] F:[828,C78,A50,EA0         ]
profile100sync site1-region2-stratum-adm-43 w.site1region2.1257.1 8/4/4 L:[FBC,602,EA2,A52         ] F:[C7A,1B2,3DA,82A         ]
profile100sync site1-region2-stratum-adm-43 w.site1region2.1257.2 7/3/4 L:[604,C7C,3DC             ] F:[EA4,1B4,82C,A54         ]
profile100sync site1-region2-stratum-adm-43 w.site1region2.1257.3 7/4/3 L:[606,A56,EA6,3DE         ] F:[C7E,1B6,82E             ]
profile100sync site1-region2-stratum-adm-43 w.site1region2.1257.4 7/3/4 L:[C80,3E0,A58             ] F:[EA8,608,1B8,830         ]
profile100sync site1-region2-stratum-adm-43 w.site1region2.1257.5 7/4/3 L:[EAA,832,C82,60A         ] F:[3E2,1BA,A5A             ]
profile100sync site1-region2-stratum-adm-13 w.site1region2.1260.0 8/4/4 L:[A5C,3E4,834,C84         ] F:[F62,EAC,60C,1BC         ]
profile100sync site1-region2-stratum-adm-13 w.site1region2.1260.1 8/4/4 L:[1BE,836,EAE,60E         ] F:[C86,FBE,3E6,A5E         ]
profile100sync site1-region2-stratum-adm-13 w.site1region2.1260.2 7/4/3 L:[C88,1C0,3E8,838         ] F:[610,A60,EB0             ]
profile100sync site1-region2-stratum-adm-13 w.site1region2.1260.3 7/3/4 L:[EB2,3EA,83A             ] F:[612,C8A,A62,1C2         ]
profile100sync site1-region2-stratum-adm-13 w.site1region2.1260.4 7/4/3 L:[C8C,1C4,83C,A64         ] F:[614,EB4,3EC             ]
profile100sync site1-region2-stratum-adm-13 w.site1region2.1260.5 7/3/4 L:[C8E,616,EB6             ] F:[83E,1C6,A66,3EE         ]
profile100sync site1-region2-stratum-adm-33 w.site1region2.1264.0 8/4/4 L:[EB8,C90,3F0,1C8         ] F:[A68,F64,840,618         ]
profile100sync site1-region2-stratum-adm-33 w.site1region2.1264.1 8/4/4 L:[3F2,842,C92,61A         ] F:[EBA,A6A,FC0,1CA         ]
profile100sync site1-region2-stratum-adm-33 w.site1region2.1264.2 7/3/4 L:[844,3F4,C94             ] F:[EBC,61C,1CC,A6C         ]
profile100sync site1-region2-stratum-adm-33 w.site1region2.1264.3 7/3/4 L:[EBE,846,C96             ] F:[A6E,3F6,1CE,61E         ]
profile100sync site1-region2-stratum-adm-33 w.site1region2.1264.4 7/3/4 L:[EC0,3F8,848             ] F:[C98,1D0,620,A70         ]
profile100sync site1-region2-stratum-adm-33 w.site1region2.1264.5 7/3/4 L:[622,A72,3FA             ] F:[C9A,1D2,EC2,84A         ]
profile100sync site1-region2-stratum-adm-31 w.site1region2.1266.0 8/4/4 L:[624,F66,A74,3FC         ] F:[84C,1D4,EC4,C9C         ]
profile100sync site1-region2-stratum-adm-31 w.site1region2.1266.1 8/4/4 L:[1D6,84E,A76,FC2         ] F:[C9E,626,3FE,EC6         ]
profile100sync site1-region2-stratum-adm-31 w.site1region2.1266.2 7/4/3 L:[EC8,628,400,A78         ] F:[850,CA0,1D8             ]
profile100sync site1-region2-stratum-adm-31 w.site1region2.1266.3 7/3/4 L:[ECA,852,A7A             ] F:[402,CA2,1DA,62A         ]
profile100sync site1-region2-stratum-adm-31 w.site1region2.1266.4 7/4/3 L:[404,1DC,ECC,A7C         ] F:[854,CA4,62C             ]
profile100sync site1-region2-stratum-adm-31 w.site1region2.1266.5 7/4/3 L:[ECE,856,1DE,A7E         ] F:[62E,406,CA6             ]
profile100sync site1-region2-stratum-adm-38 w.site1region2.1271.0 8/4/4 L:[1E0,ED0,630,858         ] F:[CA8,F68,A80,408         ]
profile100sync site1-region2-stratum-adm-38 w.site1region2.1271.1 8/4/4 L:[85A,632,A82,40A         ] F:[CAA,1E2,ED2,FC4         ]
profile100sync site1-region2-stratum-adm-38 w.site1region2.1271.2 7/3/4 L:[CAC,ED4,85C             ] F:[634,1E4,A84,40C         ]
profile100sync site1-region2-stratum-adm-38 w.site1region2.1271.3 7/3/4 L:[CAE,40E,636             ] F:[A86,1E6,ED6,85E         ]
profile100sync site1-region2-stratum-adm-38 w.site1region2.1271.4 7/3/4 L:[ED8,CB0,638             ] F:[410,1E8,860,A88         ]
profile100sync site1-region2-stratum-adm-38 w.site1region2.1271.5 7/3/4 L:[EDA,862,412             ] F:[A8A,CB2,1EA,63A         ]
profile100sync site1-region2-stratum-adm-16 w.site1region2.1274.0 8/4/4 L:[864,414,A8C,63C         ] F:[EDC,CB4,F6A,1EC         ]
profile100sync site1-region2-stratum-adm-16 w.site1region2.1274.1 8/4/4 L:[866,EDE,FC6,63E         ] F:[416,A8E,1EE,CB6         ]
profile100sync site1-region2-stratum-adm-16 w.site1region2.1274.2 7/3/4 L:[640,A90,418             ] F:[1F0,CB8,EE0,868         ]
profile100sync site1-region2-stratum-adm-16 w.site1region2.1274.3 7/4/3 L:[642,41A,1F2,EE2         ] F:[CBA,A92,86A             ]
profile100sync site1-region2-stratum-adm-16 w.site1region2.1274.4 7/3/4 L:[644,1F4,EE4             ] F:[CBC,A94,86C,41C         ]
profile100sync site1-region2-stratum-adm-16 w.site1region2.1274.5 7/3/4 L:[646,41E,86E             ] F:[CBE,A96,1F6,EE6         ]
profile100sync site1-region2-stratum-adm-36 w.site1region2.1275.0 8/4/4 L:[F6C,EE8,420,CC0         ] F:[870,1F8,648,A98         ]
profile100sync site1-region2-stratum-adm-36 w.site1region2.1275.1 8/4/4 L:[EEA,422,1FA,64A         ] F:[A9A,872,CC2,FC8         ]
profile100sync site1-region2-stratum-adm-36 w.site1region2.1275.2 7/4/3 L:[EEC,1FC,CC4,A9C         ] F:[874,424,64C             ]
profile100sync site1-region2-stratum-adm-36 w.site1region2.1275.3 7/4/3 L:[EEE,426,64E,1FE         ] F:[876,CC6,A9E             ]
profile100sync site1-region2-stratum-adm-36 w.site1region2.1275.4 7/3/4 L:[200,428,878             ] F:[CC8,650,AA0,EF0         ]
profile100sync site1-region2-stratum-adm-36 w.site1region2.1275.5 7/3/4 L:[652,42A,202             ] F:[CCA,AA2,EF2,87A         ]
profile100sync site1-region2-stratum-adm-40 w.site1region2.1276.0 8/4/4 L:[AA4,204,CCC,87C         ] F:[F6E,42C,654,EF4         ]
profile100sync site1-region2-stratum-adm-40 w.site1region2.1276.1 8/4/4 L:[656,87E,EF6,FCA         ] F:[CCE,206,AA6,42E         ]
profile100sync site1-region2-stratum-adm-40 w.site1region2.1276.2 7/3/4 L:[EF8,430,658             ] F:[880,CD0,208,AA8         ]
profile100sync site1-region2-stratum-adm-40 w.site1region2.1276.3 7/4/3 L:[432,CD2,882,AAA         ] F:[EFA,20A,65A             ]
profile100sync site1-region2-stratum-adm-40 w.site1region2.1276.4 7/4/3 L:[65C,434,20C,AAC         ] F:[EFC,CD4,884             ]
profile100sync site1-region2-stratum-adm-40 w.site1region2.1276.5 7/3/4 L:[436,20E,AAE             ] F:[EFE,65E,886,CD6         ]
profile100sync site1-region2-stratum-adm-35 w.site1region2.1278.0 8/4/4 L:[CD8,888,F70,438         ] F:[660,210,AB0,F00         ]
profile100sync site1-region2-stratum-adm-35 w.site1region2.1278.1 8/4/4 L:[FCC,CDA,AB2,88A         ] F:[212,F02,662,43A         ]
profile100sync site1-region2-stratum-adm-35 w.site1region2.1278.2 7/3/4 L:[CDC,664,43C             ] F:[214,AB4,F04,88C         ]
profile100sync site1-region2-stratum-adm-35 w.site1region2.1278.3 7/4/3 L:[216,AB6,F06,43E         ] F:[CDE,666,88E             ]
profile100sync site1-region2-stratum-adm-35 w.site1region2.1278.4 7/4/3 L:[440,CE0,218,F08         ] F:[890,668,AB8             ]
profile100sync site1-region2-stratum-adm-35 w.site1region2.1278.5 7/4/3 L:[892,21A,66A,ABA         ] F:[442,CE2,F0A             ]
profile100sync site1-region2-stratum-adm-19 w.site1region2.1279.0 8/4/4 L:[F0C,21C,894,66C         ] F:[ABC,F72,444,CE4         ]
profile100sync site1-region2-stratum-adm-19 w.site1region2.1279.1 8/4/4 L:[F0E,66E,CE6,21E         ] F:[FCE,896,446,ABE         ]
profile100sync site1-region2-stratum-adm-19 w.site1region2.1279.2 7/3/4 L:[CE8,AC0,898             ] F:[220,F10,448,670         ]
profile100sync site1-region2-stratum-adm-19 w.site1region2.1279.3 7/4/3 L:[672,222,44A,F12         ] F:[AC2,CEA,89A             ]
profile100sync site1-region2-stratum-adm-19 w.site1region2.1279.4 7/3/4 L:[44C,AC4,89C             ] F:[CEC,674,224,F14         ]
profile100sync site1-region2-stratum-adm-19 w.site1region2.1279.5 7/3/4 L:[44E,AC6,F16             ] F:[CEE,676,226,89E         ]
profile100sync site1-region1-stratum-adm-41 w.site1region1.1281.0 8/4/4 L:[EDC,CB4,F6A,1EC         ] F:[864,414,A8C,63C         ]
profile100sync site1-region1-stratum-adm-41 w.site1region1.1281.1 8/4/4 L:[416,A8E,1EE,CB6         ] F:[866,EDE,FC6,63E         ]
profile100sync site1-region1-stratum-adm-41 w.site1region1.1281.2 7/4/3 L:[1F0,CB8,EE0,868         ] F:[640,A90,418             ]
profile100sync site1-region1-stratum-adm-41 w.site1region1.1281.3 7/3/4 L:[CBA,A92,86A             ] F:[642,41A,1F2,EE2         ]
profile100sync site1-region1-stratum-adm-41 w.site1region1.1281.4 7/4/3 L:[CBC,A94,86C,41C         ] F:[644,1F4,EE4             ]
profile100sync site1-region1-stratum-adm-41 w.site1region1.1281.5 7/4/3 L:[CBE,A96,1F6,EE6         ] F:[646,41E,86E             ]
profile100sync site1-region1-stratum-adm-43 w.site1region1.1282.0 8/4/4 L:[870,1F8,648,A98         ] F:[F6C,EE8,420,CC0         ]
profile100sync site1-region1-stratum-adm-43 w.site1region1.1282.1 8/4/4 L:[A9A,872,CC2,FC8         ] F:[EEA,422,1FA,64A         ]
profile100sync site1-region1-stratum-adm-43 w.site1region1.1282.2 7/3/4 L:[874,424,64C             ] F:[EEC,1FC,CC4,A9C         ]
profile100sync site1-region1-stratum-adm-43 w.site1region1.1282.3 7/3/4 L:[876,CC6,A9E             ] F:[EEE,426,64E,1FE         ]
profile100sync site1-region1-stratum-adm-43 w.site1region1.1282.4 7/4/3 L:[CC8,650,AA0,EF0         ] F:[200,428,878             ]
profile100sync site1-region1-stratum-adm-43 w.site1region1.1282.5 7/4/3 L:[CCA,AA2,EF2,87A         ] F:[652,42A,202             ]
profile100sync site1-region1-stratum-adm-45 w.site1region1.1283.0 8/4/4 L:[F6E,42C,654,EF4         ] F:[AA4,204,CCC,87C         ]
profile100sync site1-region1-stratum-adm-45 w.site1region1.1283.1 8/4/4 L:[CCE,206,AA6,42E         ] F:[656,87E,EF6,FCA         ]
profile100sync site1-region1-stratum-adm-45 w.site1region1.1283.2 7/4/3 L:[880,CD0,208,AA8         ] F:[EF8,430,658             ]
profile100sync site1-region1-stratum-adm-45 w.site1region1.1283.3 7/3/4 L:[EFA,20A,65A             ] F:[432,CD2,882,AAA         ]
profile100sync site1-region1-stratum-adm-45 w.site1region1.1283.4 7/3/4 L:[EFC,CD4,884             ] F:[65C,434,20C,AAC         ]
profile100sync site1-region1-stratum-adm-45 w.site1region1.1283.5 7/4/3 L:[EFE,65E,886,CD6         ] F:[436,20E,AAE             ]
profile100sync site1-region1-stratum-adm-42 w.site1region1.1284.0 8/4/4 L:[660,210,AB0,F00         ] F:[CD8,888,F70,438         ]
profile100sync site1-region1-stratum-adm-42 w.site1region1.1284.1 8/4/4 L:[212,F02,662,43A         ] F:[FCC,CDA,AB2,88A         ]
profile100sync site1-region1-stratum-adm-42 w.site1region1.1284.2 7/4/3 L:[214,AB4,F04,88C         ] F:[CDC,664,43C             ]
profile100sync site1-region1-stratum-adm-42 w.site1region1.1284.3 7/3/4 L:[CDE,666,88E             ] F:[216,AB6,F06,43E         ]
profile100sync site1-region1-stratum-adm-42 w.site1region1.1284.4 7/3/4 L:[890,668,AB8             ] F:[440,CE0,218,F08         ]
profile100sync site1-region1-stratum-adm-42 w.site1region1.1284.5 7/3/4 L:[442,CE2,F0A             ] F:[892,21A,66A,ABA         ]
profile100sync site1-region1-stratum-adm-44 w.site1region1.1285.0 8/4/4 L:[ABC,F72,444,CE4         ] F:[F0C,21C,894,66C         ]
profile100sync site1-region1-stratum-adm-44 w.site1region1.1285.1 8/4/4 L:[FCE,896,446,ABE         ] F:[F0E,66E,CE6,21E         ]
profile100sync site1-region1-stratum-adm-44 w.site1region1.1285.2 7/4/3 L:[220,F10,448,670         ] F:[CE8,AC0,898             ]
profile100sync site1-region1-stratum-adm-44 w.site1region1.1285.3 7/3/4 L:[AC2,CEA,89A             ] F:[672,222,44A,F12         ]
profile100sync site1-region1-stratum-adm-44 w.site1region1.1285.4 7/4/3 L:[CEC,674,224,F14         ] F:[44C,AC4,89C             ]
profile100sync site1-region1-stratum-adm-44 w.site1region1.1285.5 7/4/3 L:[CEE,676,226,89E         ] F:[44E,AC6,F16             ]
